<?xml version="1.0" encoding="UTF-8" ?>
<testsuite tests="4" failures="0" name="com.glsx.oms.fcwechat.user.test.UserClientTest" time="8.448" errors="4" skipped="0">
  <properties>
    <property name="java.runtime.name" value="Java(TM) SE Runtime Environment"/>
    <property name="sun.boot.library.path" value="D:\Program Files\Java\jdk1.8.0_91\jre\bin"/>
    <property name="java.vm.version" value="25.91-b15"/>
    <property name="java.vm.vendor" value="Oracle Corporation"/>
    <property name="maven.multiModuleProjectDirectory" value="F:\eclipseWork\glsx-oms\oms-fcwechat"/>
    <property name="java.vendor.url" value="http://java.oracle.com/"/>
    <property name="path.separator" value=";"/>
    <property name="guice.disable.misplaced.annotation.check" value="true"/>
    <property name="java.vm.name" value="Java HotSpot(TM) 64-Bit Server VM"/>
    <property name="file.encoding.pkg" value="sun.io"/>
    <property name="user.script" value=""/>
    <property name="user.country" value="CN"/>
    <property name="sun.java.launcher" value="SUN_STANDARD"/>
    <property name="sun.os.patch.level" value="Service Pack 1"/>
    <property name="java.vm.specification.name" value="Java Virtual Machine Specification"/>
    <property name="user.dir" value="F:\eclipseWork\glsx-oms\oms-fcwechat"/>
    <property name="java.runtime.version" value="1.8.0_91-b15"/>
    <property name="java.awt.graphicsenv" value="sun.awt.Win32GraphicsEnvironment"/>
    <property name="java.endorsed.dirs" value="D:\Program Files\Java\jdk1.8.0_91\jre\lib\endorsed"/>
    <property name="os.arch" value="amd64"/>
    <property name="java.io.tmpdir" value="C:\Users\ADMINI~1\AppData\Local\Temp\"/>
    <property name="line.separator" value="
"/>
    <property name="java.vm.specification.vendor" value="Oracle Corporation"/>
    <property name="user.variant" value=""/>
    <property name="os.name" value="Windows 7"/>
    <property name="classworlds.conf" value="F:\eclipseWork\glsx-oms\.metadata\.plugins\org.eclipse.m2e.launching\launches\m2conf7479455815708392898.tmp"/>
    <property name="sun.jnu.encoding" value="GBK"/>
    <property name="java.library.path" value="D:\Program Files\Java\jdk1.8.0_91\bin;C:\windows\Sun\Java\bin;C:\windows\system32;C:\windows;D:\Program Files\Java\jdk1.8.0_91\jre\bin;C:/Program Files/Java/jre1.8.0_171/bin/server;C:/Program Files/Java/jre1.8.0_171/bin;C:/Program Files/Java/jre1.8.0_171/lib/amd64;D:\Program Files\Python37\Scripts\;D:\Program Files\Python37\;C:\Program Files (x86)\Common Files\Oracle\Java\javapath;C:\ProgramData\Oracle\Java\javapath;C:\Program Files\VanDyke Software\Clients\;C:\Program Files (x86)\Common Files\NetSarang;C:\windows\system32;C:\windows;C:\windows\System32\Wbem;C:\windows\System32\WindowsPowerShell\v1.0\;D:\Program Files\TortoiseSVN\bin;C:\strawberry\c\bin;C:\strawberry\perl\bin;C:\Python27;C:\Program Files\Java\jdk1.8.0_91\bin;C:\Program Files\Java\jdk1.8.0_91\jre/bin;C:\Program Files\MySQL\MySQL Server 5.5\bin;E:\kafka\zookeeper-3.3.6\zookeeper-3.3.6\bin\bin;C:\windows\system32;D:\java\java\apache-maven-3.1.1\bin;D:\Program Files\Jboss\jboss-as-7.1.1.Final\bin;D:\java\java\eclipse-jee-mars;;."/>
    <property name="java.specification.name" value="Java Platform API Specification"/>
    <property name="java.class.version" value="52.0"/>
    <property name="sun.management.compiler" value="HotSpot 64-Bit Tiered Compilers"/>
    <property name="os.version" value="6.1"/>
    <property name="user.home" value="C:\Users\Administrator"/>
    <property name="user.timezone" value="Asia/Shanghai"/>
    <property name="java.awt.printerjob" value="sun.awt.windows.WPrinterJob"/>
    <property name="java.specification.version" value="1.8"/>
    <property name="file.encoding" value="UTF-8"/>
    <property name="user.name" value="Administrator"/>
    <property name="java.class.path" value="/D:/java/java/eclipse-jee-mars/plugins/org.eclipse.m2e.maven.runtime_1.6.2.20150902-0001/jars/plexus-classworlds-2.5.2.jar"/>
    <property name="java.vm.specification.version" value="1.8"/>
    <property name="sun.arch.data.model" value="64"/>
    <property name="java.home" value="D:\Program Files\Java\jdk1.8.0_91\jre"/>
    <property name="sun.java.command" value="org.codehaus.plexus.classworlds.launcher.Launcher -B -s D:\java\java\apache-maven-3.1.1\conf\settings.xml install"/>
    <property name="java.specification.vendor" value="Oracle Corporation"/>
    <property name="user.language" value="zh"/>
    <property name="awt.toolkit" value="sun.awt.windows.WToolkit"/>
    <property name="java.vm.info" value="mixed mode"/>
    <property name="java.version" value="1.8.0_91"/>
    <property name="java.ext.dirs" value="D:\Program Files\Java\jdk1.8.0_91\jre\lib\ext;C:\windows\Sun\Java\lib\ext"/>
    <property name="sun.boot.class.path" value="D:\Program Files\Java\jdk1.8.0_91\jre\lib\resources.jar;D:\Program Files\Java\jdk1.8.0_91\jre\lib\rt.jar;D:\Program Files\Java\jdk1.8.0_91\jre\lib\sunrsasign.jar;D:\Program Files\Java\jdk1.8.0_91\jre\lib\jsse.jar;D:\Program Files\Java\jdk1.8.0_91\jre\lib\jce.jar;D:\Program Files\Java\jdk1.8.0_91\jre\lib\charsets.jar;D:\Program Files\Java\jdk1.8.0_91\jre\lib\jfr.jar;D:\Program Files\Java\jdk1.8.0_91\jre\classes"/>
    <property name="java.vendor" value="Oracle Corporation"/>
    <property name="maven.home" value="F:\eclipseWork\glsx-oms\oms-fcwechat\EMBEDDED"/>
    <property name="file.separator" value="\"/>
    <property name="java.vendor.url.bug" value="http://bugreport.sun.com/bugreport/"/>
    <property name="sun.cpu.endian" value="little"/>
    <property name="sun.io.unicode.encoding" value="UnicodeLittle"/>
    <property name="sun.desktop" value="windows"/>
    <property name="sun.cpu.isalist" value="amd64"/>
  </properties>
  <testcase classname="com.glsx.oms.fcwechat.user.test.UserClientTest" name="testGet" time="2.358">
    <error message="I/O error on GET request for &quot;http://localhost:8888/fcwechat/wechat/user/9999999&quot;: Connect to localhost:8888 [localhost/127.0.0.1, localhost/0:0:0:0:0:0:0:1] failed: Connection refused: connect; nested exception is org.apache.http.conn.HttpHostConnectException: Connect to localhost:8888 [localhost/127.0.0.1, localhost/0:0:0:0:0:0:0:1] failed: Connection refused: connect" type="org.springframework.web.client.ResourceAccessException">org.springframework.web.client.ResourceAccessException: I/O error on GET request for &quot;http://localhost:8888/fcwechat/wechat/user/9999999&quot;: Connect to localhost:8888 [localhost/127.0.0.1, localhost/0:0:0:0:0:0:0:1] failed: Connection refused: connect; nested exception is org.apache.http.conn.HttpHostConnectException: Connect to localhost:8888 [localhost/127.0.0.1, localhost/0:0:0:0:0:0:0:1] failed: Connection refused: connect
	at org.springframework.web.client.RestTemplate.doExecute(RestTemplate.java:666)
	at org.springframework.web.client.RestTemplate.execute(RestTemplate.java:613)
	at org.springframework.web.client.RestTemplate.getForEntity(RestTemplate.java:312)
	at com.glsx.oms.fcwechat.user.rest.UserClient.get(UserClient.java:27)
	at com.glsx.oms.fcwechat.user.test.UserClientTest.testGet(UserClientTest.java:30)
	at sun.reflect.NativeMethodAccessorImpl.invoke0(Native Method)
	at sun.reflect.NativeMethodAccessorImpl.invoke(NativeMethodAccessorImpl.java:62)
	at sun.reflect.DelegatingMethodAccessorImpl.invoke(DelegatingMethodAccessorImpl.java:43)
	at java.lang.reflect.Method.invoke(Method.java:498)
	at org.junit.runners.model.FrameworkMethod$1.runReflectiveCall(FrameworkMethod.java:50)
	at org.junit.internal.runners.model.ReflectiveCallable.run(ReflectiveCallable.java:12)
	at org.junit.runners.model.FrameworkMethod.invokeExplosively(FrameworkMethod.java:47)
	at org.junit.internal.runners.statements.InvokeMethod.evaluate(InvokeMethod.java:17)
	at org.springframework.test.context.junit4.statements.RunBeforeTestMethodCallbacks.evaluate(RunBeforeTestMethodCallbacks.java:75)
	at org.springframework.test.context.junit4.statements.RunAfterTestMethodCallbacks.evaluate(RunAfterTestMethodCallbacks.java:86)
	at org.springframework.test.context.junit4.statements.SpringRepeat.evaluate(SpringRepeat.java:84)
	at org.junit.runners.ParentRunner.runLeaf(ParentRunner.java:325)
	at org.springframework.test.context.junit4.SpringJUnit4ClassRunner.runChild(SpringJUnit4ClassRunner.java:252)
	at org.springframework.test.context.junit4.SpringJUnit4ClassRunner.runChild(SpringJUnit4ClassRunner.java:94)
	at org.junit.runners.ParentRunner$3.run(ParentRunner.java:290)
	at org.junit.runners.ParentRunner$1.schedule(ParentRunner.java:71)
	at org.junit.runners.ParentRunner.runChildren(ParentRunner.java:288)
	at org.junit.runners.ParentRunner.access$000(ParentRunner.java:58)
	at org.junit.runners.ParentRunner$2.evaluate(ParentRunner.java:268)
	at org.springframework.test.context.junit4.statements.RunBeforeTestClassCallbacks.evaluate(RunBeforeTestClassCallbacks.java:61)
	at org.springframework.test.context.junit4.statements.RunAfterTestClassCallbacks.evaluate(RunAfterTestClassCallbacks.java:70)
	at org.junit.runners.ParentRunner.run(ParentRunner.java:363)
	at org.springframework.test.context.junit4.SpringJUnit4ClassRunner.run(SpringJUnit4ClassRunner.java:191)
	at org.apache.maven.surefire.junit4.JUnit4Provider.execute(JUnit4Provider.java:252)
	at org.apache.maven.surefire.junit4.JUnit4Provider.executeTestSet(JUnit4Provider.java:141)
	at org.apache.maven.surefire.junit4.JUnit4Provider.invoke(JUnit4Provider.java:112)
	at sun.reflect.NativeMethodAccessorImpl.invoke0(Native Method)
	at sun.reflect.NativeMethodAccessorImpl.invoke(NativeMethodAccessorImpl.java:62)
	at sun.reflect.DelegatingMethodAccessorImpl.invoke(DelegatingMethodAccessorImpl.java:43)
	at java.lang.reflect.Method.invoke(Method.java:498)
	at org.apache.maven.surefire.util.ReflectionUtils.invokeMethodWithArray(ReflectionUtils.java:189)
	at org.apache.maven.surefire.booter.ProviderFactory$ProviderProxy.invoke(ProviderFactory.java:165)
	at org.apache.maven.surefire.booter.ProviderFactory.invokeProvider(ProviderFactory.java:85)
	at org.apache.maven.surefire.booter.ForkedBooter.runSuitesInProcess(ForkedBooter.java:115)
	at org.apache.maven.surefire.booter.ForkedBooter.main(ForkedBooter.java:75)
Caused by: org.apache.http.conn.HttpHostConnectException: Connect to localhost:8888 [localhost/127.0.0.1, localhost/0:0:0:0:0:0:0:1] failed: Connection refused: connect
	at org.apache.http.impl.conn.HttpClientConnectionOperator.connect(HttpClientConnectionOperator.java:142)
	at org.apache.http.impl.conn.PoolingHttpClientConnectionManager.connect(PoolingHttpClientConnectionManager.java:319)
	at org.apache.http.impl.execchain.MainClientExec.establishRoute(MainClientExec.java:363)
	at org.apache.http.impl.execchain.MainClientExec.execute(MainClientExec.java:219)
	at org.apache.http.impl.execchain.ProtocolExec.execute(ProtocolExec.java:195)
	at org.apache.http.impl.execchain.RetryExec.execute(RetryExec.java:86)
	at org.apache.http.impl.execchain.RedirectExec.execute(RedirectExec.java:108)
	at org.apache.http.impl.client.InternalHttpClient.doExecute(InternalHttpClient.java:184)
	at org.apache.http.impl.client.CloseableHttpClient.execute(CloseableHttpClient.java:82)
	at org.apache.http.impl.client.CloseableHttpClient.execute(CloseableHttpClient.java:57)
	at org.springframework.http.client.HttpComponentsClientHttpRequest.executeInternal(HttpComponentsClientHttpRequest.java:89)
	at org.springframework.http.client.AbstractBufferingClientHttpRequest.executeInternal(AbstractBufferingClientHttpRequest.java:48)
	at org.springframework.http.client.AbstractClientHttpRequest.execute(AbstractClientHttpRequest.java:53)
	at org.springframework.web.client.RestTemplate.doExecute(RestTemplate.java:652)
	... 39 more
Caused by: java.net.ConnectException: Connection refused: connect
	at java.net.DualStackPlainSocketImpl.connect0(Native Method)
	at java.net.DualStackPlainSocketImpl.socketConnect(DualStackPlainSocketImpl.java:79)
	at java.net.AbstractPlainSocketImpl.doConnect(AbstractPlainSocketImpl.java:350)
	at java.net.AbstractPlainSocketImpl.connectToAddress(AbstractPlainSocketImpl.java:206)
	at java.net.AbstractPlainSocketImpl.connect(AbstractPlainSocketImpl.java:188)
	at java.net.PlainSocketImpl.connect(PlainSocketImpl.java:172)
	at java.net.SocksSocketImpl.connect(SocksSocketImpl.java:392)
	at java.net.Socket.connect(Socket.java:589)
	at org.apache.http.conn.socket.PlainConnectionSocketFactory.connectSocket(PlainConnectionSocketFactory.java:72)
	at org.apache.http.impl.conn.HttpClientConnectionOperator.connect(HttpClientConnectionOperator.java:125)
	... 52 more
</error>
    <system-out>16:30:42,330 |-INFO in ch.qos.logback.classic.LoggerContext[oms-fcwechat] - Could NOT find resource [logback.groovy]
16:30:42,331 |-INFO in ch.qos.logback.classic.LoggerContext[oms-fcwechat] - Could NOT find resource [logback-test.xml]
16:30:42,331 |-INFO in ch.qos.logback.classic.LoggerContext[oms-fcwechat] - Found resource [logback.xml] at [file:/F:/eclipseWork/glsx-oms/oms-fcwechat/target/classes/logback.xml]
16:30:42,382 |-INFO in ch.qos.logback.classic.joran.action.ConfigurationAction - debug attribute not set
16:30:42,386 |-INFO in ch.qos.logback.classic.joran.action.ConfigurationAction - Will scan for changes in [file:/F:/eclipseWork/glsx-oms/oms-fcwechat/target/classes/logback.xml] 
16:30:42,386 |-INFO in ch.qos.logback.classic.joran.action.ConfigurationAction - Setting ReconfigureOnChangeTask scanning period to 1 minutes
16:30:42,391 |-INFO in ch.qos.logback.classic.joran.action.ContextNameAction - Setting logger context name as [oms-fcwechat]
16:30:42,405 |-INFO in ch.qos.logback.core.joran.action.AppenderAction - About to instantiate appender of type [ch.qos.logback.core.ConsoleAppender]
16:30:42,407 |-INFO in ch.qos.logback.core.joran.action.AppenderAction - Naming appender as [STDOUT]
16:30:42,443 |-WARN in ch.qos.logback.core.ConsoleAppender[STDOUT] - This appender no longer admits a layout as a sub-component, set an encoder instead.
16:30:42,443 |-WARN in ch.qos.logback.core.ConsoleAppender[STDOUT] - To ensure compatibility, wrapping your layout in LayoutWrappingEncoder.
16:30:42,443 |-WARN in ch.qos.logback.core.ConsoleAppender[STDOUT] - See also http://logback.qos.ch/codes.html#layoutInsteadOfEncoder for details
16:30:42,443 |-INFO in ch.qos.logback.core.joran.action.AppenderAction - About to instantiate appender of type [ch.qos.logback.core.rolling.RollingFileAppender]
16:30:42,445 |-INFO in ch.qos.logback.core.joran.action.AppenderAction - Naming appender as [FILE]
16:30:42,458 |-INFO in c.q.l.core.rolling.SizeAndTimeBasedRollingPolicy@1497845528 - Archive files will be limited to [200 MB] each.
16:30:42,460 |-INFO in c.q.l.core.rolling.SizeAndTimeBasedRollingPolicy@1497845528 - No compression will be used
16:30:42,462 |-INFO in c.q.l.core.rolling.SizeAndTimeBasedRollingPolicy@1497845528 - Will use the pattern /log/oms/oms-fcwechat/oms-fcwechat.log.%d{yyyy-MM-dd}.%i for the active file
16:30:42,466 |-INFO in ch.qos.logback.core.rolling.SizeAndTimeBasedFNATP@65fb9ffc - The date pattern is &apos;yyyy-MM-dd&apos; from file name pattern &apos;/log/oms/oms-fcwechat/oms-fcwechat.log.%d{yyyy-MM-dd}.%i&apos;.
16:30:42,466 |-INFO in ch.qos.logback.core.rolling.SizeAndTimeBasedFNATP@65fb9ffc - Roll-over at midnight.
16:30:42,473 |-INFO in ch.qos.logback.core.rolling.SizeAndTimeBasedFNATP@65fb9ffc - Setting initial period to Sat Apr 21 16:29:27 CST 2018
16:30:42,476 |-WARN in ch.qos.logback.core.rolling.RollingFileAppender[FILE] - This appender no longer admits a layout as a sub-component, set an encoder instead.
16:30:42,476 |-WARN in ch.qos.logback.core.rolling.RollingFileAppender[FILE] - To ensure compatibility, wrapping your layout in LayoutWrappingEncoder.
16:30:42,476 |-WARN in ch.qos.logback.core.rolling.RollingFileAppender[FILE] - See also http://logback.qos.ch/codes.html#layoutInsteadOfEncoder for details
16:30:42,478 |-INFO in ch.qos.logback.core.rolling.RollingFileAppender[FILE] - Active log file name: /log/oms/oms-fcwechat/oms-fcwechat.log
16:30:42,478 |-INFO in ch.qos.logback.core.rolling.RollingFileAppender[FILE] - File property is set to [/log/oms/oms-fcwechat/oms-fcwechat.log]
16:30:42,480 |-INFO in ch.qos.logback.classic.joran.action.RootLoggerAction - Setting level of ROOT logger to INFO
16:30:42,480 |-INFO in ch.qos.logback.core.joran.action.AppenderRefAction - Attaching appender named [STDOUT] to Logger[ROOT]
16:30:42,480 |-INFO in ch.qos.logback.core.joran.action.AppenderRefAction - Attaching appender named [FILE] to Logger[ROOT]
16:30:42,480 |-INFO in ch.qos.logback.classic.joran.action.ConfigurationAction - End of configuration.
16:30:42,481 |-INFO in ch.qos.logback.classic.joran.JoranConfigurator@3e694b3f - Registering current configuration as safe fallback point

2018-04-21 16:30:42.584 [oms-fcwechat] [main] INFO  o.s.b.t.c.SpringBootTestContextBootstrapper - Neither @ContextConfiguration nor @ContextHierarchy found for test class [com.glsx.oms.fcwechat.user.test.UserClientTest], using SpringBootContextLoader
2018-04-21 16:30:42.594 [oms-fcwechat] [main] INFO  o.s.t.c.s.AbstractContextLoader - Could not detect default resource locations for test class [com.glsx.oms.fcwechat.user.test.UserClientTest]: no resource found for suffixes {-context.xml, Context.groovy}.
2018-04-21 16:30:42.727 [oms-fcwechat] [main] INFO  o.s.b.t.c.SpringBootTestContextBootstrapper - Loaded default TestExecutionListener class names from location [META-INF/spring.factories]: [org.springframework.test.context.web.ServletTestExecutionListener, org.springframework.test.context.support.DirtiesContextBeforeModesTestExecutionListener, org.springframework.test.context.support.DependencyInjectionTestExecutionListener, org.springframework.test.context.support.DirtiesContextTestExecutionListener, org.springframework.test.context.transaction.TransactionalTestExecutionListener, org.springframework.test.context.jdbc.SqlScriptsTestExecutionListener, org.springframework.boot.test.mock.mockito.MockitoTestExecutionListener, org.springframework.boot.test.mock.mockito.ResetMocksTestExecutionListener, org.springframework.boot.test.autoconfigure.restdocs.RestDocsTestExecutionListener, org.springframework.boot.test.autoconfigure.web.client.MockRestServiceServerResetTestExecutionListener, org.springframework.boot.test.autoconfigure.web.servlet.MockMvcPrintOnlyOnFailureTestExecutionListener, org.springframework.boot.test.autoconfigure.web.servlet.WebDriverTestExecutionListener]
2018-04-21 16:30:42.766 [oms-fcwechat] [main] INFO  o.s.b.t.c.SpringBootTestContextBootstrapper - Using TestExecutionListeners: [org.springframework.test.context.web.ServletTestExecutionListener@2dc54ad4, org.springframework.test.context.support.DirtiesContextBeforeModesTestExecutionListener@4659191b, org.springframework.boot.test.autoconfigure.SpringBootDependencyInjectionTestExecutionListener@55634720, org.springframework.test.context.support.DirtiesContextTestExecutionListener@4b0d79fc, org.springframework.test.context.transaction.TransactionalTestExecutionListener@4c1909a3, org.springframework.test.context.jdbc.SqlScriptsTestExecutionListener@428640fa, org.springframework.boot.test.autoconfigure.web.servlet.WebDriverTestExecutionListener@d9345cd, org.springframework.boot.test.autoconfigure.web.servlet.MockMvcPrintOnlyOnFailureTestExecutionListener@2d710f1a, org.springframework.boot.test.mock.mockito.ResetMocksTestExecutionListener@29215f06, org.springframework.boot.test.autoconfigure.restdocs.RestDocsTestExecutionListener@59505b48, org.springframework.boot.test.autoconfigure.web.client.MockRestServiceServerResetTestExecutionListener@4efac082, org.springframework.boot.test.mock.mockito.MockitoTestExecutionListener@6bd61f98]
2018-04-21 16:30:43.278 [oms-fcwechat] [main] INFO  o.o.b.a.diamond.config.DiamondConfig - dataId oms-fcwechat-dev config info: 
#static files
static.resource=http://192.168.3.238:18275/static

#dubbo config
ore.dubbo.application.name=consumer
ore.dubbo.application.owner=ore
ore.dubbo.registry.address=zookeeper://192.168.3.206:2181
ore.dubbo.registry.timeout=30000
ore.dubbo.scan=com.glsx.oms.fcwechat.biz,org.oreframework.boot.sample.wechat.test.flow.flowcard.test

#druid default config
ore.druid.url=jdbc:mysql://14.17.103.20:3306/flowplat?useUnicode=true&amp;characterEncoding=utf-8&amp;zeroDateTimeBehavior=convertToNull
ore.druid.driver-class=com.mysql.jdbc.Driver
ore.druid.username=root
ore.druid.password=Msd^*$@online
ore.druid.initial-size=1
ore.druid.min-idle=1
ore.druid.max-active=20
ore.druid.test-on-borrow=true

mybatis.type-aliases-package=com.glsx.oms.fcopen
mybatis.mapper-locations=classpath:/com/glsx/oms/fcopen/*/**.xml
mapper.mappers=org.oreframework.datasource.mybatis.mapper.OreMapper
mapper.not-empty=false
mapper.identity=MYSQL

#��������ƽ̨�ӿ�����
flowCard.appid=19180009
flowCard.appsecret=abcdef
flowCard.url=http://192.168.0.54:41001/openApi
flowCard.imgUrl=http://183.62.222.182:8525/v1/tfscom

#�ϴ�ͼƬ��С
spring.http.multipart.max-file-size=50MB
spring.http.multipart.max-request-size=50MB

#΢����������
wxtools.wx.appId=wx4a3fe8eba7ab8bd5
wxtools.wx.appSecret=9ec769841a4a1145290083355224fd2a
wxtools.wx.token=glsx_devwechat
wxtools.wx.aesKey=PL1w71bUqiqABSbsNOWGRs6AGNMrtIBCpeC2tmgLVDE
wxtools.wx.templateId=KxWj081_Ks6xnxU2UG3W1m0BdvDcbOneda94p6UpZU4
WxMsgtools.wx.first=����,���ύ��ʵ����֤����ˣ�
WxMsgtools.wx.remark=�뼰ʱȷ�����֪ͨ��

#֧���̻�
wechat.pay.appId=wx1cf40dc91c28a7fd
wechat.pay.mchId=1230909502
wechat.pay.notifyUrl=http://devwx.glsx.com.cn/fcwechat/api/payNotify
wechat.pay.paternerKey=7eb0b8a6b5d2942d4bb485e2a44a5eb6
#����ʹ��
#wechat.pay.openId=oslKftyEN4gKX9EDbSD4CdpYbexQ
wechat.pay.openId=oslKft3jl7YMo_0cdtbXcQF7mfxw
wechat.pay.price=1

#rop annotation-driven config
ore.rop.annotation-driven.thread-ferry-class=
ore.rop.annotation-driven.sign-enable=true
ore.rop.annotation-driven.ext-error-base-name=i18n/rop/sampleRopError
ore.rop.annotation-driven.core-pool-size=200
ore.rop.annotation-driven.max-pool-size=500
ore.rop.annotation-driven.keep-alive-seconds=300
ore.rop.annotation-driven.queue-capacity=50
ore.rop.annotation-driven.service-timeout-seconds=120
ore.rop.annotation-driven.upload-file-max-size=9999999
ore.rop.annotation-driven.upload-file-types=png,gif,jpg

ore.rop.annotation-driven.formatting-conversion-service=
#ore.rop.annotation-driven.session-manager=
ore.rop.annotation-driven.app-secret-manager=
ore.rop.annotation-driven.service-access-controller=
ore.rop.annotation-driven.invoke-times-controller=

#rop config
#pair: app_key=secret,client:sign = &quot;c24619ed7fef02a0ae16328146bca5f97cc6493957a2137b&quot;
48e5e13229b82c1b4e6e8c96151f0637=c24619ed7fef02a0ae16328146bca5f97cc6493957a2137b

#rop sysparams config
ore.rop.sysparams.appkey-param-name=appKey
ore.rop.sysparams.sessionid-param-name=sessionId
ore.rop.sysparams.method-param-name=method
ore.rop.sysparams.version-param-name=v
ore.rop.sysparams.format-param-name=messageFormat
#ore.rop.sysparams.locale-param-name=
ore.rop.sysparams.sign-param-name=sign
#ore.rop.sysparams.jsonp-param-name=
2018-04-21 16:30:43.374 [oms-fcwechat] [main] INFO  o.o.b.a.diamond.config.DiamondConfig - dataId null-null config info: 
null
2018-04-21 16:30:43.383 [oms-fcwechat] [main] INFO  o.o.b.a.diamond.config.DiamondConfig - localhost config info: 

2018-04-21 16:30:43.561 [oms-fcwechat] [main] ERROR o.s.b.l.LoggingApplicationListener - Cannot set level: INFO         for &apos;com.glsx.oms.fcwechat&apos;
   ____  __  __  _____   ____              _     ______                                           _    
  / __ \|  \/  |/ ____| |  _ \            | |   |  ____|                                         | |   
 | |  | | \  / | (___   | |_) | ___   ___ | |_  | |__ _ __ __ _ _ __ ___   _____      _____  _ __| | __
 | |  | | |\/| |\___ \  |  _ &lt; / _ \ / _ \| __| |  __| &apos;__/ _` | &apos;_ ` _ \ / _ \ \ /\ / / _ \| &apos;__| |/ /
 | |__| | |  | |____) | | |_) | (_) | (_) | |_  | |  | | | (_| | | | | | |  __/\ V  V / (_) | |  |   &lt; 
  \____/|_|  |_|_____/  |____/ \___/ \___/ \__| |_|  |_|  \__,_|_| |_| |_|\___| \_/\_/ \___/|_|  |_|\_\
                                                                                                       
2018-04-21 16:30:43.840 [oms-fcwechat] [main] INFO  o.o.b.a.d.c.DubboConfigurationApplicationContextInitializer - dubbo scan package:com.glsx.oms.fcwechat.biz,org.oreframework.boot.sample.wechat.test.flow.flowcard.test
2018-04-21 16:30:43.854 [oms-fcwechat] [main] INFO  c.a.d.common.logger.LoggerFactory - using logger: com.alibaba.dubbo.common.logger.log4j.Log4jLoggerAdapter
2018-04-21 16:30:43.874 [oms-fcwechat] [main] INFO  c.g.o.f.user.test.UserClientTest - Starting UserClientTest on johnny-PC with PID 3000 (started by Administrator in F:\eclipseWork\glsx-oms\oms-fcwechat)
2018-04-21 16:30:43.875 [oms-fcwechat] [main] INFO  c.g.o.f.user.test.UserClientTest - No active profile set, falling back to default profiles: default
2018-04-21 16:30:43.962 [oms-fcwechat] [main] INFO  o.s.w.c.s.GenericWebApplicationContext - Refreshing org.springframework.web.context.support.GenericWebApplicationContext@65a15628: startup date [Sat Apr 21 16:30:43 CST 2018]; root of context hierarchy
2018-04-21 16:30:44.132 [oms-fcwechat] [background-preinit] INFO  o.h.validator.internal.util.Version - HV000001: Hibernate Validator 5.3.4.Final
2018-04-21 16:30:45.634 [oms-fcwechat] [main] WARN  o.m.s.mapper.ClassPathMapperScanner - No MyBatis mapper was found in &apos;[com.glsx.oms.fcwechat, com.glsx.oms]&apos; package. Please check your configuration.
2018-04-21 16:30:45.706 [oms-fcwechat] [main] WARN  o.m.s.mapper.ClassPathMapperScanner - No MyBatis mapper was found in &apos;[com.glsx.oms.fcwechat, com.glsx.oms]&apos; package. Please check your configuration.
2018-04-21 16:30:45.792 [oms-fcwechat] [main] WARN  o.m.s.mapper.ClassPathMapperScanner - Skipping MapperFactoryBean with name &apos;msgLogMapper&apos; and &apos;com.glsx.oms.fcwechat.biz.flowcard.mapper.MsgLogMapper&apos; mapperInterface. Bean already defined with the same name!
2018-04-21 16:30:45.792 [oms-fcwechat] [main] WARN  o.m.s.mapper.ClassPathMapperScanner - Skipping MapperFactoryBean with name &apos;payLogMapper&apos; and &apos;com.glsx.oms.fcwechat.biz.flowcard.mapper.PayLogMapper&apos; mapperInterface. Bean already defined with the same name!
2018-04-21 16:30:45.792 [oms-fcwechat] [main] WARN  o.m.s.mapper.ClassPathMapperScanner - Skipping MapperFactoryBean with name &apos;userMapper&apos; and &apos;com.glsx.oms.fcwechat.biz.wechat.user.mapper.UserMapper&apos; mapperInterface. Bean already defined with the same name!
2018-04-21 16:30:46.673 [oms-fcwechat] [main] INFO  o.s.b.f.a.AutowiredAnnotationBeanPostProcessor - JSR-330 &apos;javax.inject.Inject&apos; annotation found and supported for autowiring
2018-04-21 16:30:46.846 [oms-fcwechat] [main] INFO  o.s.c.s.PostProcessorRegistrationDelegate$BeanPostProcessorChecker - Bean &apos;org.springframework.boot.autoconfigure.validation.ValidationAutoConfiguration&apos; of type [class org.springframework.boot.autoconfigure.validation.ValidationAutoConfiguration] is not eligible for getting processed by all BeanPostProcessors (for example: not eligible for auto-proxying)
2018-04-21 16:30:47.018 [oms-fcwechat] [main] INFO  o.s.c.s.PostProcessorRegistrationDelegate$BeanPostProcessorChecker - Bean &apos;validator&apos; of type [class org.springframework.validation.beanvalidation.LocalValidatorFactoryBean] is not eligible for getting processed by all BeanPostProcessors (for example: not eligible for auto-proxying)
2018-04-21 16:30:47.060 [oms-fcwechat] [main] INFO  o.s.c.s.PostProcessorRegistrationDelegate$BeanPostProcessorChecker - Bean &apos;org.springframework.transaction.annotation.ProxyTransactionManagementConfiguration&apos; of type [class org.springframework.transaction.annotation.ProxyTransactionManagementConfiguration$$EnhancerBySpringCGLIB$$a0960b02] is not eligible for getting processed by all BeanPostProcessors (for example: not eligible for auto-proxying)
2018-04-21 16:30:47.174 [oms-fcwechat] [main] INFO  o.s.c.s.PostProcessorRegistrationDelegate$BeanPostProcessorChecker - Bean &apos;org.springframework.boot.autoconfigure.web.WebClientAutoConfiguration$RestTemplateConfiguration&apos; of type [class org.springframework.boot.autoconfigure.web.WebClientAutoConfiguration$RestTemplateConfiguration$$EnhancerBySpringCGLIB$$a7c58219] is not eligible for getting processed by all BeanPostProcessors (for example: not eligible for auto-proxying)
2018-04-21 16:30:47.221 [oms-fcwechat] [main] INFO  o.s.c.s.PostProcessorRegistrationDelegate$BeanPostProcessorChecker - Bean &apos;spring.http.encoding-org.springframework.boot.autoconfigure.web.HttpEncodingProperties&apos; of type [class org.springframework.boot.autoconfigure.web.HttpEncodingProperties] is not eligible for getting processed by all BeanPostProcessors (for example: not eligible for auto-proxying)
2018-04-21 16:30:47.228 [oms-fcwechat] [main] INFO  o.s.c.s.PostProcessorRegistrationDelegate$BeanPostProcessorChecker - Bean &apos;org.springframework.boot.autoconfigure.web.HttpMessageConvertersAutoConfiguration$StringHttpMessageConverterConfiguration&apos; of type [class org.springframework.boot.autoconfigure.web.HttpMessageConvertersAutoConfiguration$StringHttpMessageConverterConfiguration$$EnhancerBySpringCGLIB$$edc43402] is not eligible for getting processed by all BeanPostProcessors (for example: not eligible for auto-proxying)
2018-04-21 16:30:47.262 [oms-fcwechat] [main] INFO  o.s.c.s.PostProcessorRegistrationDelegate$BeanPostProcessorChecker - Bean &apos;stringHttpMessageConverter&apos; of type [class org.springframework.http.converter.StringHttpMessageConverter] is not eligible for getting processed by all BeanPostProcessors (for example: not eligible for auto-proxying)
2018-04-21 16:30:47.272 [oms-fcwechat] [main] INFO  o.s.c.s.PostProcessorRegistrationDelegate$BeanPostProcessorChecker - Bean &apos;org.springframework.boot.autoconfigure.web.JacksonHttpMessageConvertersConfiguration$MappingJackson2XmlHttpMessageConverterConfiguration&apos; of type [class org.springframework.boot.autoconfigure.web.JacksonHttpMessageConvertersConfiguration$MappingJackson2XmlHttpMessageConverterConfiguration$$EnhancerBySpringCGLIB$$5dccdbff] is not eligible for getting processed by all BeanPostProcessors (for example: not eligible for auto-proxying)
2018-04-21 16:30:47.304 [oms-fcwechat] [main] INFO  o.s.c.s.PostProcessorRegistrationDelegate$BeanPostProcessorChecker - Bean &apos;spring.jackson-org.springframework.boot.autoconfigure.jackson.JacksonProperties&apos; of type [class org.springframework.boot.autoconfigure.jackson.JacksonProperties] is not eligible for getting processed by all BeanPostProcessors (for example: not eligible for auto-proxying)
2018-04-21 16:30:47.313 [oms-fcwechat] [main] INFO  o.s.c.s.PostProcessorRegistrationDelegate$BeanPostProcessorChecker - Bean &apos;org.springframework.boot.autoconfigure.jackson.JacksonAutoConfiguration$Jackson2ObjectMapperBuilderCustomizerConfiguration&apos; of type [class org.springframework.boot.autoconfigure.jackson.JacksonAutoConfiguration$Jackson2ObjectMapperBuilderCustomizerConfiguration$$EnhancerBySpringCGLIB$$698d329b] is not eligible for getting processed by all BeanPostProcessors (for example: not eligible for auto-proxying)
2018-04-21 16:30:47.333 [oms-fcwechat] [main] INFO  o.s.c.s.PostProcessorRegistrationDelegate$BeanPostProcessorChecker - Bean &apos;standardJacksonObjectMapperBuilderCustomizer&apos; of type [class org.springframework.boot.autoconfigure.jackson.JacksonAutoConfiguration$Jackson2ObjectMapperBuilderCustomizerConfiguration$StandardJackson2ObjectMapperBuilderCustomizer] is not eligible for getting processed by all BeanPostProcessors (for example: not eligible for auto-proxying)
2018-04-21 16:30:47.352 [oms-fcwechat] [main] INFO  o.s.c.s.PostProcessorRegistrationDelegate$BeanPostProcessorChecker - Bean &apos;org.springframework.boot.autoconfigure.jackson.JacksonAutoConfiguration$JacksonObjectMapperBuilderConfiguration&apos; of type [class org.springframework.boot.autoconfigure.jackson.JacksonAutoConfiguration$JacksonObjectMapperBuilderConfiguration$$EnhancerBySpringCGLIB$$ae764cac] is not eligible for getting processed by all BeanPostProcessors (for example: not eligible for auto-proxying)
2018-04-21 16:30:47.375 [oms-fcwechat] [main] INFO  o.s.c.s.PostProcessorRegistrationDelegate$BeanPostProcessorChecker - Bean &apos;org.springframework.boot.autoconfigure.jackson.JacksonAutoConfiguration&apos; of type [class org.springframework.boot.autoconfigure.jackson.JacksonAutoConfiguration$$EnhancerBySpringCGLIB$$de352822] is not eligible for getting processed by all BeanPostProcessors (for example: not eligible for auto-proxying)
2018-04-21 16:30:47.414 [oms-fcwechat] [main] INFO  o.s.c.s.PostProcessorRegistrationDelegate$BeanPostProcessorChecker - Bean &apos;jsonComponentModule&apos; of type [class org.springframework.boot.jackson.JsonComponentModule] is not eligible for getting processed by all BeanPostProcessors (for example: not eligible for auto-proxying)
2018-04-21 16:30:47.450 [oms-fcwechat] [main] INFO  o.s.c.s.PostProcessorRegistrationDelegate$BeanPostProcessorChecker - Bean &apos;jacksonObjectMapperBuilder&apos; of type [class org.springframework.http.converter.json.Jackson2ObjectMapperBuilder] is not eligible for getting processed by all BeanPostProcessors (for example: not eligible for auto-proxying)
2018-04-21 16:30:47.511 [oms-fcwechat] [main] INFO  o.s.c.s.PostProcessorRegistrationDelegate$BeanPostProcessorChecker - Bean &apos;mappingJackson2XmlHttpMessageConverter&apos; of type [class org.springframework.http.converter.xml.MappingJackson2XmlHttpMessageConverter] is not eligible for getting processed by all BeanPostProcessors (for example: not eligible for auto-proxying)
2018-04-21 16:30:47.520 [oms-fcwechat] [main] INFO  o.s.c.s.PostProcessorRegistrationDelegate$BeanPostProcessorChecker - Bean &apos;org.springframework.boot.autoconfigure.web.JacksonHttpMessageConvertersConfiguration$MappingJackson2HttpMessageConverterConfiguration&apos; of type [class org.springframework.boot.autoconfigure.web.JacksonHttpMessageConvertersConfiguration$MappingJackson2HttpMessageConverterConfiguration$$EnhancerBySpringCGLIB$$7bd25e02] is not eligible for getting processed by all BeanPostProcessors (for example: not eligible for auto-proxying)
2018-04-21 16:30:47.528 [oms-fcwechat] [main] INFO  o.s.c.s.PostProcessorRegistrationDelegate$BeanPostProcessorChecker - Bean &apos;org.springframework.boot.autoconfigure.jackson.JacksonAutoConfiguration$JacksonObjectMapperConfiguration&apos; of type [class org.springframework.boot.autoconfigure.jackson.JacksonAutoConfiguration$JacksonObjectMapperConfiguration$$EnhancerBySpringCGLIB$$fc298a93] is not eligible for getting processed by all BeanPostProcessors (for example: not eligible for auto-proxying)
2018-04-21 16:30:47.601 [oms-fcwechat] [main] INFO  o.s.c.s.PostProcessorRegistrationDelegate$BeanPostProcessorChecker - Bean &apos;jacksonObjectMapper&apos; of type [class com.fasterxml.jackson.databind.ObjectMapper] is not eligible for getting processed by all BeanPostProcessors (for example: not eligible for auto-proxying)
2018-04-21 16:30:47.632 [oms-fcwechat] [main] INFO  o.s.c.s.PostProcessorRegistrationDelegate$BeanPostProcessorChecker - Bean &apos;mappingJackson2HttpMessageConverter&apos; of type [class org.springframework.http.converter.json.MappingJackson2HttpMessageConverter] is not eligible for getting processed by all BeanPostProcessors (for example: not eligible for auto-proxying)
2018-04-21 16:30:47.643 [oms-fcwechat] [main] INFO  o.s.c.s.PostProcessorRegistrationDelegate$BeanPostProcessorChecker - Bean &apos;org.springframework.boot.autoconfigure.web.HttpMessageConvertersAutoConfiguration&apos; of type [class org.springframework.boot.autoconfigure.web.HttpMessageConvertersAutoConfiguration$$EnhancerBySpringCGLIB$$314e2962] is not eligible for getting processed by all BeanPostProcessors (for example: not eligible for auto-proxying)
2018-04-21 16:30:47.676 [oms-fcwechat] [main] INFO  o.s.c.s.PostProcessorRegistrationDelegate$BeanPostProcessorChecker - Bean &apos;messageConverters&apos; of type [class org.springframework.boot.autoconfigure.web.HttpMessageConverters] is not eligible for getting processed by all BeanPostProcessors (for example: not eligible for auto-proxying)
2018-04-21 16:30:47.690 [oms-fcwechat] [main] INFO  o.s.c.s.PostProcessorRegistrationDelegate$BeanPostProcessorChecker - Bean &apos;restTemplateBuilder&apos; of type [class org.springframework.boot.web.client.RestTemplateBuilder] is not eligible for getting processed by all BeanPostProcessors (for example: not eligible for auto-proxying)
2018-04-21 16:30:47.694 [oms-fcwechat] [main] INFO  o.s.c.s.PostProcessorRegistrationDelegate$BeanPostProcessorChecker - Bean &apos;OMSTestBootStarter&apos; of type [class com.glsx.oms.OMSTestBootStarter$$EnhancerBySpringCGLIB$$9f25512d] is not eligible for getting processed by all BeanPostProcessors (for example: not eligible for auto-proxying)
2018-04-21 16:30:47.951 [oms-fcwechat] [main] INFO  o.s.c.s.PostProcessorRegistrationDelegate$BeanPostProcessorChecker - Bean &apos;restTemplate&apos; of type [class org.springframework.web.client.RestTemplate] is not eligible for getting processed by all BeanPostProcessors (for example: not eligible for auto-proxying)
2018-04-21 16:30:47.954 [oms-fcwechat] [main] INFO  o.s.c.s.PostProcessorRegistrationDelegate$BeanPostProcessorChecker - Bean &apos;userClient&apos; of type [class com.glsx.oms.fcwechat.user.rest.UserClient] is not eligible for getting processed by all BeanPostProcessors (for example: not eligible for auto-proxying)
2018-04-21 16:30:48.132 [oms-fcwechat] [main] INFO  o.s.c.s.PostProcessorRegistrationDelegate$BeanPostProcessorChecker - Bean &apos;staticProperty&apos; of type [class com.glsx.oms.fcwechat.framework.config.StaticProperty$$EnhancerBySpringCGLIB$$64012b8b] is not eligible for getting processed by all BeanPostProcessors (for example: not eligible for auto-proxying)
2018-04-21 16:30:48.554 [oms-fcwechat] [main] INFO  o.s.c.s.PostProcessorRegistrationDelegate$BeanPostProcessorChecker - Bean &apos;ore.dubbo-org.oreframework.boot.autoconfigure.dubbo.metadata.DubboProperty&apos; of type [class org.oreframework.boot.autoconfigure.dubbo.metadata.DubboProperty] is not eligible for getting processed by all BeanPostProcessors (for example: not eligible for auto-proxying)
2018-04-21 16:30:48.555 [oms-fcwechat] [main] INFO  o.s.c.s.PostProcessorRegistrationDelegate$BeanPostProcessorChecker - Bean &apos;org.oreframework.boot.autoconfigure.dubbo.DubboAutoConfiguration&apos; of type [class org.oreframework.boot.autoconfigure.dubbo.DubboAutoConfiguration$$EnhancerBySpringCGLIB$$dc84194b] is not eligible for getting processed by all BeanPostProcessors (for example: not eligible for auto-proxying)
2018-04-21 16:30:48.565 [oms-fcwechat] [main] INFO  o.s.c.s.PostProcessorRegistrationDelegate$BeanPostProcessorChecker - Bean &apos;requestApplicationConfig&apos; of type [class com.alibaba.dubbo.config.ApplicationConfig] is not eligible for getting processed by all BeanPostProcessors (for example: not eligible for auto-proxying)
2018-04-21 16:30:48.570 [oms-fcwechat] [main] INFO  o.s.c.s.PostProcessorRegistrationDelegate$BeanPostProcessorChecker - Bean &apos;requestRegistryConfig&apos; of type [class com.alibaba.dubbo.config.RegistryConfig] is not eligible for getting processed by all BeanPostProcessors (for example: not eligible for auto-proxying)
2018-04-21 16:30:48.702 [oms-fcwechat] [main] INFO  c.a.d.r.zookeeper.ZookeeperRegistry -  [DUBBO] Load registry store file C:\Users\Administrator\.dubbo\dubbo-registry-192.168.3.206.cache, data: {com.glsx.platform.goods.common.service.ServiceDefinitionService:1.0.0=empty://192.168.1.213/com.glsx.platform.goods.common.service.ServiceDefinitionService?application=oms&amp;category=configurators&amp;dubbo=2.5.3&amp;interface=com.glsx.platform.goods.common.service.ServiceDefinitionService&amp;methods=save,update,delete,getServiceDefinitionBy,existsByName,getByServiceClassficationType,findById,getServiceCountByServiceClassficationId,updateShelveStatus,getServiceDefinitionsByServicePackageId&amp;owner=glsx-oms&amp;pid=12708&amp;revision=1.0.0-SNAPSHOT&amp;side=consumer&amp;timestamp=1504856026012&amp;version=1.0.0 empty://192.168.1.213/com.glsx.platform.goods.common.service.ServiceDefinitionService?application=oms&amp;category=routers&amp;dubbo=2.5.3&amp;interface=com.glsx.platform.goods.common.service.ServiceDefinitionService&amp;methods=save,update,delete,getServiceDefinitionBy,existsByName,getByServiceClassficationType,findById,getServiceCountByServiceClassficationId,updateShelveStatus,getServiceDefinitionsByServicePackageId&amp;owner=glsx-oms&amp;pid=12708&amp;revision=1.0.0-SNAPSHOT&amp;side=consumer&amp;timestamp=1504856026012&amp;version=1.0.0 dubbo://192.168.3.188:9394/com.glsx.platform.goods.common.service.ServiceDefinitionService?anyhost=true&amp;application=platform-goods-service-provider&amp;dubbo=2.5.3&amp;interface=com.glsx.platform.goods.common.service.ServiceDefinitionService&amp;methods=update,save,getServiceDefinitionBy,existsByName,getServiceCountByServiceClassficationId,getServiceDefinitionsByServicePackageId,updateShelveStatus,findById,getByServiceClassficationType,delete&amp;owner=ms&amp;pid=1122&amp;retries=0&amp;revision=1.0.0-20170905.023219-100&amp;side=provider&amp;threadpool=fixed&amp;threads=800&amp;timeout=100000&amp;timestamp=1504579594135&amp;version=1.0.0, com.glsx.biz.common.user.service.PhysicalDeviceService:2.2.0=empty://192.168.1.159/com.glsx.biz.common.user.service.PhysicalDeviceService?application=oms&amp;category=configurators&amp;dubbo=2.5.3&amp;interface=com.glsx.biz.common.user.service.PhysicalDeviceService&amp;methods=save,syncUpdateSystem,update,validateCode,getPhysicalDeviceBySn,getPhysicalDeviceByImsi,checkAvailability,getDevice,getOBDSN,updateManufacturer,batchAddPhysicalDeviceByType,activeDevice,saveDevicesToThirdSys,getOBDList,getPhyDevice,deletePhysicalCache,batchAddPhysicalDevice&amp;owner=glsx-oms&amp;pid=9532&amp;revision=3.0.0-SNAPSHOT&amp;side=consumer&amp;timestamp=1512531640583&amp;version=2.2.0 empty://192.168.1.159/com.glsx.biz.common.user.service.PhysicalDeviceService?application=oms&amp;category=routers&amp;dubbo=2.5.3&amp;interface=com.glsx.biz.common.user.service.PhysicalDeviceService&amp;methods=save,syncUpdateSystem,update,validateCode,getPhysicalDeviceBySn,getPhysicalDeviceByImsi,checkAvailability,getDevice,getOBDSN,updateManufacturer,batchAddPhysicalDeviceByType,activeDevice,saveDevicesToThirdSys,getOBDList,getPhyDevice,deletePhysicalCache,batchAddPhysicalDevice&amp;owner=glsx-oms&amp;pid=9532&amp;revision=3.0.0-SNAPSHOT&amp;side=consumer&amp;timestamp=1512531640583&amp;version=2.2.0 dubbo://192.168.3.188:9015/com.glsx.biz.common.user.service.PhysicalDeviceService?anyhost=true&amp;application=logic-biz-common-service-provider&amp;dubbo=2.5.3&amp;interface=com.glsx.biz.common.user.service.PhysicalDeviceService&amp;methods=update,syncUpdateSystem,getDevice,getPhyDevice,validateCode,save,getOBDList,batchAddPhysicalDevice,deletePhysicalCache,updateManufacturer,getPhysicalDeviceByImsi,saveDevicesToThirdSys,getPhysicalDeviceBySn,batchAddPhysicalDeviceByType,getOBDSN,activeDevice,checkAvailability&amp;owner=ms&amp;pid=24977&amp;retries=0&amp;revision=3.0.0-SNAPSHOT&amp;side=provider&amp;threadpool=fixed&amp;threads=800&amp;timestamp=1508220307961&amp;version=2.2.0, com.glsx.biz.user.service.AccountService:1.0.0=empty://192.168.1.159/com.glsx.biz.user.service.AccountService?application=oms&amp;category=configurators&amp;dubbo=2.5.3&amp;interface=com.glsx.biz.user.service.AccountService&amp;methods=getByMobile,updatePointValue,updateDDboxPassword,save,getAllAcountId,update,userFreezeChange,login,getWechatForNew,unbindWechatByAccountId,bindWechat,unbindWechat,getAccountByUserId,getBindingWechat,getUserByWechat,deleteAccount,updateMobile,registerForActive,updatePassword,isExistByMobileDeviceType,checkBindingWechat,updateMobileForICall,getBindingWechatByAccountId,getAccountByIMSI,updateNickName,isExistByMobile,getById,getWechat,getWechatForUId,register&amp;owner=glsx-oms&amp;pid=9532&amp;revision=2.0.0-SNAPSHOT&amp;side=consumer&amp;timestamp=1512531640973&amp;version=1.0.0 empty://192.168.1.159/com.glsx.biz.user.service.AccountService?application=oms&amp;category=routers&amp;dubbo=2.5.3&amp;interface=com.glsx.biz.user.service.AccountService&amp;methods=getByMobile,updatePointValue,updateDDboxPassword,save,getAllAcountId,update,userFreezeChange,login,getWechatForNew,unbindWechatByAccountId,bindWechat,unbindWechat,getAccountByUserId,getBindingWechat,getUserByWechat,deleteAccount,updateMobile,registerForActive,updatePassword,isExistByMobileDeviceType,checkBindingWechat,updateMobileForICall,getBindingWechatByAccountId,getAccountByIMSI,updateNickName,isExistByMobile,getById,getWechat,getWechatForUId,register&amp;owner=glsx-oms&amp;pid=9532&amp;revision=2.0.0-SNAPSHOT&amp;side=consumer&amp;timestamp=1512531640973&amp;version=1.0.0 dubbo://192.168.3.188:9931/com.glsx.biz.user.service.AccountService?anyhost=true&amp;application=biz-user-service-provider&amp;dubbo=2.5.3&amp;interface=com.glsx.biz.user.service.AccountService&amp;methods=update,unbindWechatByAccountId,checkBindingWechat,getByMobile,getAccountByUserId,save,updateMobile,isExistByMobileDeviceType,getWechatForNew,isExistByMobile,getWechat,userFreezeChange,updateNickName,getById,login,updateMobileForICall,getAccountByIMSI,getUserByWechat,registerForActive,getBindingWechat,deleteAccount,getBindingWechatByAccountId,register,getAllAcountId,updateDDboxPassword,updatePointValue,updatePassword,unbindWechat,bindWechat,getWechatForUId&amp;owner=ms&amp;pid=3166&amp;retries=0&amp;revision=2.0.0-SNAPSHOT&amp;side=provider&amp;threadpool=fixed&amp;threads=800&amp;timeout=100000&amp;timestamp=1510797910837&amp;version=1.0.0, com.glsx.platform.goods.common.service.AssociateFlowPackageService:1.0.0=empty://192.168.1.159/com.glsx.platform.goods.common.service.AssociateFlowPackageService?application=oms&amp;category=configurators&amp;dubbo=2.5.3&amp;interface=com.glsx.platform.goods.common.service.AssociateFlowPackageService&amp;methods=getFlowPackageRelation,getFlowPackagesByAssociateId,findByServicePackageId,save,getFlowPackages,update,delete&amp;owner=glsx-oms&amp;pid=9532&amp;revision=1.0.0-SNAPSHOT&amp;side=consumer&amp;timestamp=1512531636676&amp;version=1.0.0 empty://192.168.1.159/com.glsx.platform.goods.common.service.AssociateFlowPackageService?application=oms&amp;category=routers&amp;dubbo=2.5.3&amp;interface=com.glsx.platform.goods.common.service.AssociateFlowPackageService&amp;methods=getFlowPackageRelation,getFlowPackagesByAssociateId,findByServicePackageId,save,getFlowPackages,update,delete&amp;owner=glsx-oms&amp;pid=9532&amp;revision=1.0.0-SNAPSHOT&amp;side=consumer&amp;timestamp=1512531636676&amp;version=1.0.0 dubbo://192.168.3.188:9394/com.glsx.platform.goods.common.service.AssociateFlowPackageService?anyhost=true&amp;application=platform-goods-service-provider&amp;dubbo=2.5.3&amp;interface=com.glsx.platform.goods.common.service.AssociateFlowPackageService&amp;methods=update,getFlowPackagesByAssociateId,save,findByServicePackageId,getFlowPackages,delete,getFlowPackageRelation&amp;owner=ms&amp;pid=14300&amp;retries=0&amp;revision=1.0.0-SNAPSHOT&amp;side=provider&amp;threadpool=fixed&amp;threads=800&amp;timeout=100000&amp;timestamp=1511145365004&amp;version=1.0.0, com.glsx.fcservice.api.service.FlowcardPackageService:1.0.0=empty://192.168.1.213/com.glsx.fcservice.api.service.FlowcardPackageService?application=oms&amp;category=configurators&amp;dubbo=2.5.3&amp;interface=com.glsx.fcservice.api.service.FlowcardPackageService&amp;methods=switchPackage,getPackagemappingByProperty,getFlowCardPackage&amp;owner=glsx-oms&amp;pid=12708&amp;revision=1.0.0-SNAPSHOT&amp;side=consumer&amp;timestamp=1504856026461&amp;version=1.0.0 empty://192.168.1.213/com.glsx.fcservice.api.service.FlowcardPackageService?application=oms&amp;category=routers&amp;dubbo=2.5.3&amp;interface=com.glsx.fcservice.api.service.FlowcardPackageService&amp;methods=switchPackage,getPackagemappingByProperty,getFlowCardPackage&amp;owner=glsx-oms&amp;pid=12708&amp;revision=1.0.0-SNAPSHOT&amp;side=consumer&amp;timestamp=1504856026461&amp;version=1.0.0 dubbo://192.168.3.238:9967/com.glsx.fcservice.api.service.FlowcardPackageService?anyhost=true&amp;application=operating-fcservice-provider&amp;dubbo=2.5.3&amp;interface=com.glsx.fcservice.api.service.FlowcardPackageService&amp;methods=switchPackage,getPackagemappingByProperty,getFlowCardPackage&amp;owner=flowcard_service&amp;pid=22325&amp;retries=0&amp;revision=1.0.0-20170829.033215-131&amp;side=provider&amp;threadpool=fixed&amp;threads=500&amp;timeout=100000&amp;timestamp=1504592963076&amp;version=1.0.0, com.glsx.platform.goods.common.service.MallClassficationService:1.0.0=empty://192.168.1.213/com.glsx.platform.goods.common.service.MallClassficationService?application=oms&amp;category=configurators&amp;dubbo=2.5.3&amp;interface=com.glsx.platform.goods.common.service.MallClassficationService&amp;methods=existsByName,findById,save,update,getRootId,delete&amp;owner=glsx-oms&amp;pid=12708&amp;revision=1.0.0-SNAPSHOT&amp;side=consumer&amp;timestamp=1504856021294&amp;version=1.0.0 empty://192.168.1.213/com.glsx.platform.goods.common.service.MallClassficationService?application=oms&amp;category=routers&amp;dubbo=2.5.3&amp;interface=com.glsx.platform.goods.common.service.MallClassficationService&amp;methods=existsByName,findById,save,update,getRootId,delete&amp;owner=glsx-oms&amp;pid=12708&amp;revision=1.0.0-SNAPSHOT&amp;side=consumer&amp;timestamp=1504856021294&amp;version=1.0.0 dubbo://192.168.3.188:9394/com.glsx.platform.goods.common.service.MallClassficationService?anyhost=true&amp;application=platform-goods-service-provider&amp;dubbo=2.5.3&amp;interface=com.glsx.platform.goods.common.service.MallClassficationService&amp;methods=update,save,findById,getRootId,delete,existsByName&amp;owner=ms&amp;pid=1122&amp;retries=0&amp;revision=1.0.0-20170905.023219-100&amp;side=provider&amp;threadpool=fixed&amp;threads=800&amp;timeout=100000&amp;timestamp=1504579594282&amp;version=1.0.0, com.glsx.biz.common.message.service.MessageService:2.2.0=empty://192.168.1.208/com.glsx.biz.common.message.service.MessageService?application=consumer&amp;category=configurators&amp;dubbo=2.5.3&amp;interface=com.glsx.biz.common.message.service.MessageService&amp;methods=checkRandomPassword,getCheckCodeStatus,receiveMessage,createUnsubscription,getCheckCodeInfo,sendMessage,queryUnsubscription,queryMessage,sendSmsMessage&amp;owner=ore&amp;pid=20408&amp;revision=2.2.0-SNAPSHOT&amp;side=consumer&amp;timeout=10000&amp;timestamp=1524299181627&amp;version=2.2.0 empty://192.168.1.208/com.glsx.biz.common.message.service.MessageService?application=consumer&amp;category=routers&amp;dubbo=2.5.3&amp;interface=com.glsx.biz.common.message.service.MessageService&amp;methods=checkRandomPassword,getCheckCodeStatus,receiveMessage,createUnsubscription,getCheckCodeInfo,sendMessage,queryUnsubscription,queryMessage,sendSmsMessage&amp;owner=ore&amp;pid=20408&amp;revision=2.2.0-SNAPSHOT&amp;side=consumer&amp;timeout=10000&amp;timestamp=1524299181627&amp;version=2.2.0 dubbo://192.168.3.188:9015/com.glsx.biz.common.message.service.MessageService?anyhost=true&amp;application=logic-biz-common-service-provider&amp;dubbo=2.5.3&amp;interface=com.glsx.biz.common.message.service.MessageService&amp;methods=queryMessage,sendMessage,getCheckCodeInfo,createUnsubscription,getCheckCodeStatus,receiveMessage,sendSmsMessage,checkRandomPassword,queryUnsubscription&amp;owner=ms&amp;pid=24986&amp;retries=0&amp;revision=2.2.0-20170810.082309-90&amp;side=provider&amp;threadpool=fixed&amp;threads=800&amp;timestamp=1521022141498&amp;version=2.2.0, com.glsx.biz.common.upgrade.service.AppGroupManager:2.1.1=override://192.168.3.206:9901/com.glsx.biz.common.upgrade.service.AppGroupManager?category=configurators&amp;dynamic=false&amp;enabled=true&amp;version=2.1.1&amp;weight=200 empty://192.168.1.213/com.glsx.biz.common.upgrade.service.AppGroupManager?application=oms&amp;category=routers&amp;dubbo=2.5.3&amp;interface=com.glsx.biz.common.upgrade.service.AppGroupManager&amp;methods=getByGroupCode,updateState,findAllName,isExistByCode,save,update,findByName,findPage,delete,findAll,isUniqueByCode,get&amp;owner=glsx-oms&amp;pid=12708&amp;revision=2.2.6-SNAPSHOT&amp;side=consumer&amp;timestamp=1504856026684&amp;version=2.1.1 dubbo://192.168.3.188:9901/com.glsx.biz.common.upgrade.service.AppGroupManager?anyhost=true&amp;application=xiaoms&amp;dubbo=2.5.3&amp;interface=com.glsx.biz.common.upgrade.service.AppGroupManager&amp;methods=update,save,get,findAll,getByGroupCode,updateState,findAllName,findByName,delete,findPage,isExistByCode,isUniqueByCode&amp;owner=biz_upgrade_ms&amp;pid=20741&amp;revision=2.2.6-SNAPSHOT&amp;side=provider&amp;timestamp=1495609884591&amp;version=2.1.1, com.glsx.platform.goods.common.service.ServiceTagService:1.0.0=empty://192.168.1.213/com.glsx.platform.goods.common.service.ServiceTagService?application=oms&amp;category=configurators&amp;dubbo=2.5.3&amp;interface=com.glsx.platform.goods.common.service.ServiceTagService&amp;methods=existsByName,findById,save,update,delete&amp;owner=glsx-oms&amp;pid=12708&amp;revision=1.0.0-SNAPSHOT&amp;side=consumer&amp;timestamp=1504856026229&amp;version=1.0.0 empty://192.168.1.213/com.glsx.platform.goods.common.service.ServiceTagService?application=oms&amp;category=routers&amp;dubbo=2.5.3&amp;interface=com.glsx.platform.goods.common.service.ServiceTagService&amp;methods=existsByName,findById,save,update,delete&amp;owner=glsx-oms&amp;pid=12708&amp;revision=1.0.0-SNAPSHOT&amp;side=consumer&amp;timestamp=1504856026229&amp;version=1.0.0 dubbo://192.168.3.188:9394/com.glsx.platform.goods.common.service.ServiceTagService?anyhost=true&amp;application=platform-goods-service-provider&amp;dubbo=2.5.3&amp;interface=com.glsx.platform.goods.common.service.ServiceTagService&amp;methods=update,save,findById,delete,existsByName&amp;owner=ms&amp;pid=1122&amp;retries=0&amp;revision=1.0.0-20170905.023219-100&amp;side=provider&amp;threadpool=fixed&amp;threads=800&amp;timeout=100000&amp;timestamp=1504579594028&amp;version=1.0.0, com.glsx.fcservice.api.service.FlowcardService:1.0.0=empty://192.168.1.208/com.glsx.fcservice.api.service.FlowcardService?application=operating-icp&amp;category=configurators&amp;dubbo=2.5.3&amp;interface=com.glsx.fcservice.api.service.FlowcardService&amp;methods=delFlowCardByIccid,queryCardFlow,queryFlowcardMoveRecord,queryFlowcardByIccid,delWhitelist,checkPackageIsOpen,saveFlowcardMove,saveFlowCardImei,addRecharge,queryFlowcardByImsi,saveCharge,isAbleFlowcardMove,addFlowcardMove,queryNewestFlowcardByFlowcard&amp;owner=ms&amp;pid=10420&amp;retries=0&amp;revision=1.0.0-SNAPSHOT&amp;side=consumer&amp;timeout=100000&amp;timestamp=1523411397617&amp;version=1.0.0 empty://192.168.1.208/com.glsx.fcservice.api.service.FlowcardService?application=operating-icp&amp;category=routers&amp;dubbo=2.5.3&amp;interface=com.glsx.fcservice.api.service.FlowcardService&amp;methods=delFlowCardByIccid,queryCardFlow,queryFlowcardMoveRecord,queryFlowcardByIccid,delWhitelist,checkPackageIsOpen,saveFlowcardMove,saveFlowCardImei,addRecharge,queryFlowcardByImsi,saveCharge,isAbleFlowcardMove,addFlowcardMove,queryNewestFlowcardByFlowcard&amp;owner=ms&amp;pid=10420&amp;retries=0&amp;revision=1.0.0-SNAPSHOT&amp;side=consumer&amp;timeout=100000&amp;timestamp=1523411397617&amp;version=1.0.0 empty://192.168.1.208/com.glsx.fcservice.api.service.FlowcardService?application=operating-icp&amp;category=providers&amp;dubbo=2.5.3&amp;interface=com.glsx.fcservice.api.service.FlowcardService&amp;methods=delFlowCardByIccid,queryCardFlow,queryFlowcardMoveRecord,queryFlowcardByIccid,delWhitelist,checkPackageIsOpen,saveFlowcardMove,saveFlowCardImei,addRecharge,queryFlowcardByImsi,saveCharge,isAbleFlowcardMove,addFlowcardMove,queryNewestFlowcardByFlowcard&amp;owner=ms&amp;pid=10420&amp;retries=0&amp;revision=1.0.0-SNAPSHOT&amp;side=consumer&amp;timeout=100000&amp;timestamp=1523411397617&amp;version=1.0.0, com.glsx.platform.goods.common.service.CommonQueryService:1.0.0=empty://192.168.1.213/com.glsx.platform.goods.common.service.CommonQueryService?application=oms&amp;category=configurators&amp;dubbo=2.5.3&amp;interface=com.glsx.platform.goods.common.service.CommonQueryService&amp;methods=getServiceDefinitions,getServicePackages,getRootServiceClassfications,getChildrenMallClassfications,getRootMallClassfications,getMallGoods,getChildrenServiceClassfications,getServiceTags&amp;owner=glsx-oms&amp;pid=12708&amp;revision=1.0.0-SNAPSHOT&amp;side=consumer&amp;timestamp=1504856024611&amp;version=1.0.0 empty://192.168.1.213/com.glsx.platform.goods.common.service.CommonQueryService?application=oms&amp;category=routers&amp;dubbo=2.5.3&amp;interface=com.glsx.platform.goods.common.service.CommonQueryService&amp;methods=getServiceDefinitions,getServicePackages,getRootServiceClassfications,getChildrenMallClassfications,getRootMallClassfications,getMallGoods,getChildrenServiceClassfications,getServiceTags&amp;owner=glsx-oms&amp;pid=12708&amp;revision=1.0.0-SNAPSHOT&amp;side=consumer&amp;timestamp=1504856024611&amp;version=1.0.0 dubbo://192.168.3.188:9394/com.glsx.platform.goods.common.service.CommonQueryService?anyhost=true&amp;application=platform-goods-service-provider&amp;dubbo=2.5.3&amp;interface=com.glsx.platform.goods.common.service.CommonQueryService&amp;methods=getServiceDefinitions,getServiceTags,getServicePackages,getRootMallClassfications,getChildrenServiceClassfications,getChildrenMallClassfications,getRootServiceClassfications,getMallGoods&amp;owner=ms&amp;pid=1122&amp;retries=0&amp;revision=1.0.0-20170905.023219-100&amp;side=provider&amp;threadpool=fixed&amp;threads=800&amp;timeout=100000&amp;timestamp=1504579594387&amp;version=1.0.0, com.glsx.biz.common.user.service.MerchantService:2.2.0=empty://192.168.1.159/com.glsx.biz.common.user.service.MerchantService?application=oms&amp;category=configurators&amp;dubbo=2.5.3&amp;interface=com.glsx.biz.common.user.service.MerchantService&amp;methods=createMerchantSubAccount,save,deleteAll,update,updateAll,auditMerchant,enableMerchant,getMerchantsByCity,countMerchantById,deleteMerchant,createMerchantSubAccountRole,getMerchants,createMerchantSubAccountRoleRela,get,getAreaByMerchant,createMerchant,getMerchantInfoById,getBindMerchant,updateBatchMerchant&amp;owner=glsx-oms&amp;pid=9532&amp;revision=3.0.0-SNAPSHOT&amp;side=consumer&amp;timestamp=1512531641175&amp;version=2.2.0 empty://192.168.1.159/com.glsx.biz.common.user.service.MerchantService?application=oms&amp;category=routers&amp;dubbo=2.5.3&amp;interface=com.glsx.biz.common.user.service.MerchantService&amp;methods=createMerchantSubAccount,save,deleteAll,update,updateAll,auditMerchant,enableMerchant,getMerchantsByCity,countMerchantById,deleteMerchant,createMerchantSubAccountRole,getMerchants,createMerchantSubAccountRoleRela,get,getAreaByMerchant,createMerchant,getMerchantInfoById,getBindMerchant,updateBatchMerchant&amp;owner=glsx-oms&amp;pid=9532&amp;revision=3.0.0-SNAPSHOT&amp;side=consumer&amp;timestamp=1512531641175&amp;version=2.2.0 dubbo://192.168.3.188:9015/com.glsx.biz.common.user.service.MerchantService?anyhost=true&amp;application=logic-biz-common-service-provider&amp;dubbo=2.5.3&amp;interface=com.glsx.biz.common.user.service.MerchantService&amp;methods=update,getBindMerchant,save,get,getMerchants,updateBatchMerchant,getMerchantsByCity,createMerchant,getMerchantInfoById,createMerchantSubAccount,deleteAll,createMerchantSubAccountRoleRela,deleteMerchant,getAreaByMerchant,updateAll,enableMerchant,createMerchantSubAccountRole,auditMerchant,countMerchantById&amp;owner=ms&amp;pid=24977&amp;retries=0&amp;revision=3.0.0-SNAPSHOT&amp;side=provider&amp;threadpool=fixed&amp;threads=800&amp;timestamp=1508220308200&amp;version=2.2.0, com.glsx.biz.user.service.UserService:1.0.0=empty://192.168.1.159/com.glsx.biz.user.service.UserService?application=oms&amp;category=configurators&amp;dubbo=2.5.3&amp;interface=com.glsx.biz.user.service.UserService&amp;methods=addOutUserPackageOrderRecords,getByWechat,createUserId,unbindRearview,updatePixel,updateOrderRecord,deleteUserCache,updateByMerchant,update,getByPhysicalId,delete,updateMerchant,updateRearview,updateStdMileage,getMessageSeqId,updateIMSI,getRenewPackageGoodsByProtocolId,getBySN,getUserPackageForAdmin,getByThirdId,getByUserId,addUserCommodityOrderRecords,saveUser,addOutUserCommodityOrderRecords,saveSyncLog,deletePackCache,getListByAccountBinding,getUserAll,getFlowPackageGoodsByProtocolId,addUserPackageOrderRecords,updateUserPackageOrderRecords,toDistributeFlow,unbindingUserPackage,updateCarIdByUserId,updateSN,createUserPackageOrderRecords,updateStatus,report&amp;owner=glsx-oms&amp;pid=9532&amp;revision=2.0.0-SNAPSHOT&amp;side=consumer&amp;timestamp=1512531640794&amp;version=1.0.0 empty://192.168.1.159/com.glsx.biz.user.service.UserService?application=oms&amp;category=routers&amp;dubbo=2.5.3&amp;interface=com.glsx.biz.user.service.UserService&amp;methods=addOutUserPackageOrderRecords,getByWechat,createUserId,unbindRearview,updatePixel,updateOrderRecord,deleteUserCache,updateByMerchant,update,getByPhysicalId,delete,updateMerchant,updateRearview,updateStdMileage,getMessageSeqId,updateIMSI,getRenewPackageGoodsByProtocolId,getBySN,getUserPackageForAdmin,getByThirdId,getByUserId,addUserCommodityOrderRecords,saveUser,addOutUserCommodityOrderRecords,saveSyncLog,deletePackCache,getListByAccountBinding,getUserAll,getFlowPackageGoodsByProtocolId,addUserPackageOrderRecords,updateUserPackageOrderRecords,toDistributeFlow,unbindingUserPackage,updateCarIdByUserId,updateSN,createUserPackageOrderRecords,updateStatus,report&amp;owner=glsx-oms&amp;pid=9532&amp;revision=2.0.0-SNAPSHOT&amp;side=consumer&amp;timestamp=1512531640794&amp;version=1.0.0 dubbo://192.168.3.188:9931/com.glsx.biz.user.service.UserService?anyhost=true&amp;application=biz-user-service-provider&amp;dubbo=2.5.3&amp;interface=com.glsx.biz.user.service.UserService&amp;methods=update,addOutUserPackageOrderRecords,updateStdMileage,updatePixel,toDistributeFlow,getByWechat,createUserPackageOrderRecords,updateMerchant,getByUserId,addUserCommodityOrderRecords,getListByAccountBinding,updateCarIdByUserId,getRenewPackageGoodsByProtocolId,report,delete,updateIMSI,addOutUserCommodityOrderRecords,getMessageSeqId,createUserId,getUserPackageForAdmin,getByThirdId,saveUser,updateStatus,getBySN,updateOrderRecord,saveSyncLog,unbindingUserPackage,getByPhysicalId,addUserPackageOrderRecords,updateUserPackageOrderRecords,updateSN,deletePackCache,getUserAll,updateByMerchant,unbindRearview,getFlowPackageGoodsByProtocolId,updateRearview,deleteUserCache&amp;owner=ms&amp;pid=3166&amp;retries=0&amp;revision=2.0.0-SNAPSHOT&amp;side=provider&amp;threadpool=fixed&amp;threads=800&amp;timeout=100000&amp;timestamp=1510797911003&amp;version=1.0.0, com.glsx.platform.goods.common.service.ServicePackageService:1.0.0=empty://192.168.1.213/com.glsx.platform.goods.common.service.ServicePackageService?application=oms&amp;category=configurators&amp;dubbo=2.5.3&amp;interface=com.glsx.platform.goods.common.service.ServicePackageService&amp;methods=findByDeviceId,save,update,getAppPackageDetailByPackageId,delete,existsByName,findById,findActiveUpShelvePackageByDeviceId,getClassfinitionPackageDetailByPackgeId,updateShelveStatus&amp;owner=glsx-oms&amp;pid=12708&amp;revision=1.0.0-SNAPSHOT&amp;side=consumer&amp;timestamp=1504856025885&amp;version=1.0.0 empty://192.168.1.213/com.glsx.platform.goods.common.service.ServicePackageService?application=oms&amp;category=routers&amp;dubbo=2.5.3&amp;interface=com.glsx.platform.goods.common.service.ServicePackageService&amp;methods=findByDeviceId,save,update,getAppPackageDetailByPackageId,delete,existsByName,findById,findActiveUpShelvePackageByDeviceId,getClassfinitionPackageDetailByPackgeId,updateShelveStatus&amp;owner=glsx-oms&amp;pid=12708&amp;revision=1.0.0-SNAPSHOT&amp;side=consumer&amp;timestamp=1504856025885&amp;version=1.0.0 dubbo://192.168.3.188:9394/com.glsx.platform.goods.common.service.ServicePackageService?anyhost=true&amp;application=platform-goods-service-provider&amp;dubbo=2.5.3&amp;interface=com.glsx.platform.goods.common.service.ServicePackageService&amp;methods=update,findByDeviceId,save,getClassfinitionPackageDetailByPackgeId,findActiveUpShelvePackageByDeviceId,existsByName,getAppPackageDetailByPackageId,updateShelveStatus,findById,delete&amp;owner=ms&amp;pid=1122&amp;retries=0&amp;revision=1.0.0-20170905.023219-100&amp;side=provider&amp;threadpool=fixed&amp;threads=800&amp;timeout=100000&amp;timestamp=1504579594077&amp;version=1.0.0, com.glsx.biz.common.base.service.ConfigurationService:2.2.0=empty://192.168.1.159/com.glsx.biz.common.base.service.ConfigurationService?application=oms&amp;category=configurators&amp;dubbo=2.5.3&amp;interface=com.glsx.biz.common.base.service.ConfigurationService&amp;methods=getConfigById,getByType,save,getByTypeAndValue,update,getDisplacementList,delete,getByTypeAndCode&amp;owner=glsx-oms&amp;pid=9532&amp;revision=2.2.0-SNAPSHOT&amp;side=consumer&amp;timestamp=1512531641099&amp;version=2.2.0 empty://192.168.1.159/com.glsx.biz.common.base.service.ConfigurationService?application=oms&amp;category=routers&amp;dubbo=2.5.3&amp;interface=com.glsx.biz.common.base.service.ConfigurationService&amp;methods=getConfigById,getByType,save,getByTypeAndValue,update,getDisplacementList,delete,getByTypeAndCode&amp;owner=glsx-oms&amp;pid=9532&amp;revision=2.2.0-SNAPSHOT&amp;side=consumer&amp;timestamp=1512531641099&amp;version=2.2.0 dubbo://192.168.3.188:9015/com.glsx.biz.common.base.service.ConfigurationService?anyhost=true&amp;application=logic-biz-common-service-provider&amp;dubbo=2.5.3&amp;interface=com.glsx.biz.common.base.service.ConfigurationService&amp;methods=getByTypeAndValue,update,getConfigById,save,getDisplacementList,delete,getByType,getByTypeAndCode&amp;owner=ms&amp;pid=24977&amp;retries=0&amp;revision=2.2.0-SNAPSHOT&amp;side=provider&amp;threadpool=fixed&amp;threads=800&amp;timestamp=1508220307651&amp;version=2.2.0, com.glsx.oms.flowservice.api.service.PackageService:1.0.0=empty://192.168.1.159/com.glsx.oms.flowservice.api.service.PackageService?application=oms&amp;category=configurators&amp;dubbo=2.5.3&amp;interface=com.glsx.oms.flowservice.api.service.PackageService&amp;methods=openPackage,getPackageMapping,rechargePackage,changePackage,getPackageList&amp;owner=glsx-oms&amp;pid=9532&amp;revision=1.0.0-SNAPSHOT&amp;side=consumer&amp;timestamp=1512531641260&amp;version=1.0.0 empty://192.168.1.159/com.glsx.oms.flowservice.api.service.PackageService?application=oms&amp;category=routers&amp;dubbo=2.5.3&amp;interface=com.glsx.oms.flowservice.api.service.PackageService&amp;methods=openPackage,getPackageMapping,rechargePackage,changePackage,getPackageList&amp;owner=glsx-oms&amp;pid=9532&amp;revision=1.0.0-SNAPSHOT&amp;side=consumer&amp;timestamp=1512531641260&amp;version=1.0.0 dubbo://192.168.3.238:20881/com.glsx.oms.flowservice.api.service.PackageService?anyhost=true&amp;application=provider&amp;dubbo=2.5.3&amp;interface=com.glsx.oms.flowservice.api.service.PackageService&amp;methods=openPackage,getPackageMapping,rechargePackage,changePackage,getPackageList&amp;owner=ore&amp;pid=21080&amp;revision=1.0.0-20171127.070114-21&amp;side=provider&amp;timeout=100000&amp;timestamp=1512119990047&amp;version=1.0.0, com.glsx.biz.club.service.ClubSaleServiceService:1.0.0=empty://192.168.1.208/com.glsx.biz.club.service.ClubSaleServiceService?application=operating-icp&amp;category=configurators&amp;dubbo=2.5.3&amp;interface=com.glsx.biz.club.service.ClubSaleServiceService&amp;methods=getByCode,updateDeviceRequest,search,auditReceiveDevice,auditUpdateDevice,receiveDeviceRequest,auditUpdateCard,updateCardRequest,auditSaleRequest&amp;owner=ms&amp;pid=10420&amp;retries=0&amp;revision=1.0.0-SNAPSHOT&amp;side=consumer&amp;timeout=100000&amp;timestamp=1523411385060&amp;version=1.0.0 empty://192.168.1.208/com.glsx.biz.club.service.ClubSaleServiceService?application=operating-icp&amp;category=routers&amp;dubbo=2.5.3&amp;interface=com.glsx.biz.club.service.ClubSaleServiceService&amp;methods=getByCode,updateDeviceRequest,search,auditReceiveDevice,auditUpdateDevice,receiveDeviceRequest,auditUpdateCard,updateCardRequest,auditSaleRequest&amp;owner=ms&amp;pid=10420&amp;retries=0&amp;revision=1.0.0-SNAPSHOT&amp;side=consumer&amp;timeout=100000&amp;timestamp=1523411385060&amp;version=1.0.0 dubbo://192.168.3.231:9988/com.glsx.biz.club.service.ClubSaleServiceService?anyhost=true&amp;application=biz-club-service-provider&amp;dubbo=2.5.3&amp;interface=com.glsx.biz.club.service.ClubSaleServiceService&amp;methods=getByCode,auditUpdateDevice,auditReceiveDevice,auditUpdateCard,updateCardRequest,search,updateDeviceRequest,receiveDeviceRequest,auditSaleRequest&amp;owner=common_club&amp;pid=11743&amp;retries=0&amp;revision=1.0.0-SNAPSHOT&amp;side=provider&amp;threadpool=fixed&amp;threads=500&amp;timeout=100000&amp;timestamp=1517477049105&amp;version=1.0.0, com.glsx.biz.merchant.service.MerchantService:1.0.0=empty://192.168.1.213/com.glsx.biz.merchant.service.MerchantService?application=oms&amp;category=configurators&amp;dubbo=2.5.3&amp;interface=com.glsx.biz.merchant.service.MerchantService&amp;methods=save,update,updateAll,auditMerchant,enableMerchant,countMerchantById,disableMerchant,findAll,deleteMerchant,createMerchantSubAccountRoleRela,getByMerchantName,find,get,getAreaByMerchant,getBindMerchant,createMerchantSubAccount,deleteAll,getMerchantsByCity,createMerchantSubAccountRole,findChild,getMerchants,getMerchantInfoById,createMerchant,batchAddPhysicalDevice,updateBatchMerchant&amp;owner=glsx-oms&amp;pid=12708&amp;revision=1.0.0-SNAPSHOT&amp;side=consumer&amp;timestamp=1504856026550&amp;version=1.0.0 empty://192.168.1.213/com.glsx.biz.merchant.service.MerchantService?application=oms&amp;category=routers&amp;dubbo=2.5.3&amp;interface=com.glsx.biz.merchant.service.MerchantService&amp;methods=save,update,updateAll,auditMerchant,enableMerchant,countMerchantById,disableMerchant,findAll,deleteMerchant,createMerchantSubAccountRoleRela,getByMerchantName,find,get,getAreaByMerchant,getBindMerchant,createMerchantSubAccount,deleteAll,getMerchantsByCity,createMerchantSubAccountRole,findChild,getMerchants,getMerchantInfoById,createMerchant,batchAddPhysicalDevice,updateBatchMerchant&amp;owner=glsx-oms&amp;pid=12708&amp;revision=1.0.0-SNAPSHOT&amp;side=consumer&amp;timestamp=1504856026550&amp;version=1.0.0 dubbo://192.168.3.188:9968/com.glsx.biz.merchant.service.MerchantService?anyhost=true&amp;application=biz-merchant-service-provider&amp;dubbo=2.5.3&amp;interface=com.glsx.biz.merchant.service.MerchantService&amp;methods=update,getBindMerchant,save,getMerchants,updateBatchMerchant,getMerchantsByCity,createMerchant,batchAddPhysicalDevice,getMerchantInfoById,disableMerchant,deleteAll,updateAll,findChild,enableMerchant,getByMerchantName,createMerchantSubAccountRole,find,auditMerchant,countMerchantById,get,findAll,createMerchantSubAccount,createMerchantSubAccountRoleRela,deleteMerchant,getAreaByMerchant&amp;owner=common_merchant&amp;pid=7670&amp;retries=0&amp;revision=1.0.0-SNAPSHOT&amp;side=provider&amp;threadpool=fixed&amp;threads=500&amp;timeout=100000&amp;timestamp=1499423456282&amp;version=1.0.0, com.glsx.platform.goods.common.service.ServiceClassficationService:1.0.0=empty://192.168.1.213/com.glsx.platform.goods.common.service.ServiceClassficationService?application=oms&amp;category=configurators&amp;dubbo=2.5.3&amp;interface=com.glsx.platform.goods.common.service.ServiceClassficationService&amp;methods=existsByName,findById,save,update,delete&amp;owner=glsx-oms&amp;pid=12708&amp;revision=1.0.0-SNAPSHOT&amp;side=consumer&amp;timestamp=1504856026352&amp;version=1.0.0 empty://192.168.1.213/com.glsx.platform.goods.common.service.ServiceClassficationService?application=oms&amp;category=routers&amp;dubbo=2.5.3&amp;interface=com.glsx.platform.goods.common.service.ServiceClassficationService&amp;methods=existsByName,findById,save,update,delete&amp;owner=glsx-oms&amp;pid=12708&amp;revision=1.0.0-SNAPSHOT&amp;side=consumer&amp;timestamp=1504856026352&amp;version=1.0.0 dubbo://192.168.3.188:9394/com.glsx.platform.goods.common.service.ServiceClassficationService?anyhost=true&amp;application=platform-goods-service-provider&amp;dubbo=2.5.3&amp;interface=com.glsx.platform.goods.common.service.ServiceClassficationService&amp;methods=update,save,findById,delete,existsByName&amp;owner=ms&amp;pid=1122&amp;retries=0&amp;revision=1.0.0-20170905.023219-100&amp;side=provider&amp;threadpool=fixed&amp;threads=800&amp;timeout=100000&amp;timestamp=1504579594171&amp;version=1.0.0, com.glsx.fcservice.api.service.FlowcardService=empty://192.168.1.104/com.glsx.fcservice.api.service.FlowcardService?application=oms&amp;category=configurators&amp;dubbo=2.5.3&amp;interface=com.glsx.fcservice.api.service.FlowcardService&amp;methods=reCharge,queryFlowcardByImsi,delFlowCardByIccid,queryCardFlow,queryFlowcardMoveRecord,checkPackageIsOpen,saveFlowcardMove,isAbleFlowcardMove,addFlowcardMove,queryNewestFlowcardByFlowcard&amp;owner=glsx-oms&amp;pid=4940&amp;revision=1.0.0-SNAPSHOT&amp;side=consumer&amp;timestamp=1488432903873 route://0.0.0.0/com.glsx.fcservice.api.service.FlowcardService?category=routers&amp;dynamic=false&amp;enabled=true&amp;force=true&amp;name=com.glsx.fcservice.api.service.FlowcardService blackwhitelist&amp;priority=0&amp;router=condition&amp;rule=consumer.host+%21%3D+192.168.2.204%2C192.168.1.44%2C192.168.2.5%2C192.168.2.93+%3D%3E+false&amp;runtime=false empty://192.168.1.104/com.glsx.fcservice.api.service.FlowcardService?application=oms&amp;category=providers&amp;dubbo=2.5.3&amp;interface=com.glsx.fcservice.api.service.FlowcardService&amp;methods=reCharge,queryFlowcardByImsi,delFlowCardByIccid,queryCardFlow,queryFlowcardMoveRecord,checkPackageIsOpen,saveFlowcardMove,isAbleFlowcardMove,addFlowcardMove,queryNewestFlowcardByFlowcard&amp;owner=glsx-oms&amp;pid=4940&amp;revision=1.0.0-SNAPSHOT&amp;side=consumer&amp;timestamp=1488432903873, com.glsx.biz.common.user.service.DeviceCategoryService:2.2.0=empty://192.168.1.159/com.glsx.biz.common.user.service.DeviceCategoryService?application=oms&amp;category=configurators&amp;dubbo=2.5.3&amp;interface=com.glsx.biz.common.user.service.DeviceCategoryService&amp;methods=findByDeviceNameContainer,getByManufacturerCode,getDeviceCategoriesByMerchant,getDeviceCategoryById,get,getDeviceCategories,getDeviceAtr&amp;owner=glsx-oms&amp;pid=9532&amp;revision=3.0.0-SNAPSHOT&amp;side=consumer&amp;timestamp=1512531640715&amp;version=2.2.0 empty://192.168.1.159/com.glsx.biz.common.user.service.DeviceCategoryService?application=oms&amp;category=routers&amp;dubbo=2.5.3&amp;interface=com.glsx.biz.common.user.service.DeviceCategoryService&amp;methods=findByDeviceNameContainer,getByManufacturerCode,getDeviceCategoriesByMerchant,getDeviceCategoryById,get,getDeviceCategories,getDeviceAtr&amp;owner=glsx-oms&amp;pid=9532&amp;revision=3.0.0-SNAPSHOT&amp;side=consumer&amp;timestamp=1512531640715&amp;version=2.2.0 dubbo://192.168.3.188:9015/com.glsx.biz.common.user.service.DeviceCategoryService?anyhost=true&amp;application=logic-biz-common-service-provider&amp;dubbo=2.5.3&amp;interface=com.glsx.biz.common.user.service.DeviceCategoryService&amp;methods=getDeviceCategoryById,getDeviceCategories,get,findByDeviceNameContainer,getDeviceCategoriesByMerchant,getDeviceAtr,getByManufacturerCode&amp;owner=ms&amp;pid=24977&amp;retries=0&amp;revision=3.0.0-SNAPSHOT&amp;side=provider&amp;threadpool=fixed&amp;threads=800&amp;timestamp=1508220307999&amp;version=2.2.0, com.glsx.platform.goods.common.service.MallGoodsService:1.0.0=empty://192.168.1.213/com.glsx.platform.goods.common.service.MallGoodsService?application=oms&amp;category=configurators&amp;dubbo=2.5.3&amp;interface=com.glsx.platform.goods.common.service.MallGoodsService&amp;methods=updateBatch,getMallGoodsByMallClassficationIdOnOMS,updateDisplay,updateActualSales,save,updateStorageQuantity,update,getRealMallGoods,delete,getRenewPackageMallGoods,getFlowPackageMallGoodsByCardTypeId,updateActualClicks,existsByName,updateAuditingStatus,getRenewMallGoodsByCardTypeIdAndDeviceTypeId,getMallGoodsCountByMallClassficationId,findById,getMallGoodsByMallClassficationId,findByProductId,updateShelveStatus,getFlowPackageMallGoods&amp;owner=glsx-oms&amp;pid=12708&amp;revision=1.0.0-SNAPSHOT&amp;side=consumer&amp;timestamp=1504856024715&amp;version=1.0.0 empty://192.168.1.213/com.glsx.platform.goods.common.service.MallGoodsService?application=oms&amp;category=routers&amp;dubbo=2.5.3&amp;interface=com.glsx.platform.goods.common.service.MallGoodsService&amp;methods=updateBatch,getMallGoodsByMallClassficationIdOnOMS,updateDisplay,updateActualSales,save,updateStorageQuantity,update,getRealMallGoods,delete,getRenewPackageMallGoods,getFlowPackageMallGoodsByCardTypeId,updateActualClicks,existsByName,updateAuditingStatus,getRenewMallGoodsByCardTypeIdAndDeviceTypeId,getMallGoodsCountByMallClassficationId,findById,getMallGoodsByMallClassficationId,findByProductId,updateShelveStatus,getFlowPackageMallGoods&amp;owner=glsx-oms&amp;pid=12708&amp;revision=1.0.0-SNAPSHOT&amp;side=consumer&amp;timestamp=1504856024715&amp;version=1.0.0 dubbo://192.168.3.188:9394/com.glsx.platform.goods.common.service.MallGoodsService?anyhost=true&amp;application=platform-goods-service-provider&amp;dubbo=2.5.3&amp;interface=com.glsx.platform.goods.common.service.MallGoodsService&amp;methods=update,save,updateStorageQuantity,getRenewMallGoodsByCardTypeIdAndDeviceTypeId,existsByName,getFlowPackageMallGoodsByCardTypeId,getMallGoodsByMallClassficationId,findByProductId,getMallGoodsCountByMallClassficationId,updateShelveStatus,findById,updateActualSales,updateBatch,getFlowPackageMallGoods,updateDisplay,getRealMallGoods,delete,updateActualClicks,updateAuditingStatus,getMallGoodsByMallClassficationIdOnOMS,getRenewPackageMallGoods&amp;owner=ms&amp;pid=1122&amp;retries=0&amp;revision=1.0.0-20170905.023219-100&amp;side=provider&amp;threadpool=fixed&amp;threads=800&amp;timeout=100000&amp;timestamp=1504579594204&amp;version=1.0.0}, dubbo version: 2.5.3, current host: 127.0.0.1
2018-04-21 16:30:48.737 [oms-fcwechat] [ZkClient-EventThread-25-192.168.3.206:2181] INFO  org.I0Itec.zkclient.ZkEventThread - Starting ZkClient event thread.
2018-04-21 16:30:51.233 [oms-fcwechat] [main] INFO  org.apache.zookeeper.ZooKeeper - Client environment:zookeeper.version=3.4.6-1569965, built on 02/20/2014 09:09 GMT
2018-04-21 16:30:51.233 [oms-fcwechat] [main] INFO  org.apache.zookeeper.ZooKeeper - Client environment:host.name=192.168.1.208
2018-04-21 16:30:51.233 [oms-fcwechat] [main] INFO  org.apache.zookeeper.ZooKeeper - Client environment:java.version=1.8.0_91
2018-04-21 16:30:51.233 [oms-fcwechat] [main] INFO  org.apache.zookeeper.ZooKeeper - Client environment:java.vendor=Oracle Corporation
2018-04-21 16:30:51.233 [oms-fcwechat] [main] INFO  org.apache.zookeeper.ZooKeeper - Client environment:java.home=D:\Program Files\Java\jdk1.8.0_91\jre
2018-04-21 16:30:51.235 [oms-fcwechat] [main] INFO  org.apache.zookeeper.ZooKeeper - Client environment:java.class.path=F:\eclipseWork\glsx-oms\oms-fcwechat\target\test-classes;F:\eclipseWork\glsx-oms\oms-fcwechat\target\classes;D:\java\java\manve_lib\repository\org\oreframework\boot\ore-boot-starter-diamond\1.0.10-SNAPSHOT\ore-boot-starter-diamond-1.0.10-SNAPSHOT.jar;D:\java\java\manve_lib\repository\org\oreframework\boot\ore-boot-starter\1.0.10-SNAPSHOT\ore-boot-starter-1.0.10-SNAPSHOT.jar;D:\java\java\manve_lib\repository\org\oreframework\boot\ore-boot\1.0.10-SNAPSHOT\ore-boot-1.0.10-SNAPSHOT.jar;D:\java\java\manve_lib\repository\ch\qos\logback\logback-access\1.1.9\logback-access-1.1.9.jar;D:\java\java\manve_lib\repository\ch\qos\logback\logback-classic\1.1.9\logback-classic-1.1.9.jar;D:\java\java\manve_lib\repository\ch\qos\logback\logback-core\1.1.9\logback-core-1.1.9.jar;D:\java\java\manve_lib\repository\org\oreframework\ore-util\2.0.9-SNAPSHOT\ore-util-2.0.9-SNAPSHOT.jar;D:\java\java\manve_lib\repository\gnu-regexp\gnu-regexp\1.1.4\gnu-regexp-1.1.4.jar;D:\java\java\manve_lib\repository\com\belerweb\pinyin4j\2.5.0\pinyin4j-2.5.0.jar;D:\java\java\manve_lib\repository\net\sf\json-lib\json-lib\2.4\json-lib-2.4-jdk15.jar;D:\java\java\manve_lib\repository\net\sf\ezmorph\ezmorph\1.0.5\ezmorph-1.0.5.jar;D:\java\java\manve_lib\repository\com\google\code\gson\gson\2.2.2\gson-2.2.2.jar;D:\java\java\manve_lib\repository\cglib\cglib-nodep\2.2.2\cglib-nodep-2.2.2.jar;D:\java\java\manve_lib\repository\com\google\zxing\core\3.3.1\core-3.3.1.jar;D:\java\java\manve_lib\repository\com\google\zxing\javase\3.3.1\javase-3.3.1.jar;D:\java\java\manve_lib\repository\com\beust\jcommander\1.72\jcommander-1.72.jar;D:\java\java\manve_lib\repository\com\github\jai-imageio\jai-imageio-core\1.3.1\jai-imageio-core-1.3.1.jar;D:\java\java\manve_lib\repository\org\oreframework\ore-context\2.0.9-SNAPSHOT\ore-context-2.0.9-SNAPSHOT.jar;D:\java\java\manve_lib\repository\org\oreframework\common\ore-common-beanutils\2.0.9-SNAPSHOT\ore-common-beanutils-2.0.9-SNAPSHOT.jar;D:\java\java\manve_lib\repository\org\oreframework\boot\ore-boot-web\1.0.10-SNAPSHOT\ore-boot-web-1.0.10-SNAPSHOT.jar;D:\java\java\manve_lib\repository\org\oreframework\ore-web\2.0.9-SNAPSHOT\ore-web-2.0.9-SNAPSHOT.jar;D:\java\java\manve_lib\repository\org\oreframework\common\ore-common-lang\2.0.9-SNAPSHOT\ore-common-lang-2.0.9-SNAPSHOT.jar;D:\java\java\manve_lib\repository\javax\servlet\javax.servlet-api\3.1.0\javax.servlet-api-3.1.0.jar;D:\java\java\manve_lib\repository\org\apache\poi\poi\3.9\poi-3.9.jar;D:\java\java\manve_lib\repository\org\apache\poi\poi-ooxml\3.9\poi-ooxml-3.9.jar;D:\java\java\manve_lib\repository\org\apache\poi\poi-ooxml-schemas\3.9\poi-ooxml-schemas-3.9.jar;D:\java\java\manve_lib\repository\org\apache\xmlbeans\xmlbeans\2.3.0\xmlbeans-2.3.0.jar;D:\java\java\manve_lib\repository\stax\stax-api\1.0.1\stax-api-1.0.1.jar;D:\java\java\manve_lib\repository\org\oreframework\boot\ore-boot-autoconfigure\1.0.10-SNAPSHOT\ore-boot-autoconfigure-1.0.10-SNAPSHOT.jar;D:\java\java\manve_lib\repository\org\springframework\boot\spring-boot-starter-web\1.5.1.RELEASE\spring-boot-starter-web-1.5.1.RELEASE.jar;D:\java\java\manve_lib\repository\com\fasterxml\jackson\core\jackson-databind\2.8.6\jackson-databind-2.8.6.jar;D:\java\java\manve_lib\repository\org\springframework\boot\spring-boot-starter\1.5.1.RELEASE\spring-boot-starter-1.5.1.RELEASE.jar;D:\java\java\manve_lib\repository\org\springframework\boot\spring-boot-starter-logging\1.5.1.RELEASE\spring-boot-starter-logging-1.5.1.RELEASE.jar;D:\java\java\manve_lib\repository\org\slf4j\jul-to-slf4j\1.7.22\jul-to-slf4j-1.7.22.jar;D:\java\java\manve_lib\repository\org\slf4j\log4j-over-slf4j\1.7.22\log4j-over-slf4j-1.7.22.jar;D:\java\java\manve_lib\repository\org\yaml\snakeyaml\1.17\snakeyaml-1.17.jar;D:\java\java\manve_lib\repository\org\springframework\boot\spring-boot-starter-jetty\1.5.1.RELEASE\spring-boot-starter-jetty-1.5.1.RELEASE.jar;D:\java\java\manve_lib\repository\org\eclipse\jetty\jetty-servlets\9.4.1.v20170120\jetty-servlets-9.4.1.v20170120.jar;D:\java\java\manve_lib\repository\org\eclipse\jetty\jetty-continuation\9.4.1.v20170120\jetty-continuation-9.4.1.v20170120.jar;D:\java\java\manve_lib\repository\org\eclipse\jetty\jetty-http\9.4.1.v20170120\jetty-http-9.4.1.v20170120.jar;D:\java\java\manve_lib\repository\org\eclipse\jetty\jetty-util\9.4.1.v20170120\jetty-util-9.4.1.v20170120.jar;D:\java\java\manve_lib\repository\org\eclipse\jetty\jetty-io\9.4.1.v20170120\jetty-io-9.4.1.v20170120.jar;D:\java\java\manve_lib\repository\org\eclipse\jetty\jetty-webapp\9.4.1.v20170120\jetty-webapp-9.4.1.v20170120.jar;D:\java\java\manve_lib\repository\org\eclipse\jetty\jetty-xml\9.4.1.v20170120\jetty-xml-9.4.1.v20170120.jar;D:\java\java\manve_lib\repository\org\eclipse\jetty\jetty-servlet\9.4.1.v20170120\jetty-servlet-9.4.1.v20170120.jar;D:\java\java\manve_lib\repository\org\eclipse\jetty\jetty-security\9.4.1.v20170120\jetty-security-9.4.1.v20170120.jar;D:\java\java\manve_lib\repository\org\eclipse\jetty\jetty-server\9.4.1.v20170120\jetty-server-9.4.1.v20170120.jar;D:\java\java\manve_lib\repository\org\eclipse\jetty\websocket\websocket-server\9.4.1.v20170120\websocket-server-9.4.1.v20170120.jar;D:\java\java\manve_lib\repository\org\eclipse\jetty\websocket\websocket-common\9.4.1.v20170120\websocket-common-9.4.1.v20170120.jar;D:\java\java\manve_lib\repository\org\eclipse\jetty\websocket\websocket-api\9.4.1.v20170120\websocket-api-9.4.1.v20170120.jar;D:\java\java\manve_lib\repository\org\eclipse\jetty\websocket\websocket-client\9.4.1.v20170120\websocket-client-9.4.1.v20170120.jar;D:\java\java\manve_lib\repository\org\eclipse\jetty\jetty-client\9.4.1.v20170120\jetty-client-9.4.1.v20170120.jar;D:\java\java\manve_lib\repository\org\eclipse\jetty\websocket\websocket-servlet\9.4.1.v20170120\websocket-servlet-9.4.1.v20170120.jar;D:\java\java\manve_lib\repository\org\eclipse\jetty\websocket\javax-websocket-server-impl\9.4.1.v20170120\javax-websocket-server-impl-9.4.1.v20170120.jar;D:\java\java\manve_lib\repository\org\eclipse\jetty\jetty-annotations\9.4.1.v20170120\jetty-annotations-9.4.1.v20170120.jar;D:\java\java\manve_lib\repository\org\eclipse\jetty\jetty-plus\9.4.1.v20170120\jetty-plus-9.4.1.v20170120.jar;D:\java\java\manve_lib\repository\javax\annotation\javax.annotation-api\1.2\javax.annotation-api-1.2.jar;D:\java\java\manve_lib\repository\org\ow2\asm\asm-commons\5.1\asm-commons-5.1.jar;D:\java\java\manve_lib\repository\org\ow2\asm\asm-tree\5.1\asm-tree-5.1.jar;D:\java\java\manve_lib\repository\org\eclipse\jetty\websocket\javax-websocket-client-impl\9.4.1.v20170120\javax-websocket-client-impl-9.4.1.v20170120.jar;D:\java\java\manve_lib\repository\javax\websocket\javax.websocket-api\1.0\javax.websocket-api-1.0.jar;D:\java\java\manve_lib\repository\org\mortbay\jasper\apache-el\8.0.33\apache-el-8.0.33.jar;D:\java\java\manve_lib\repository\com\taobao\diamond\diamond-client\2.0.5.5\diamond-client-2.0.5.5.jar;D:\java\java\manve_lib\repository\com\taobao\diamond\diamond-utils\2.0.5.5\diamond-utils-2.0.5.5.jar;D:\java\java\manve_lib\repository\org\codehaus\jackson\jackson-core-lgpl\1.9.13\jackson-core-lgpl-1.9.13.jar;D:\java\java\manve_lib\repository\org\codehaus\jackson\jackson-mapper-lgpl\1.9.13\jackson-mapper-lgpl-1.9.13.jar;D:\java\java\manve_lib\repository\commons-logging\commons-logging\1.1\commons-logging-1.1.jar;D:\java\java\manve_lib\repository\logkit\logkit\1.0.1\logkit-1.0.1.jar;D:\java\java\manve_lib\repository\avalon-framework\avalon-framework\4.1.3\avalon-framework-4.1.3.jar;D:\java\java\manve_lib\repository\javax\servlet\servlet-api\2.3\servlet-api-2.3.jar;D:\java\java\manve_lib\repository\commons-httpclient\commons-httpclient\3.1\commons-httpclient-3.1.jar;D:\java\java\manve_lib\repository\commons-io\commons-io\2.4\commons-io-2.4.jar;D:\java\java\manve_lib\repository\commons-lang\commons-lang\2.4\commons-lang-2.4.jar;D:\java\java\manve_lib\repository\org\apache\zookeeper\zookeeper\3.4.6\zookeeper-3.4.6.jar;D:\java\java\manve_lib\repository\org\slf4j\slf4j-api\1.7.6\slf4j-api-1.7.6.jar;D:\java\java\manve_lib\repository\log4j\log4j\1.2.17\log4j-1.2.17.jar;D:\java\java\manve_lib\repository\jline\jline\0.9.94\jline-0.9.94.jar;D:\java\java\manve_lib\repository\io\netty\netty\3.7.0.Final\netty-3.7.0.Final.jar;D:\java\java\manve_lib\repository\com\github\sgroschupf\zkclient\0.1\zkclient-0.1.jar;D:\java\java\manve_lib\repository\org\oreframework\boot\ore-boot-starter-wechat\1.0.10-SNAPSHOT\ore-boot-starter-wechat-1.0.10-SNAPSHOT.jar;D:\java\java\manve_lib\repository\org\oreframework\wechat\ore-wechat-wechat4j\2.0.9-SNAPSHOT\ore-wechat-wechat4j-2.0.9-SNAPSHOT.jar;D:\java\java\manve_lib\repository\org\apache\httpcomponents\httpmime\4.3.6\httpmime-4.3.6.jar;D:\java\java\manve_lib\repository\org\oreframework\wechat\ore-wechat-weixin4j\2.0.9-SNAPSHOT\ore-wechat-weixin4j-2.0.9-SNAPSHOT.jar;D:\java\java\manve_lib\repository\org\oreframework\wechat\ore-wechat-wxtools\2.0.9-SNAPSHOT\ore-wechat-wxtools-2.0.9-SNAPSHOT.jar;D:\java\java\manve_lib\repository\org\apache\httpcomponents\httpclient\4.3.6\httpclient-4.3.6.jar;D:\java\java\manve_lib\repository\org\apache\httpcomponents\httpcore\4.4.6\httpcore-4.4.6.jar;D:\java\java\manve_lib\repository\org\codehaus\jackson\jackson-mapper-asl\1.9.13\jackson-mapper-asl-1.9.13.jar;D:\java\java\manve_lib\repository\com\thoughtworks\xstream\xstream\1.4.7\xstream-1.4.7.jar;D:\java\java\manve_lib\repository\xmlpull\xmlpull\1.1.3.1\xmlpull-1.1.3.1.jar;D:\java\java\manve_lib\repository\xpp3\xpp3_min\1.1.4c\xpp3_min-1.1.4c.jar;D:\java\java\manve_lib\repository\org\oreframework\boot\ore-boot-starter-dubbo\1.0.10-SNAPSHOT\ore-boot-starter-dubbo-1.0.10-SNAPSHOT.jar;D:\java\java\manve_lib\repository\com\alibaba\dubbo\2.5.3\dubbo-2.5.3.jar;D:\java\java\manve_lib\repository\org\javassist\javassist\3.21.0-GA\javassist-3.21.0-GA.jar;D:\java\java\manve_lib\repository\org\jboss\netty\netty\3.2.5.Final\netty-3.2.5.Final.jar;D:\java\java\manve_lib\repository\org\oreframework\boot\ore-boot-starter-datasource\1.0.10-SNAPSHOT\ore-boot-starter-datasource-1.0.10-SNAPSHOT.jar;D:\java\java\manve_lib\repository\org\oreframework\ore-datasource\2.0.9-SNAPSHOT\ore-datasource-2.0.9-SNAPSHOT.jar;D:\java\java\manve_lib\repository\org\springframework\boot\spring-boot-starter-jdbc\1.5.1.RELEASE\spring-boot-starter-jdbc-1.5.1.RELEASE.jar;D:\java\java\manve_lib\repository\org\apache\tomcat\tomcat-jdbc\8.5.11\tomcat-jdbc-8.5.11.jar;D:\java\java\manve_lib\repository\org\apache\tomcat\tomcat-juli\8.5.11\tomcat-juli-8.5.11.jar;D:\java\java\manve_lib\repository\org\springframework\spring-jdbc\4.3.6.RELEASE\spring-jdbc-4.3.6.RELEASE.jar;D:\java\java\manve_lib\repository\org\springframework\spring-beans\4.3.6.RELEASE\spring-beans-4.3.6.RELEASE.jar;D:\java\java\manve_lib\repository\org\springframework\spring-tx\4.3.6.RELEASE\spring-tx-4.3.6.RELEASE.jar;D:\java\java\manve_lib\repository\org\mybatis\mybatis-spring\1.3.1\mybatis-spring-1.3.1.jar;D:\java\java\manve_lib\repository\org\mybatis\mybatis\3.4.2\mybatis-3.4.2.jar;D:\java\java\manve_lib\repository\org\mybatis\generator\mybatis-generator-core\1.3.5\mybatis-generator-core-1.3.5.jar;D:\java\java\manve_lib\repository\mysql\mysql-connector-java\5.1.40\mysql-connector-java-5.1.40.jar;D:\java\java\manve_lib\repository\com\alibaba\druid\1.0.11\druid-1.0.11.jar;D:\Program Files\Java\jdk1.8.0_91\jre\..\lib\jconsole.jar;D:\Program Files\Java\jdk1.8.0_91\jre\..\lib\tools.jar;D:\java\java\manve_lib\repository\com\github\pagehelper\pagehelper\5.0.0\pagehelper-5.0.0.jar;D:\java\java\manve_lib\repository\com\github\jsqlparser\jsqlparser\0.9.5\jsqlparser-0.9.5.jar;D:\java\java\manve_lib\repository\tk\mybatis\mapper\3.4.0\mapper-3.4.0.jar;D:\java\java\manve_lib\repository\javax\persistence\persistence-api\1.0.2\persistence-api-1.0.2.jar;D:\java\java\manve_lib\repository\org\oreframework\boot\ore-boot-starter-rop\1.0.10-SNAPSHOT\ore-boot-starter-rop-1.0.10-SNAPSHOT.jar;D:\java\java\manve_lib\repository\org\codehaus\woodstox\stax2-api\4.0.0\stax2-api-4.0.0.jar;D:\java\java\manve_lib\repository\com\bookegou\rop\1.0\rop-1.0.jar;D:\java\java\manve_lib\repository\org\slf4j\slf4j-log4j12\1.7.22\slf4j-log4j12-1.7.22.jar;D:\java\java\manve_lib\repository\commons-codec\commons-codec\1.10\commons-codec-1.10.jar;D:\java\java\manve_lib\repository\org\springframework\spring-context\4.3.6.RELEASE\spring-context-4.3.6.RELEASE.jar;D:\java\java\manve_lib\repository\org\springframework\spring-aop\4.3.6.RELEASE\spring-aop-4.3.6.RELEASE.jar;D:\java\java\manve_lib\repository\org\springframework\spring-expression\4.3.6.RELEASE\spring-expression-4.3.6.RELEASE.jar;D:\java\java\manve_lib\repository\org\springframework\spring-context-support\4.3.6.RELEASE\spring-context-support-4.3.6.RELEASE.jar;D:\java\java\manve_lib\repository\org\springframework\spring-web\4.3.6.RELEASE\spring-web-4.3.6.RELEASE.jar;D:\java\java\manve_lib\repository\org\springframework\spring-webmvc\4.3.6.RELEASE\spring-webmvc-4.3.6.RELEASE.jar;D:\java\java\manve_lib\repository\javax\validation\validation-api\1.1.0.Final\validation-api-1.1.0.Final.jar;D:\java\java\manve_lib\repository\org\hibernate\hibernate-validator\5.3.4.Final\hibernate-validator-5.3.4.Final.jar;D:\java\java\manve_lib\repository\org\jboss\logging\jboss-logging\3.3.0.Final\jboss-logging-3.3.0.Final.jar;D:\java\java\manve_lib\repository\com\fasterxml\classmate\1.3.3\classmate-1.3.3.jar;D:\java\java\manve_lib\repository\org\codehaus\jackson\jackson-core-asl\1.9.5\jackson-core-asl-1.9.5.jar;D:\java\java\manve_lib\repository\org\codehaus\jackson\jackson-jaxrs\1.9.5\jackson-jaxrs-1.9.5.jar;D:\java\java\manve_lib\repository\org\codehaus\jackson\jackson-xc\1.9.5\jackson-xc-1.9.5.jar;D:\java\java\manve_lib\repository\com\fasterxml\jackson\dataformat\jackson-dataformat-xml\2.8.6\jackson-dataformat-xml-2.8.6.jar;D:\java\java\manve_lib\repository\com\fasterxml\jackson\core\jackson-core\2.8.6\jackson-core-2.8.6.jar;D:\java\java\manve_lib\repository\com\fasterxml\jackson\core\jackson-annotations\2.8.0\jackson-annotations-2.8.0.jar;D:\java\java\manve_lib\repository\com\fasterxml\jackson\module\jackson-module-jaxb-annotations\2.8.6\jackson-module-jaxb-annotations-2.8.6.jar;D:\java\java\manve_lib\repository\com\fasterxml\woodstox\woodstox-core\5.0.3\woodstox-core-5.0.3.jar;D:\java\java\manve_lib\repository\com\zbj\zop\rop-client\1.0.4\rop-client-1.0.4.jar;D:\java\java\manve_lib\repository\junit\junit\4.12\junit-4.12.jar;D:\java\java\manve_lib\repository\org\hamcrest\hamcrest-core\1.3\hamcrest-core-1.3.jar;D:\java\java\manve_lib\repository\com\alibaba\fastjson\1.2.7\fastjson-1.2.7.jar;D:\java\java\manve_lib\repository\com\glsx\biz\biz-base-service\2.2.0-SNAPSHOT\biz-base-service-2.2.0-SNAPSHOT.jar;D:\java\java\manve_lib\repository\com\glsx\biz\biz-base-common\2.2.0-SNAPSHOT\biz-base-common-2.2.0-SNAPSHOT.jar;D:\java\java\manve_lib\repository\com\glsx\biz\biz-common-core\2.2.0-SNAPSHOT\biz-common-core-2.2.0-SNAPSHOT.jar;D:\java\java\manve_lib\repository\org\hibernate\javax\persistence\hibernate-jpa-2.0-api\1.0.0.Final\hibernate-jpa-2.0-api-1.0.0.Final.jar;D:\java\java\manve_lib\repository\org\hibernate\hibernate-core\5.0.11.Final\hibernate-core-5.0.11.Final.jar;D:\java\java\manve_lib\repository\org\hibernate\javax\persistence\hibernate-jpa-2.1-api\1.0.0.Final\hibernate-jpa-2.1-api-1.0.0.Final.jar;D:\java\java\manve_lib\repository\antlr\antlr\2.7.7\antlr-2.7.7.jar;D:\java\java\manve_lib\repository\org\apache\geronimo\specs\geronimo-jta_1.1_spec\1.1.1\geronimo-jta_1.1_spec-1.1.1.jar;D:\java\java\manve_lib\repository\org\jboss\jandex\2.0.0.Final\jandex-2.0.0.Final.jar;D:\java\java\manve_lib\repository\dom4j\dom4j\1.6.1\dom4j-1.6.1.jar;D:\java\java\manve_lib\repository\org\hibernate\common\hibernate-commons-annotations\5.0.1.Final\hibernate-commons-annotations-5.0.1.Final.jar;D:\java\java\manve_lib\repository\com\glsx\cloudframework\cloudframework-core\2.1.1-SNAPSHOT\cloudframework-core-2.1.1-SNAPSHOT.jar;D:\java\java\manve_lib\repository\com\glsx\cloudframework\cloudframework-module\2.1.1-SNAPSHOT\cloudframework-module-2.1.1-SNAPSHOT.jar;D:\java\java\manve_lib\repository\javax\inject\javax.inject\1\javax.inject-1.jar;D:\java\java\manve_lib\repository\org\slf4j\jcl-over-slf4j\1.7.22\jcl-over-slf4j-1.7.22.jar;D:\java\java\manve_lib\repository\commons-beanutils\commons-beanutils\1.9.3\commons-beanutils-1.9.3.jar;D:\java\java\manve_lib\repository\commons-collections\commons-collections\3.2.2\commons-collections-3.2.2.jar;D:\java\java\manve_lib\repository\commons-pool\commons-pool\1.6\commons-pool-1.6.jar;D:\java\java\manve_lib\repository\net\jcip\jcip-annotations\1.0\jcip-annotations-1.0.jar;D:\java\java\manve_lib\repository\org\aspectj\aspectjrt\1.8.9\aspectjrt-1.8.9.jar;D:\java\java\manve_lib\repository\org\aspectj\aspectjweaver\1.8.9\aspectjweaver-1.8.9.jar;D:\java\java\manve_lib\repository\com\glsx\cloudframework\cloudframework-exception\2.1.1-SNAPSHOT\cloudframework-exception-2.1.1-SNAPSHOT.jar;D:\java\java\manve_lib\repository\org\springframework\spring-test\4.3.6.RELEASE\spring-test-4.3.6.RELEASE.jar;D:\java\java\manve_lib\repository\org\springframework\spring-core\4.3.6.RELEASE\spring-core-4.3.6.RELEASE.jar;D:\java\java\manve_lib\repository\org\springframework\boot\spring-boot-starter-test\1.5.1.RELEASE\spring-boot-starter-test-1.5.1.RELEASE.jar;D:\java\java\manve_lib\repository\org\springframework\boot\spring-boot-test\1.5.1.RELEASE\spring-boot-test-1.5.1.RELEASE.jar;D:\java\java\manve_lib\repository\org\springframework\boot\spring-boot\1.5.1.RELEASE\spring-boot-1.5.1.RELEASE.jar;D:\java\java\manve_lib\repository\org\springframework\boot\spring-boot-test-autoconfigure\1.5.1.RELEASE\spring-boot-test-autoconfigure-1.5.1.RELEASE.jar;D:\java\java\manve_lib\repository\org\springframework\boot\spring-boot-autoconfigure\1.5.1.RELEASE\spring-boot-autoconfigure-1.5.1.RELEASE.jar;D:\java\java\manve_lib\repository\com\jayway\jsonpath\json-path\2.2.0\json-path-2.2.0.jar;D:\java\java\manve_lib\repository\net\minidev\json-smart\2.2.1\json-smart-2.2.1.jar;D:\java\java\manve_lib\repository\net\minidev\accessors-smart\1.1\accessors-smart-1.1.jar;D:\java\java\manve_lib\repository\org\ow2\asm\asm\5.0.3\asm-5.0.3.jar;D:\java\java\manve_lib\repository\org\assertj\assertj-core\2.6.0\assertj-core-2.6.0.jar;D:\java\java\manve_lib\repository\org\mockito\mockito-core\1.10.19\mockito-core-1.10.19.jar;D:\java\java\manve_lib\repository\org\objenesis\objenesis\2.1\objenesis-2.1.jar;D:\java\java\manve_lib\repository\org\hamcrest\hamcrest-library\1.3\hamcrest-library-1.3.jar;D:\java\java\manve_lib\repository\org\skyscreamer\jsonassert\1.4.0\jsonassert-1.4.0.jar;D:\java\java\manve_lib\repository\com\vaadin\external\google\android-json\0.0.20131108.vaadin1\android-json-0.0.20131108.vaadin1.jar;
2018-04-21 16:30:51.235 [oms-fcwechat] [main] INFO  org.apache.zookeeper.ZooKeeper - Client environment:java.library.path=D:\Program Files\Java\jdk1.8.0_91\jre\bin;C:\windows\Sun\Java\bin;C:\windows\system32;C:\windows;D:\Program Files\Java\jdk1.8.0_91\jre\bin;C:/Program Files/Java/jre1.8.0_171/bin/server;C:/Program Files/Java/jre1.8.0_171/bin;C:/Program Files/Java/jre1.8.0_171/lib/amd64;D:\Program Files\Python37\Scripts\;D:\Program Files\Python37\;C:\Program Files (x86)\Common Files\Oracle\Java\javapath;C:\ProgramData\Oracle\Java\javapath;C:\Program Files\VanDyke Software\Clients\;C:\Program Files (x86)\Common Files\NetSarang;C:\windows\system32;C:\windows;C:\windows\System32\Wbem;C:\windows\System32\WindowsPowerShell\v1.0\;D:\Program Files\TortoiseSVN\bin;C:\strawberry\c\bin;C:\strawberry\perl\bin;C:\Python27;C:\Program Files\Java\jdk1.8.0_91\bin;C:\Program Files\Java\jdk1.8.0_91\jre/bin;C:\Program Files\MySQL\MySQL Server 5.5\bin;E:\kafka\zookeeper-3.3.6\zookeeper-3.3.6\bin\bin;C:\windows\system32;D:\java\java\apache-maven-3.1.1\bin;D:\Program Files\Jboss\jboss-as-7.1.1.Final\bin;D:\java\java\eclipse-jee-mars;;.
2018-04-21 16:30:51.236 [oms-fcwechat] [main] INFO  org.apache.zookeeper.ZooKeeper - Client environment:java.io.tmpdir=C:\Users\ADMINI~1\AppData\Local\Temp\
2018-04-21 16:30:51.236 [oms-fcwechat] [main] INFO  org.apache.zookeeper.ZooKeeper - Client environment:java.compiler=&lt;NA&gt;
2018-04-21 16:30:51.236 [oms-fcwechat] [main] INFO  org.apache.zookeeper.ZooKeeper - Client environment:os.name=Windows 7
2018-04-21 16:30:51.236 [oms-fcwechat] [main] INFO  org.apache.zookeeper.ZooKeeper - Client environment:os.arch=amd64
2018-04-21 16:30:51.236 [oms-fcwechat] [main] INFO  org.apache.zookeeper.ZooKeeper - Client environment:os.version=6.1
2018-04-21 16:30:51.236 [oms-fcwechat] [main] INFO  org.apache.zookeeper.ZooKeeper - Client environment:user.name=Administrator
2018-04-21 16:30:51.236 [oms-fcwechat] [main] INFO  org.apache.zookeeper.ZooKeeper - Client environment:user.home=C:\Users\Administrator
2018-04-21 16:30:51.236 [oms-fcwechat] [main] INFO  org.apache.zookeeper.ZooKeeper - Client environment:user.dir=F:\eclipseWork\glsx-oms\oms-fcwechat
2018-04-21 16:30:51.239 [oms-fcwechat] [main] INFO  org.apache.zookeeper.ZooKeeper - Initiating client connection, connectString=192.168.3.206:2181 sessionTimeout=30000 watcher=org.I0Itec.zkclient.ZkClient@24a86066
2018-04-21 16:30:51.268 [oms-fcwechat] [main-SendThread(192.168.3.206:2181)] INFO  org.apache.zookeeper.ClientCnxn - Opening socket connection to server 192.168.3.206/192.168.3.206:2181. Will not attempt to authenticate using SASL (unknown error)
2018-04-21 16:30:51.272 [oms-fcwechat] [main-SendThread(192.168.3.206:2181)] INFO  org.apache.zookeeper.ClientCnxn - Socket connection established to 192.168.3.206/192.168.3.206:2181, initiating session
2018-04-21 16:30:51.280 [oms-fcwechat] [main-SendThread(192.168.3.206:2181)] INFO  org.apache.zookeeper.ClientCnxn - Session establishment complete on server 192.168.3.206/192.168.3.206:2181, sessionid = 0x15fc949b6af562c, negotiated timeout = 30000
2018-04-21 16:30:51.282 [oms-fcwechat] [main-EventThread] INFO  org.I0Itec.zkclient.ZkClient - zookeeper state changed (SyncConnected)
2018-04-21 16:30:51.309 [oms-fcwechat] [main] INFO  c.a.d.r.zookeeper.ZookeeperRegistry -  [DUBBO] Register: consumer://192.168.1.208/com.glsx.biz.common.message.service.MessageService?application=consumer&amp;category=consumers&amp;check=false&amp;dubbo=2.5.3&amp;interface=com.glsx.biz.common.message.service.MessageService&amp;methods=checkRandomPassword,getCheckCodeStatus,receiveMessage,createUnsubscription,getCheckCodeInfo,sendMessage,queryUnsubscription,queryMessage,sendSmsMessage&amp;owner=ore&amp;pid=3000&amp;revision=2.2.0-SNAPSHOT&amp;side=consumer&amp;timeout=10000&amp;timestamp=1524299448580&amp;version=2.2.0, dubbo version: 2.5.3, current host: 192.168.1.208
2018-04-21 16:30:51.331 [oms-fcwechat] [main] INFO  c.a.d.r.zookeeper.ZookeeperRegistry -  [DUBBO] Subscribe: consumer://192.168.1.208/com.glsx.biz.common.message.service.MessageService?application=consumer&amp;category=providers,configurators,routers&amp;dubbo=2.5.3&amp;interface=com.glsx.biz.common.message.service.MessageService&amp;methods=checkRandomPassword,getCheckCodeStatus,receiveMessage,createUnsubscription,getCheckCodeInfo,sendMessage,queryUnsubscription,queryMessage,sendSmsMessage&amp;owner=ore&amp;pid=3000&amp;revision=2.2.0-SNAPSHOT&amp;side=consumer&amp;timeout=10000&amp;timestamp=1524299448580&amp;version=2.2.0, dubbo version: 2.5.3, current host: 192.168.1.208
2018-04-21 16:30:51.380 [oms-fcwechat] [main] INFO  c.a.d.r.zookeeper.ZookeeperRegistry -  [DUBBO] Notify urls for subscribe url consumer://192.168.1.208/com.glsx.biz.common.message.service.MessageService?application=consumer&amp;category=providers,configurators,routers&amp;dubbo=2.5.3&amp;interface=com.glsx.biz.common.message.service.MessageService&amp;methods=checkRandomPassword,getCheckCodeStatus,receiveMessage,createUnsubscription,getCheckCodeInfo,sendMessage,queryUnsubscription,queryMessage,sendSmsMessage&amp;owner=ore&amp;pid=3000&amp;revision=2.2.0-SNAPSHOT&amp;side=consumer&amp;timeout=10000&amp;timestamp=1524299448580&amp;version=2.2.0, urls: [dubbo://192.168.3.188:9015/com.glsx.biz.common.message.service.MessageService?anyhost=true&amp;application=logic-biz-common-service-provider&amp;dubbo=2.5.3&amp;interface=com.glsx.biz.common.message.service.MessageService&amp;methods=queryMessage,sendMessage,getCheckCodeInfo,createUnsubscription,getCheckCodeStatus,receiveMessage,sendSmsMessage,checkRandomPassword,queryUnsubscription&amp;owner=ms&amp;pid=24986&amp;retries=0&amp;revision=2.2.0-20170810.082309-90&amp;side=provider&amp;threadpool=fixed&amp;threads=800&amp;timestamp=1521022141498&amp;version=2.2.0, empty://192.168.1.208/com.glsx.biz.common.message.service.MessageService?application=consumer&amp;category=configurators&amp;dubbo=2.5.3&amp;interface=com.glsx.biz.common.message.service.MessageService&amp;methods=checkRandomPassword,getCheckCodeStatus,receiveMessage,createUnsubscription,getCheckCodeInfo,sendMessage,queryUnsubscription,queryMessage,sendSmsMessage&amp;owner=ore&amp;pid=3000&amp;revision=2.2.0-SNAPSHOT&amp;side=consumer&amp;timeout=10000&amp;timestamp=1524299448580&amp;version=2.2.0, empty://192.168.1.208/com.glsx.biz.common.message.service.MessageService?application=consumer&amp;category=routers&amp;dubbo=2.5.3&amp;interface=com.glsx.biz.common.message.service.MessageService&amp;methods=checkRandomPassword,getCheckCodeStatus,receiveMessage,createUnsubscription,getCheckCodeInfo,sendMessage,queryUnsubscription,queryMessage,sendSmsMessage&amp;owner=ore&amp;pid=3000&amp;revision=2.2.0-SNAPSHOT&amp;side=consumer&amp;timeout=10000&amp;timestamp=1524299448580&amp;version=2.2.0], dubbo version: 2.5.3, current host: 192.168.1.208
2018-04-21 16:30:51.662 [oms-fcwechat] [main] INFO  c.a.d.r.transport.AbstractClient -  [DUBBO] Successed connect to server /192.168.3.188:9015 from NettyClient 192.168.1.208 using dubbo version 2.5.3, channel is NettyChannel [channel=[id: 0x196eb54c, /192.168.1.208:52726 =&gt; /192.168.3.188:9015]], dubbo version: 2.5.3, current host: 192.168.1.208
2018-04-21 16:30:51.663 [oms-fcwechat] [main] INFO  c.a.d.r.transport.AbstractClient -  [DUBBO] Start NettyClient johnny-PC/192.168.1.208 connect to the server /192.168.3.188:9015, dubbo version: 2.5.3, current host: 192.168.1.208
2018-04-21 16:30:51.734 [oms-fcwechat] [main] INFO  c.a.dubbo.config.AbstractConfig -  [DUBBO] Refer dubbo service com.glsx.biz.common.message.service.MessageService from url zookeeper://192.168.3.206:2181/com.alibaba.dubbo.registry.RegistryService?anyhost=true&amp;application=consumer&amp;check=false&amp;dubbo=2.5.3&amp;interface=com.glsx.biz.common.message.service.MessageService&amp;methods=checkRandomPassword,getCheckCodeStatus,receiveMessage,createUnsubscription,getCheckCodeInfo,sendMessage,queryUnsubscription,queryMessage,sendSmsMessage&amp;owner=ore&amp;pid=3000&amp;retries=0&amp;revision=2.2.0-SNAPSHOT&amp;side=consumer&amp;timeout=10000&amp;timestamp=1524299448580&amp;version=2.2.0, dubbo version: 2.5.3, current host: 192.168.1.208
2018-04-21 16:30:51.748 [oms-fcwechat] [main] INFO  o.s.c.s.PostProcessorRegistrationDelegate$BeanPostProcessorChecker - Bean &apos;authController&apos; of type [class com.glsx.oms.fcwechat.biz.flowcard.controller.AuthController] is not eligible for getting processed by all BeanPostProcessors (for example: not eligible for auto-proxying)
2018-04-21 16:30:51.754 [oms-fcwechat] [main] INFO  o.s.c.s.PostProcessorRegistrationDelegate$BeanPostProcessorChecker - Bean &apos;commonController&apos; of type [class com.glsx.oms.fcwechat.biz.flowcard.controller.CommonController] is not eligible for getting processed by all BeanPostProcessors (for example: not eligible for auto-proxying)
2018-04-21 16:30:51.779 [oms-fcwechat] [main] INFO  o.s.c.s.PostProcessorRegistrationDelegate$BeanPostProcessorChecker - Bean &apos;wxToolsProperties&apos; of type [class com.glsx.oms.fcwechat.framework.config.WxToolsProperties$$EnhancerBySpringCGLIB$$47007253] is not eligible for getting processed by all BeanPostProcessors (for example: not eligible for auto-proxying)
2018-04-21 16:30:51.805 [oms-fcwechat] [main] INFO  o.s.c.s.PostProcessorRegistrationDelegate$BeanPostProcessorChecker - Bean &apos;payProperty&apos; of type [class com.glsx.oms.fcwechat.framework.config.PayProperty$$EnhancerBySpringCGLIB$$ee6e99e3] is not eligible for getting processed by all BeanPostProcessors (for example: not eligible for auto-proxying)
2018-04-21 16:30:51.847 [oms-fcwechat] [main] INFO  o.s.c.s.PostProcessorRegistrationDelegate$BeanPostProcessorChecker - Bean &apos;mybatis-org.oreframework.boot.autoconfigure.datasource.mybatis.MybatisProperties&apos; of type [class org.oreframework.boot.autoconfigure.datasource.mybatis.MybatisProperties] is not eligible for getting processed by all BeanPostProcessors (for example: not eligible for auto-proxying)
2018-04-21 16:30:51.861 [oms-fcwechat] [main] INFO  o.s.c.s.PostProcessorRegistrationDelegate$BeanPostProcessorChecker - Bean &apos;org.oreframework.boot.autoconfigure.datasource.mybatis.MybatisAutoConfiguration&apos; of type [class org.oreframework.boot.autoconfigure.datasource.mybatis.MybatisAutoConfiguration$$EnhancerBySpringCGLIB$$f0d876d4] is not eligible for getting processed by all BeanPostProcessors (for example: not eligible for auto-proxying)
2018-04-21 16:30:51.874 [oms-fcwechat] [main] INFO  o.s.c.s.PostProcessorRegistrationDelegate$BeanPostProcessorChecker - Bean &apos;org.oreframework.boot.autoconfigure.datasource.customize.mybatis.druid.DruidAutoConfiguration&apos; of type [class org.oreframework.boot.autoconfigure.datasource.customize.mybatis.druid.DruidAutoConfiguration$$EnhancerBySpringCGLIB$$235953bc] is not eligible for getting processed by all BeanPostProcessors (for example: not eligible for auto-proxying)
2018-04-21 16:30:51.900 [oms-fcwechat] [main] INFO  o.s.c.s.PostProcessorRegistrationDelegate$BeanPostProcessorChecker - Bean &apos;org.oreframework.boot.autoconfigure.datasource.customize.mybatis.MybatisPropertiesAutoConfiguration&apos; of type [class org.oreframework.boot.autoconfigure.datasource.customize.mybatis.MybatisPropertiesAutoConfiguration$$EnhancerBySpringCGLIB$$16f2fa6c] is not eligible for getting processed by all BeanPostProcessors (for example: not eligible for auto-proxying)
2018-04-21 16:30:52.033 [oms-fcwechat] [main] INFO  o.s.c.s.PostProcessorRegistrationDelegate$BeanPostProcessorChecker - Bean &apos;druidProperties&apos; of type [class org.oreframework.datasource.druid.DruidProperties] is not eligible for getting processed by all BeanPostProcessors (for example: not eligible for auto-proxying)
2018-04-21 16:30:52.052 [oms-fcwechat] [main] INFO  o.s.c.s.PostProcessorRegistrationDelegate$BeanPostProcessorChecker - Bean &apos;dataSource&apos; of type [class com.alibaba.druid.pool.DruidDataSource] is not eligible for getting processed by all BeanPostProcessors (for example: not eligible for auto-proxying)
2018-04-21 16:30:52.064 [oms-fcwechat] [main] INFO  o.s.c.s.PostProcessorRegistrationDelegate$BeanPostProcessorChecker - Bean &apos;org.springframework.boot.autoconfigure.jdbc.DataSourceAutoConfiguration&apos; of type [class org.springframework.boot.autoconfigure.jdbc.DataSourceAutoConfiguration$$EnhancerBySpringCGLIB$$8289ae62] is not eligible for getting processed by all BeanPostProcessors (for example: not eligible for auto-proxying)
2018-04-21 16:30:52.099 [oms-fcwechat] [main] INFO  o.s.c.s.PostProcessorRegistrationDelegate$BeanPostProcessorChecker - Bean &apos;spring.datasource-org.springframework.boot.autoconfigure.jdbc.DataSourceProperties&apos; of type [class org.springframework.boot.autoconfigure.jdbc.DataSourceProperties] is not eligible for getting processed by all BeanPostProcessors (for example: not eligible for auto-proxying)
2018-04-21 16:30:52.126 [oms-fcwechat] [main] INFO  o.s.c.s.PostProcessorRegistrationDelegate$BeanPostProcessorChecker - Bean &apos;dataSourceInitializer&apos; of type [class org.springframework.boot.autoconfigure.jdbc.DataSourceInitializer] is not eligible for getting processed by all BeanPostProcessors (for example: not eligible for auto-proxying)
2018-04-21 16:30:52.234 [oms-fcwechat] [main] INFO  o.s.c.s.PostProcessorRegistrationDelegate$BeanPostProcessorChecker - Bean &apos;sqlSessionFactory&apos; of type [class org.apache.ibatis.session.defaults.DefaultSqlSessionFactory] is not eligible for getting processed by all BeanPostProcessors (for example: not eligible for auto-proxying)
2018-04-21 16:30:52.525 [oms-fcwechat] [main] INFO  o.s.c.s.PostProcessorRegistrationDelegate$BeanPostProcessorChecker - Bean &apos;sqlSessionTemplate&apos; of type [class org.mybatis.spring.SqlSessionTemplate] is not eligible for getting processed by all BeanPostProcessors (for example: not eligible for auto-proxying)
2018-04-21 16:30:52.659 [oms-fcwechat] [main] INFO  o.s.c.s.PostProcessorRegistrationDelegate$BeanPostProcessorChecker - Bean &apos;payLogMapper&apos; of type [class org.mybatis.spring.mapper.MapperFactoryBean] is not eligible for getting processed by all BeanPostProcessors (for example: not eligible for auto-proxying)
2018-04-21 16:30:52.667 [oms-fcwechat] [main] INFO  o.s.c.s.PostProcessorRegistrationDelegate$BeanPostProcessorChecker - Bean &apos;payLogMapper&apos; of type [class com.sun.proxy.$Proxy83] is not eligible for getting processed by all BeanPostProcessors (for example: not eligible for auto-proxying)
2018-04-21 16:30:52.674 [oms-fcwechat] [main] INFO  o.s.c.s.PostProcessorRegistrationDelegate$BeanPostProcessorChecker - Bean &apos;payLogService&apos; of type [class com.glsx.oms.fcwechat.biz.flowcard.service.PayLogService] is not eligible for getting processed by all BeanPostProcessors (for example: not eligible for auto-proxying)
2018-04-21 16:30:52.675 [oms-fcwechat] [main] INFO  o.s.c.s.PostProcessorRegistrationDelegate$BeanPostProcessorChecker - Bean &apos;flowChargeController&apos; of type [class com.glsx.oms.fcwechat.biz.flowcard.controller.FlowChargeController] is not eligible for getting processed by all BeanPostProcessors (for example: not eligible for auto-proxying)
2018-04-21 16:30:52.680 [oms-fcwechat] [main] INFO  o.s.c.s.PostProcessorRegistrationDelegate$BeanPostProcessorChecker - Bean &apos;flowQueryController&apos; of type [class com.glsx.oms.fcwechat.biz.flowcard.controller.FlowQueryController] is not eligible for getting processed by all BeanPostProcessors (for example: not eligible for auto-proxying)
2018-04-21 16:30:52.682 [oms-fcwechat] [main] INFO  o.s.c.s.PostProcessorRegistrationDelegate$BeanPostProcessorChecker - Bean &apos;scanController&apos; of type [class com.glsx.oms.fcwechat.biz.flowcard.controller.ScanController] is not eligible for getting processed by all BeanPostProcessors (for example: not eligible for auto-proxying)
2018-04-21 16:30:52.691 [oms-fcwechat] [main] INFO  o.s.c.s.PostProcessorRegistrationDelegate$BeanPostProcessorChecker - Bean &apos;exampleController&apos; of type [class com.glsx.oms.fcwechat.biz.flowcard.rop.ExampleController] is not eligible for getting processed by all BeanPostProcessors (for example: not eligible for auto-proxying)
2018-04-21 16:30:52.720 [oms-fcwechat] [main] INFO  o.s.c.s.PostProcessorRegistrationDelegate$BeanPostProcessorChecker - Bean &apos;msgTemplateProperties&apos; of type [class com.glsx.oms.fcwechat.framework.config.MsgTemplateProperties$$EnhancerBySpringCGLIB$$ea16c54] is not eligible for getting processed by all BeanPostProcessors (for example: not eligible for auto-proxying)
2018-04-21 16:30:52.745 [oms-fcwechat] [main] INFO  o.s.c.s.PostProcessorRegistrationDelegate$BeanPostProcessorChecker - Bean &apos;msgLogMapper&apos; of type [class org.mybatis.spring.mapper.MapperFactoryBean] is not eligible for getting processed by all BeanPostProcessors (for example: not eligible for auto-proxying)
2018-04-21 16:30:52.749 [oms-fcwechat] [main] INFO  o.s.c.s.PostProcessorRegistrationDelegate$BeanPostProcessorChecker - Bean &apos;msgLogMapper&apos; of type [class com.sun.proxy.$Proxy86] is not eligible for getting processed by all BeanPostProcessors (for example: not eligible for auto-proxying)
2018-04-21 16:30:52.751 [oms-fcwechat] [main] INFO  o.s.c.s.PostProcessorRegistrationDelegate$BeanPostProcessorChecker - Bean &apos;msgLogService&apos; of type [class com.glsx.oms.fcwechat.biz.flowcard.service.MsgLogService] is not eligible for getting processed by all BeanPostProcessors (for example: not eligible for auto-proxying)
2018-04-21 16:30:52.752 [oms-fcwechat] [main] INFO  o.s.c.s.PostProcessorRegistrationDelegate$BeanPostProcessorChecker - Bean &apos;wxSendMsgController&apos; of type [class com.glsx.oms.fcwechat.biz.flowcard.rop.WxSendMsgController] is not eligible for getting processed by all BeanPostProcessors (for example: not eligible for auto-proxying)
2018-04-21 16:30:52.773 [oms-fcwechat] [main] INFO  o.s.c.s.PostProcessorRegistrationDelegate$BeanPostProcessorChecker - Bean &apos;userMapper&apos; of type [class org.mybatis.spring.mapper.MapperFactoryBean] is not eligible for getting processed by all BeanPostProcessors (for example: not eligible for auto-proxying)
2018-04-21 16:30:52.777 [oms-fcwechat] [main] INFO  o.s.c.s.PostProcessorRegistrationDelegate$BeanPostProcessorChecker - Bean &apos;userMapper&apos; of type [class com.sun.proxy.$Proxy87] is not eligible for getting processed by all BeanPostProcessors (for example: not eligible for auto-proxying)
2018-04-21 16:30:52.779 [oms-fcwechat] [main] INFO  o.s.c.s.PostProcessorRegistrationDelegate$BeanPostProcessorChecker - Bean &apos;userService&apos; of type [class com.glsx.oms.fcwechat.biz.wechat.user.service.UserService] is not eligible for getting processed by all BeanPostProcessors (for example: not eligible for auto-proxying)
2018-04-21 16:30:52.786 [oms-fcwechat] [main] INFO  o.s.c.s.PostProcessorRegistrationDelegate$BeanPostProcessorChecker - Bean &apos;OMSBootStarter&apos; of type [class com.glsx.oms.fcwechat.OMSBootStarter$$EnhancerBySpringCGLIB$$a34c1b0a] is not eligible for getting processed by all BeanPostProcessors (for example: not eligible for auto-proxying)
2018-04-21 16:30:52.805 [oms-fcwechat] [main] INFO  o.s.c.s.PostProcessorRegistrationDelegate$BeanPostProcessorChecker - Bean &apos;wxConfig&apos; of type [class com.glsx.oms.fcwechat.framework.config.WxToolsProperties$$EnhancerBySpringCGLIB$$47007253] is not eligible for getting processed by all BeanPostProcessors (for example: not eligible for auto-proxying)
2018-04-21 16:30:52.813 [oms-fcwechat] [main] INFO  o.s.c.s.PostProcessorRegistrationDelegate$BeanPostProcessorChecker - Bean &apos;org.springframework.boot.autoconfigure.context.PropertyPlaceholderAutoConfiguration&apos; of type [class org.springframework.boot.autoconfigure.context.PropertyPlaceholderAutoConfiguration$$EnhancerBySpringCGLIB$$a14c7d3b] is not eligible for getting processed by all BeanPostProcessors (for example: not eligible for auto-proxying)
2018-04-21 16:30:52.820 [oms-fcwechat] [main] INFO  o.s.c.s.PostProcessorRegistrationDelegate$BeanPostProcessorChecker - Bean &apos;org.springframework.boot.autoconfigure.websocket.WebSocketAutoConfiguration$JettyWebSocketConfiguration&apos; of type [class org.springframework.boot.autoconfigure.websocket.WebSocketAutoConfiguration$JettyWebSocketConfiguration$$EnhancerBySpringCGLIB$$cf175703] is not eligible for getting processed by all BeanPostProcessors (for example: not eligible for auto-proxying)
2018-04-21 16:30:52.834 [oms-fcwechat] [main] INFO  o.s.c.s.PostProcessorRegistrationDelegate$BeanPostProcessorChecker - Bean &apos;websocketContainerCustomizer&apos; of type [class org.springframework.boot.autoconfigure.websocket.JettyWebSocketContainerCustomizer] is not eligible for getting processed by all BeanPostProcessors (for example: not eligible for auto-proxying)
2018-04-21 16:30:52.841 [oms-fcwechat] [main] INFO  o.s.c.s.PostProcessorRegistrationDelegate$BeanPostProcessorChecker - Bean &apos;org.springframework.boot.autoconfigure.websocket.WebSocketAutoConfiguration&apos; of type [class org.springframework.boot.autoconfigure.websocket.WebSocketAutoConfiguration$$EnhancerBySpringCGLIB$$b3469f5a] is not eligible for getting processed by all BeanPostProcessors (for example: not eligible for auto-proxying)
2018-04-21 16:30:52.847 [oms-fcwechat] [main] INFO  o.s.c.s.PostProcessorRegistrationDelegate$BeanPostProcessorChecker - Bean &apos;org.springframework.boot.autoconfigure.web.EmbeddedServletContainerAutoConfiguration$EmbeddedJetty&apos; of type [class org.springframework.boot.autoconfigure.web.EmbeddedServletContainerAutoConfiguration$EmbeddedJetty$$EnhancerBySpringCGLIB$$cb1052b2] is not eligible for getting processed by all BeanPostProcessors (for example: not eligible for auto-proxying)
2018-04-21 16:30:52.898 [oms-fcwechat] [main] INFO  o.s.c.s.PostProcessorRegistrationDelegate$BeanPostProcessorChecker - Bean &apos;org.springframework.boot.autoconfigure.web.HttpEncodingAutoConfiguration&apos; of type [class org.springframework.boot.autoconfigure.web.HttpEncodingAutoConfiguration$$EnhancerBySpringCGLIB$$778271ad] is not eligible for getting processed by all BeanPostProcessors (for example: not eligible for auto-proxying)
2018-04-21 16:30:52.908 [oms-fcwechat] [main] INFO  o.s.c.s.PostProcessorRegistrationDelegate$BeanPostProcessorChecker - Bean &apos;localeCharsetMappingsCustomizer&apos; of type [class org.springframework.boot.autoconfigure.web.HttpEncodingAutoConfiguration$LocaleCharsetMappingsCustomizer] is not eligible for getting processed by all BeanPostProcessors (for example: not eligible for auto-proxying)
2018-04-21 16:30:52.914 [oms-fcwechat] [main] INFO  o.s.c.s.PostProcessorRegistrationDelegate$BeanPostProcessorChecker - Bean &apos;org.springframework.boot.autoconfigure.web.ServerPropertiesAutoConfiguration&apos; of type [class org.springframework.boot.autoconfigure.web.ServerPropertiesAutoConfiguration$$EnhancerBySpringCGLIB$$56eb86d2] is not eligible for getting processed by all BeanPostProcessors (for example: not eligible for auto-proxying)
2018-04-21 16:30:52.949 [oms-fcwechat] [main] INFO  o.s.c.s.PostProcessorRegistrationDelegate$BeanPostProcessorChecker - Bean &apos;serverProperties&apos; of type [class org.springframework.boot.autoconfigure.web.ServerProperties] is not eligible for getting processed by all BeanPostProcessors (for example: not eligible for auto-proxying)
2018-04-21 16:30:52.959 [oms-fcwechat] [main] INFO  o.s.c.s.PostProcessorRegistrationDelegate$BeanPostProcessorChecker - Bean &apos;duplicateServerPropertiesDetector&apos; of type [class org.springframework.boot.autoconfigure.web.ServerPropertiesAutoConfiguration$DuplicateServerPropertiesDetector] is not eligible for getting processed by all BeanPostProcessors (for example: not eligible for auto-proxying)
2018-04-21 16:30:52.986 [oms-fcwechat] [main] INFO  o.s.c.s.PostProcessorRegistrationDelegate$BeanPostProcessorChecker - Bean &apos;spring.resources-org.springframework.boot.autoconfigure.web.ResourceProperties&apos; of type [class org.springframework.boot.autoconfigure.web.ResourceProperties] is not eligible for getting processed by all BeanPostProcessors (for example: not eligible for auto-proxying)
2018-04-21 16:30:52.993 [oms-fcwechat] [main] INFO  o.s.c.s.PostProcessorRegistrationDelegate$BeanPostProcessorChecker - Bean &apos;org.springframework.boot.autoconfigure.web.ErrorMvcAutoConfiguration$DefaultErrorViewResolverConfiguration&apos; of type [class org.springframework.boot.autoconfigure.web.ErrorMvcAutoConfiguration$DefaultErrorViewResolverConfiguration$$EnhancerBySpringCGLIB$$632e1e56] is not eligible for getting processed by all BeanPostProcessors (for example: not eligible for auto-proxying)
2018-04-21 16:30:53.018 [oms-fcwechat] [main] INFO  o.s.c.s.PostProcessorRegistrationDelegate$BeanPostProcessorChecker - Bean &apos;conventionErrorViewResolver&apos; of type [class org.springframework.boot.autoconfigure.web.DefaultErrorViewResolver] is not eligible for getting processed by all BeanPostProcessors (for example: not eligible for auto-proxying)
2018-04-21 16:30:53.025 [oms-fcwechat] [main] INFO  o.s.c.s.PostProcessorRegistrationDelegate$BeanPostProcessorChecker - Bean &apos;org.springframework.boot.autoconfigure.web.ErrorMvcAutoConfiguration&apos; of type [class org.springframework.boot.autoconfigure.web.ErrorMvcAutoConfiguration$$EnhancerBySpringCGLIB$$569114f6] is not eligible for getting processed by all BeanPostProcessors (for example: not eligible for auto-proxying)
2018-04-21 16:30:53.039 [oms-fcwechat] [main] INFO  o.s.c.s.PostProcessorRegistrationDelegate$BeanPostProcessorChecker - Bean &apos;errorPageCustomizer&apos; of type [class org.springframework.boot.autoconfigure.web.ErrorMvcAutoConfiguration$ErrorPageCustomizer] is not eligible for getting processed by all BeanPostProcessors (for example: not eligible for auto-proxying)
2018-04-21 16:30:53.040 [oms-fcwechat] [main] INFO  o.s.c.s.PostProcessorRegistrationDelegate$BeanPostProcessorChecker - Bean &apos;jettyEmbeddedServletContainerFactory&apos; of type [class org.springframework.boot.context.embedded.jetty.JettyEmbeddedServletContainerFactory] is not eligible for getting processed by all BeanPostProcessors (for example: not eligible for auto-proxying)
2018-04-21 16:30:53.049 [oms-fcwechat] [main] INFO  o.s.c.s.PostProcessorRegistrationDelegate$BeanPostProcessorChecker - Bean &apos;org.springframework.boot.autoconfigure.web.EmbeddedServletContainerAutoConfiguration&apos; of type [class org.springframework.boot.autoconfigure.web.EmbeddedServletContainerAutoConfiguration$$EnhancerBySpringCGLIB$$d02db42] is not eligible for getting processed by all BeanPostProcessors (for example: not eligible for auto-proxying)
2018-04-21 16:30:53.063 [oms-fcwechat] [main] INFO  o.s.c.s.PostProcessorRegistrationDelegate$BeanPostProcessorChecker - Bean &apos;spring.mvc-org.springframework.boot.autoconfigure.web.WebMvcProperties&apos; of type [class org.springframework.boot.autoconfigure.web.WebMvcProperties] is not eligible for getting processed by all BeanPostProcessors (for example: not eligible for auto-proxying)
2018-04-21 16:30:53.071 [oms-fcwechat] [main] INFO  o.s.c.s.PostProcessorRegistrationDelegate$BeanPostProcessorChecker - Bean &apos;org.springframework.boot.autoconfigure.web.DispatcherServletAutoConfiguration$DispatcherServletConfiguration&apos; of type [class org.springframework.boot.autoconfigure.web.DispatcherServletAutoConfiguration$DispatcherServletConfiguration$$EnhancerBySpringCGLIB$$46fbba54] is not eligible for getting processed by all BeanPostProcessors (for example: not eligible for auto-proxying)
2018-04-21 16:30:53.136 [oms-fcwechat] [main] INFO  o.s.c.s.PostProcessorRegistrationDelegate$BeanPostProcessorChecker - Bean &apos;dispatcherServlet&apos; of type [class org.springframework.web.servlet.DispatcherServlet] is not eligible for getting processed by all BeanPostProcessors (for example: not eligible for auto-proxying)
2018-04-21 16:30:53.150 [oms-fcwechat] [main] INFO  o.s.c.s.PostProcessorRegistrationDelegate$BeanPostProcessorChecker - Bean &apos;spring.http.multipart-org.springframework.boot.autoconfigure.web.MultipartProperties&apos; of type [class org.springframework.boot.autoconfigure.web.MultipartProperties] is not eligible for getting processed by all BeanPostProcessors (for example: not eligible for auto-proxying)
2018-04-21 16:30:53.158 [oms-fcwechat] [main] INFO  o.s.c.s.PostProcessorRegistrationDelegate$BeanPostProcessorChecker - Bean &apos;org.springframework.boot.autoconfigure.web.MultipartAutoConfiguration&apos; of type [class org.springframework.boot.autoconfigure.web.MultipartAutoConfiguration$$EnhancerBySpringCGLIB$$5b43be48] is not eligible for getting processed by all BeanPostProcessors (for example: not eligible for auto-proxying)
2018-04-21 16:30:53.190 [oms-fcwechat] [main] INFO  o.s.c.s.PostProcessorRegistrationDelegate$BeanPostProcessorChecker - Bean &apos;multipartConfigElement&apos; of type [class javax.servlet.MultipartConfigElement] is not eligible for getting processed by all BeanPostProcessors (for example: not eligible for auto-proxying)
2018-04-21 16:30:53.196 [oms-fcwechat] [main] INFO  o.s.c.s.PostProcessorRegistrationDelegate$BeanPostProcessorChecker - Bean &apos;org.springframework.boot.autoconfigure.web.DispatcherServletAutoConfiguration$DispatcherServletRegistrationConfiguration&apos; of type [class org.springframework.boot.autoconfigure.web.DispatcherServletAutoConfiguration$DispatcherServletRegistrationConfiguration$$EnhancerBySpringCGLIB$$c1eb497b] is not eligible for getting processed by all BeanPostProcessors (for example: not eligible for auto-proxying)
2018-04-21 16:30:53.216 [oms-fcwechat] [main] INFO  o.s.c.s.PostProcessorRegistrationDelegate$BeanPostProcessorChecker - Bean &apos;dispatcherServletRegistration&apos; of type [class org.springframework.boot.web.servlet.ServletRegistrationBean] is not eligible for getting processed by all BeanPostProcessors (for example: not eligible for auto-proxying)
2018-04-21 16:30:53.223 [oms-fcwechat] [main] INFO  o.s.c.s.PostProcessorRegistrationDelegate$BeanPostProcessorChecker - Bean &apos;org.springframework.boot.autoconfigure.web.DispatcherServletAutoConfiguration&apos; of type [class org.springframework.boot.autoconfigure.web.DispatcherServletAutoConfiguration$$EnhancerBySpringCGLIB$$960a4d56] is not eligible for getting processed by all BeanPostProcessors (for example: not eligible for auto-proxying)
2018-04-21 16:30:53.237 [oms-fcwechat] [main] INFO  o.s.c.s.PostProcessorRegistrationDelegate$BeanPostProcessorChecker - Bean &apos;org.springframework.boot.autoconfigure.web.ErrorMvcAutoConfiguration$WhitelabelErrorViewConfiguration&apos; of type [class org.springframework.boot.autoconfigure.web.ErrorMvcAutoConfiguration$WhitelabelErrorViewConfiguration$$EnhancerBySpringCGLIB$$e6dd7c70] is not eligible for getting processed by all BeanPostProcessors (for example: not eligible for auto-proxying)
2018-04-21 16:30:53.251 [oms-fcwechat] [main] INFO  o.s.c.s.PostProcessorRegistrationDelegate$BeanPostProcessorChecker - Bean &apos;error&apos; of type [class org.springframework.boot.autoconfigure.web.ErrorMvcAutoConfiguration$SpelView] is not eligible for getting processed by all BeanPostProcessors (for example: not eligible for auto-proxying)
2018-04-21 16:30:53.320 [oms-fcwechat] [main] INFO  o.s.c.s.PostProcessorRegistrationDelegate$BeanPostProcessorChecker - Bean &apos;beanNameViewResolver&apos; of type [class org.springframework.web.servlet.view.BeanNameViewResolver] is not eligible for getting processed by all BeanPostProcessors (for example: not eligible for auto-proxying)
2018-04-21 16:30:53.327 [oms-fcwechat] [main] INFO  o.s.c.s.PostProcessorRegistrationDelegate$BeanPostProcessorChecker - Bean &apos;errorAttributes&apos; of type [class org.springframework.boot.autoconfigure.web.DefaultErrorAttributes] is not eligible for getting processed by all BeanPostProcessors (for example: not eligible for auto-proxying)
2018-04-21 16:30:53.337 [oms-fcwechat] [main] INFO  o.s.c.s.PostProcessorRegistrationDelegate$BeanPostProcessorChecker - Bean &apos;basicErrorController&apos; of type [class org.springframework.boot.autoconfigure.web.BasicErrorController] is not eligible for getting processed by all BeanPostProcessors (for example: not eligible for auto-proxying)
2018-04-21 16:30:53.368 [oms-fcwechat] [main] INFO  o.s.c.s.PostProcessorRegistrationDelegate$BeanPostProcessorChecker - Bean &apos;org.springframework.boot.autoconfigure.web.WebMvcAutoConfiguration$WebMvcAutoConfigurationAdapter&apos; of type [class org.springframework.boot.autoconfigure.web.WebMvcAutoConfiguration$WebMvcAutoConfigurationAdapter$$EnhancerBySpringCGLIB$$8b99627e] is not eligible for getting processed by all BeanPostProcessors (for example: not eligible for auto-proxying)
2018-04-21 16:30:53.373 [oms-fcwechat] [main] INFO  o.s.c.s.PostProcessorRegistrationDelegate$BeanPostProcessorChecker - Bean &apos;org.springframework.boot.autoconfigure.web.WebMvcAutoConfiguration$EnableWebMvcConfiguration&apos; of type [class org.springframework.boot.autoconfigure.web.WebMvcAutoConfiguration$EnableWebMvcConfiguration$$EnhancerBySpringCGLIB$$f7c3ad0b] is not eligible for getting processed by all BeanPostProcessors (for example: not eligible for auto-proxying)
2018-04-21 16:30:53.432 [oms-fcwechat] [main] INFO  o.s.c.s.PostProcessorRegistrationDelegate$BeanPostProcessorChecker - Bean &apos;mvcContentNegotiationManager&apos; of type [class org.springframework.web.accept.ContentNegotiationManager] is not eligible for getting processed by all BeanPostProcessors (for example: not eligible for auto-proxying)
2018-04-21 16:30:53.448 [oms-fcwechat] [main] INFO  o.s.c.s.PostProcessorRegistrationDelegate$BeanPostProcessorChecker - Bean &apos;mvcConversionService&apos; of type [class org.springframework.format.support.DefaultFormattingConversionService] is not eligible for getting processed by all BeanPostProcessors (for example: not eligible for auto-proxying)
2018-04-21 16:30:53.471 [oms-fcwechat] [main] INFO  o.s.c.s.PostProcessorRegistrationDelegate$BeanPostProcessorChecker - Bean &apos;mvcValidator&apos; of type [class org.springframework.validation.beanvalidation.OptionalValidatorFactoryBean] is not eligible for getting processed by all BeanPostProcessors (for example: not eligible for auto-proxying)
2018-04-21 16:30:53.505 [oms-fcwechat] [main] INFO  o.s.w.s.m.m.a.RequestMappingHandlerAdapter - Looking for @ControllerAdvice: org.springframework.web.context.support.GenericWebApplicationContext@65a15628: startup date [Sat Apr 21 16:30:43 CST 2018]; root of context hierarchy
2018-04-21 16:30:53.575 [oms-fcwechat] [main] INFO  o.s.c.s.PostProcessorRegistrationDelegate$BeanPostProcessorChecker - Bean &apos;requestMappingHandlerAdapter&apos; of type [class org.springframework.web.servlet.mvc.method.annotation.RequestMappingHandlerAdapter] is not eligible for getting processed by all BeanPostProcessors (for example: not eligible for auto-proxying)
2018-04-21 16:30:53.609 [oms-fcwechat] [main] INFO  o.s.c.s.PostProcessorRegistrationDelegate$BeanPostProcessorChecker - Bean &apos;mvcResourceUrlProvider&apos; of type [class org.springframework.web.servlet.resource.ResourceUrlProvider] is not eligible for getting processed by all BeanPostProcessors (for example: not eligible for auto-proxying)
2018-04-21 16:30:53.653 [oms-fcwechat] [main] INFO  o.s.w.s.m.m.a.RequestMappingHandlerMapping - Mapped &quot;{[/api/toAuth],methods=[POST || GET]}&quot; onto public java.util.Map&lt;java.lang.String, java.lang.Object&gt; com.glsx.oms.fcwechat.biz.flowcard.controller.AuthController.toAuth(javax.servlet.http.HttpServletRequest,javax.servlet.http.HttpSession)
2018-04-21 16:30:53.655 [oms-fcwechat] [main] INFO  o.s.w.s.m.m.a.RequestMappingHandlerMapping - Mapped &quot;{[/api/saveAuth],methods=[POST || GET]}&quot; onto public java.util.Map&lt;java.lang.String, java.lang.Object&gt; com.glsx.oms.fcwechat.biz.flowcard.controller.AuthController.saveAuth(javax.servlet.http.HttpServletRequest,javax.servlet.http.HttpSession,com.glsx.oms.fcwechat.biz.flowcard.model.Auth) throws java.lang.Exception
2018-04-21 16:30:53.656 [oms-fcwechat] [main] INFO  o.s.w.s.m.m.a.RequestMappingHandlerMapping - Mapped &quot;{[/api/sendMess],methods=[POST || GET]}&quot; onto public java.util.Map&lt;java.lang.String, java.lang.Object&gt; com.glsx.oms.fcwechat.biz.flowcard.controller.AuthController.sendMess(java.lang.String) throws com.glsx.cloudframework.exception.ServiceException
2018-04-21 16:30:53.656 [oms-fcwechat] [main] INFO  o.s.w.s.m.m.a.RequestMappingHandlerMapping - Mapped &quot;{[/api/checkMess],methods=[POST || GET]}&quot; onto public java.util.Map&lt;java.lang.String, java.lang.Object&gt; com.glsx.oms.fcwechat.biz.flowcard.controller.AuthController.checkMess(java.lang.String,java.lang.String)
2018-04-21 16:30:53.656 [oms-fcwechat] [main] INFO  o.s.w.s.m.m.a.RequestMappingHandlerMapping - Mapped &quot;{[/api/addPhoto],methods=[POST]}&quot; onto public java.util.List&lt;java.util.Map&lt;java.lang.String, java.lang.Object&gt;&gt; com.glsx.oms.fcwechat.biz.flowcard.controller.AuthController.addPhoto(javax.servlet.http.HttpServletRequest,org.springframework.web.multipart.MultipartFile)
2018-04-21 16:30:53.657 [oms-fcwechat] [main] INFO  o.s.w.s.m.m.a.RequestMappingHandlerMapping - Mapped &quot;{[/html/api/router],methods=[POST || GET]}&quot; onto public org.springframework.web.servlet.ModelAndView com.glsx.oms.fcwechat.biz.flowcard.controller.CommonController.router(javax.servlet.http.HttpServletRequest)
2018-04-21 16:30:53.659 [oms-fcwechat] [main] INFO  o.s.w.s.m.m.a.RequestMappingHandlerMapping - Mapped &quot;{[/api/generatePaymentQrcode],methods=[POST || GET]}&quot; onto public org.springframework.web.servlet.ModelAndView com.glsx.oms.fcwechat.biz.flowcard.controller.FlowChargeController.generatePaymentQrcode(javax.servlet.http.HttpServletRequest)
2018-04-21 16:30:53.660 [oms-fcwechat] [main] INFO  o.s.w.s.m.m.a.RequestMappingHandlerMapping - Mapped &quot;{[/api/commitOrderByQrcode],methods=[POST || GET]}&quot; onto public org.springframework.web.servlet.ModelAndView com.glsx.oms.fcwechat.biz.flowcard.controller.FlowChargeController.commitOrderByQrcode(javax.servlet.http.HttpServletRequest)
2018-04-21 16:30:53.661 [oms-fcwechat] [main] INFO  o.s.w.s.m.m.a.RequestMappingHandlerMapping - Mapped &quot;{[/api/getFlowPkg],methods=[POST || GET]}&quot; onto public java.util.Map&lt;java.lang.String, java.lang.Object&gt; com.glsx.oms.fcwechat.biz.flowcard.controller.FlowChargeController.getFlowPkg(javax.servlet.http.HttpSession)
2018-04-21 16:30:53.661 [oms-fcwechat] [main] INFO  o.s.w.s.m.m.a.RequestMappingHandlerMapping - Mapped &quot;{[/api/discernQrcode],methods=[POST || GET]}&quot; onto public org.springframework.web.servlet.ModelAndView com.glsx.oms.fcwechat.biz.flowcard.controller.FlowChargeController.discernQrcode(javax.servlet.http.HttpServletRequest)
2018-04-21 16:30:53.662 [oms-fcwechat] [main] INFO  o.s.w.s.m.m.a.RequestMappingHandlerMapping - Mapped &quot;{[/api/commitOrder],methods=[POST || GET]}&quot; onto public java.util.Map&lt;java.lang.String, java.lang.Object&gt; com.glsx.oms.fcwechat.biz.flowcard.controller.FlowChargeController.commitOrder(javax.servlet.http.HttpServletRequest,javax.servlet.http.HttpSession,int,int)
2018-04-21 16:30:53.663 [oms-fcwechat] [main] INFO  o.s.w.s.m.m.a.RequestMappingHandlerMapping - Mapped &quot;{[/api/processOrder],methods=[POST || GET]}&quot; onto public java.util.Map&lt;java.lang.String, java.lang.Object&gt; com.glsx.oms.fcwechat.biz.flowcard.controller.FlowChargeController.processOrder(javax.servlet.http.HttpServletRequest,javax.servlet.http.HttpSession)
2018-04-21 16:30:53.664 [oms-fcwechat] [main] INFO  o.s.w.s.m.m.a.RequestMappingHandlerMapping - Mapped &quot;{[/api/payNotify],methods=[POST || GET]}&quot; onto public java.lang.String com.glsx.oms.fcwechat.biz.flowcard.controller.FlowChargeController.payNotify(java.lang.String)
2018-04-21 16:30:53.668 [oms-fcwechat] [main] INFO  o.s.w.s.m.m.a.RequestMappingHandlerMapping - Mapped &quot;{[/api/findFlowCardByKeyWord/{keyWord}/{selPkg}],methods=[POST || GET]}&quot; onto public java.util.Map&lt;java.lang.String, java.lang.Object&gt; com.glsx.oms.fcwechat.biz.flowcard.controller.FlowQueryController.findFlowCardByKeyWord(java.lang.String,boolean,javax.servlet.http.HttpSession) throws java.security.KeyManagementException,java.security.NoSuchAlgorithmException,java.io.UnsupportedEncodingException
2018-04-21 16:30:53.669 [oms-fcwechat] [main] INFO  o.s.w.s.m.m.a.RequestMappingHandlerMapping - Mapped &quot;{[/api/flowRecords],methods=[POST || GET]}&quot; onto public java.util.Map&lt;java.lang.String, java.lang.Object&gt; com.glsx.oms.fcwechat.biz.flowcard.controller.FlowQueryController.flowRecords(javax.servlet.http.HttpSession,int)
2018-04-21 16:30:53.669 [oms-fcwechat] [main] INFO  o.s.w.s.m.m.a.RequestMappingHandlerMapping - Mapped &quot;{[/api/flowUsedDetail/{day}],methods=[POST || GET]}&quot; onto public java.util.Map&lt;java.lang.String, java.lang.Object&gt; com.glsx.oms.fcwechat.biz.flowcard.controller.FlowQueryController.flowUsedDetail(javax.servlet.http.HttpSession,java.lang.String)
2018-04-21 16:30:53.670 [oms-fcwechat] [main] INFO  o.s.w.s.m.m.a.RequestMappingHandlerMapping - Mapped &quot;{[/api/flowUsedChart],methods=[POST || GET]}&quot; onto public java.util.Map&lt;java.lang.String, java.lang.Object&gt; com.glsx.oms.fcwechat.biz.flowcard.controller.FlowQueryController.flowUsedChart(javax.servlet.http.HttpSession)
2018-04-21 16:30:53.670 [oms-fcwechat] [main] INFO  o.s.w.s.m.m.a.RequestMappingHandlerMapping - Mapped &quot;{[/scan],methods=[POST || GET]}&quot; onto public java.util.Map&lt;java.lang.String, java.lang.String&gt; com.glsx.oms.fcwechat.biz.flowcard.controller.ScanController.scan(javax.servlet.http.HttpServletRequest)
2018-04-21 16:30:53.676 [oms-fcwechat] [main] INFO  o.s.w.s.m.m.a.RequestMappingHandlerMapping - Mapped &quot;{[/wechat/user/{id}],methods=[GET]}&quot; onto public org.oreframework.web.ui.ResultEntity&lt;com.glsx.oms.fcwechat.biz.wechat.user.model.User&gt; com.glsx.oms.fcwechat.biz.wechat.user.controller.UserController.get(java.lang.Integer)
2018-04-21 16:30:53.677 [oms-fcwechat] [main] INFO  o.s.w.s.m.m.a.RequestMappingHandlerMapping - Mapped &quot;{[/wechat/user/{id}],methods=[DELETE]}&quot; onto public org.oreframework.web.ui.ResultEntity&lt;com.glsx.oms.fcwechat.biz.wechat.user.model.User&gt; com.glsx.oms.fcwechat.biz.wechat.user.controller.UserController.delete(java.lang.Integer)
2018-04-21 16:30:53.678 [oms-fcwechat] [main] INFO  o.s.w.s.m.m.a.RequestMappingHandlerMapping - Mapped &quot;{[/wechat/user],methods=[POST]}&quot; onto public org.oreframework.web.ui.ResultEntity&lt;com.glsx.oms.fcwechat.biz.wechat.user.model.User&gt; com.glsx.oms.fcwechat.biz.wechat.user.controller.UserController.save(com.glsx.oms.fcwechat.biz.wechat.user.model.User)
2018-04-21 16:30:53.679 [oms-fcwechat] [main] INFO  o.s.w.s.m.m.a.RequestMappingHandlerMapping - Mapped &quot;{[/wechat/user],methods=[GET]}&quot; onto public org.oreframework.web.ui.ResponseEntity&lt;com.glsx.oms.fcwechat.biz.wechat.user.model.User&gt; com.glsx.oms.fcwechat.biz.wechat.user.controller.UserController.getAll(org.oreframework.web.ui.Pagination)
2018-04-21 16:30:53.682 [oms-fcwechat] [main] INFO  o.s.w.s.m.m.a.RequestMappingHandlerMapping - Mapped &quot;{[/error]}&quot; onto public org.springframework.http.ResponseEntity&lt;java.util.Map&lt;java.lang.String, java.lang.Object&gt;&gt; org.springframework.boot.autoconfigure.web.BasicErrorController.error(javax.servlet.http.HttpServletRequest)
2018-04-21 16:30:53.683 [oms-fcwechat] [main] INFO  o.s.w.s.m.m.a.RequestMappingHandlerMapping - Mapped &quot;{[/error],produces=[text/html]}&quot; onto public org.springframework.web.servlet.ModelAndView org.springframework.boot.autoconfigure.web.BasicErrorController.errorHtml(javax.servlet.http.HttpServletRequest,javax.servlet.http.HttpServletResponse)
2018-04-21 16:30:53.686 [oms-fcwechat] [main] INFO  o.s.c.s.PostProcessorRegistrationDelegate$BeanPostProcessorChecker - Bean &apos;requestMappingHandlerMapping&apos; of type [class org.springframework.web.servlet.mvc.method.annotation.RequestMappingHandlerMapping] is not eligible for getting processed by all BeanPostProcessors (for example: not eligible for auto-proxying)
2018-04-21 16:30:53.691 [oms-fcwechat] [main] INFO  o.s.c.s.PostProcessorRegistrationDelegate$BeanPostProcessorChecker - Bean &apos;mvcPathMatcher&apos; of type [class org.springframework.util.AntPathMatcher] is not eligible for getting processed by all BeanPostProcessors (for example: not eligible for auto-proxying)
2018-04-21 16:30:53.695 [oms-fcwechat] [main] INFO  o.s.c.s.PostProcessorRegistrationDelegate$BeanPostProcessorChecker - Bean &apos;mvcUrlPathHelper&apos; of type [class org.springframework.web.util.UrlPathHelper] is not eligible for getting processed by all BeanPostProcessors (for example: not eligible for auto-proxying)
2018-04-21 16:30:53.714 [oms-fcwechat] [main] INFO  o.s.c.s.PostProcessorRegistrationDelegate$BeanPostProcessorChecker - Bean &apos;viewControllerHandlerMapping&apos; of type [class org.springframework.web.servlet.config.annotation.WebMvcConfigurationSupport$EmptyHandlerMapping] is not eligible for getting processed by all BeanPostProcessors (for example: not eligible for auto-proxying)
2018-04-21 16:30:53.740 [oms-fcwechat] [main] INFO  o.s.c.s.PostProcessorRegistrationDelegate$BeanPostProcessorChecker - Bean &apos;beanNameHandlerMapping&apos; of type [class org.springframework.web.servlet.handler.BeanNameUrlHandlerMapping] is not eligible for getting processed by all BeanPostProcessors (for example: not eligible for auto-proxying)
2018-04-21 16:30:53.780 [oms-fcwechat] [main] INFO  o.s.w.s.h.SimpleUrlHandlerMapping - Mapped URL path [/webjars/**] onto handler of type [class org.springframework.web.servlet.resource.ResourceHttpRequestHandler]
2018-04-21 16:30:53.780 [oms-fcwechat] [main] INFO  o.s.w.s.h.SimpleUrlHandlerMapping - Mapped URL path [/**] onto handler of type [class org.springframework.web.servlet.resource.ResourceHttpRequestHandler]
2018-04-21 16:30:53.781 [oms-fcwechat] [main] INFO  o.s.c.s.PostProcessorRegistrationDelegate$BeanPostProcessorChecker - Bean &apos;resourceHandlerMapping&apos; of type [class org.springframework.web.servlet.handler.SimpleUrlHandlerMapping] is not eligible for getting processed by all BeanPostProcessors (for example: not eligible for auto-proxying)
2018-04-21 16:30:53.784 [oms-fcwechat] [main] INFO  o.s.c.s.PostProcessorRegistrationDelegate$BeanPostProcessorChecker - Bean &apos;defaultServletHandlerMapping&apos; of type [class org.springframework.web.servlet.config.annotation.WebMvcConfigurationSupport$EmptyHandlerMapping] is not eligible for getting processed by all BeanPostProcessors (for example: not eligible for auto-proxying)
2018-04-21 16:30:53.793 [oms-fcwechat] [main] INFO  o.s.c.s.PostProcessorRegistrationDelegate$BeanPostProcessorChecker - Bean &apos;mvcUriComponentsContributor&apos; of type [class org.springframework.web.method.support.CompositeUriComponentsContributor] is not eligible for getting processed by all BeanPostProcessors (for example: not eligible for auto-proxying)
2018-04-21 16:30:53.799 [oms-fcwechat] [main] INFO  o.s.c.s.PostProcessorRegistrationDelegate$BeanPostProcessorChecker - Bean &apos;httpRequestHandlerAdapter&apos; of type [class org.springframework.web.servlet.mvc.HttpRequestHandlerAdapter] is not eligible for getting processed by all BeanPostProcessors (for example: not eligible for auto-proxying)
2018-04-21 16:30:53.804 [oms-fcwechat] [main] INFO  o.s.c.s.PostProcessorRegistrationDelegate$BeanPostProcessorChecker - Bean &apos;simpleControllerHandlerAdapter&apos; of type [class org.springframework.web.servlet.mvc.SimpleControllerHandlerAdapter] is not eligible for getting processed by all BeanPostProcessors (for example: not eligible for auto-proxying)
2018-04-21 16:30:53.844 [oms-fcwechat] [main] INFO  o.s.c.s.PostProcessorRegistrationDelegate$BeanPostProcessorChecker - Bean &apos;handlerExceptionResolver&apos; of type [class org.springframework.web.servlet.handler.HandlerExceptionResolverComposite] is not eligible for getting processed by all BeanPostProcessors (for example: not eligible for auto-proxying)
2018-04-21 16:30:53.866 [oms-fcwechat] [main] INFO  o.s.c.s.PostProcessorRegistrationDelegate$BeanPostProcessorChecker - Bean &apos;mvcViewResolver&apos; of type [class org.springframework.web.servlet.view.ViewResolverComposite] is not eligible for getting processed by all BeanPostProcessors (for example: not eligible for auto-proxying)
2018-04-21 16:30:53.877 [oms-fcwechat] [main] INFO  o.s.c.s.PostProcessorRegistrationDelegate$BeanPostProcessorChecker - Bean &apos;org.springframework.boot.autoconfigure.web.WebMvcAutoConfiguration$WebMvcAutoConfigurationAdapter$FaviconConfiguration&apos; of type [class org.springframework.boot.autoconfigure.web.WebMvcAutoConfiguration$WebMvcAutoConfigurationAdapter$FaviconConfiguration$$EnhancerBySpringCGLIB$$d8b336f6] is not eligible for getting processed by all BeanPostProcessors (for example: not eligible for auto-proxying)
2018-04-21 16:30:53.899 [oms-fcwechat] [main] INFO  o.s.c.s.PostProcessorRegistrationDelegate$BeanPostProcessorChecker - Bean &apos;faviconRequestHandler&apos; of type [class org.springframework.web.servlet.resource.ResourceHttpRequestHandler] is not eligible for getting processed by all BeanPostProcessors (for example: not eligible for auto-proxying)
2018-04-21 16:30:53.903 [oms-fcwechat] [main] INFO  o.s.w.s.h.SimpleUrlHandlerMapping - Mapped URL path [/**/favicon.ico] onto handler of type [class org.springframework.web.servlet.resource.ResourceHttpRequestHandler]
2018-04-21 16:30:53.903 [oms-fcwechat] [main] INFO  o.s.c.s.PostProcessorRegistrationDelegate$BeanPostProcessorChecker - Bean &apos;faviconHandlerMapping&apos; of type [class org.springframework.web.servlet.handler.SimpleUrlHandlerMapping] is not eligible for getting processed by all BeanPostProcessors (for example: not eligible for auto-proxying)
2018-04-21 16:30:53.937 [oms-fcwechat] [main] INFO  o.s.c.s.PostProcessorRegistrationDelegate$BeanPostProcessorChecker - Bean &apos;defaultViewResolver&apos; of type [class org.springframework.web.servlet.view.InternalResourceViewResolver] is not eligible for getting processed by all BeanPostProcessors (for example: not eligible for auto-proxying)
2018-04-21 16:30:53.954 [oms-fcwechat] [main] INFO  o.s.c.s.PostProcessorRegistrationDelegate$BeanPostProcessorChecker - Bean &apos;viewResolver&apos; of type [class org.springframework.web.servlet.view.ContentNegotiatingViewResolver] is not eligible for getting processed by all BeanPostProcessors (for example: not eligible for auto-proxying)
2018-04-21 16:30:53.958 [oms-fcwechat] [main] INFO  o.s.b.a.w.WebMvcAutoConfiguration$WelcomePageHandlerMapping - Adding welcome page: ServletContext resource [/index.html]
2018-04-21 16:30:53.974 [oms-fcwechat] [main] INFO  o.s.c.s.PostProcessorRegistrationDelegate$BeanPostProcessorChecker - Bean &apos;welcomePageHandlerMapping&apos; of type [class org.springframework.boot.autoconfigure.web.WebMvcAutoConfiguration$WelcomePageHandlerMapping] is not eligible for getting processed by all BeanPostProcessors (for example: not eligible for auto-proxying)
2018-04-21 16:30:53.996 [oms-fcwechat] [main] INFO  o.s.c.s.PostProcessorRegistrationDelegate$BeanPostProcessorChecker - Bean &apos;requestContextFilter&apos; of type [class org.springframework.boot.web.filter.OrderedRequestContextFilter] is not eligible for getting processed by all BeanPostProcessors (for example: not eligible for auto-proxying)
2018-04-21 16:30:54.002 [oms-fcwechat] [main] INFO  o.s.c.s.PostProcessorRegistrationDelegate$BeanPostProcessorChecker - Bean &apos;org.springframework.boot.autoconfigure.web.WebMvcAutoConfiguration&apos; of type [class org.springframework.boot.autoconfigure.web.WebMvcAutoConfiguration$$EnhancerBySpringCGLIB$$fd2f442] is not eligible for getting processed by all BeanPostProcessors (for example: not eligible for auto-proxying)
2018-04-21 16:30:54.020 [oms-fcwechat] [main] INFO  o.s.c.s.PostProcessorRegistrationDelegate$BeanPostProcessorChecker - Bean &apos;hiddenHttpMethodFilter&apos; of type [class org.springframework.boot.web.filter.OrderedHiddenHttpMethodFilter] is not eligible for getting processed by all BeanPostProcessors (for example: not eligible for auto-proxying)
2018-04-21 16:30:54.044 [oms-fcwechat] [main] INFO  o.s.c.s.PostProcessorRegistrationDelegate$BeanPostProcessorChecker - Bean &apos;httpPutFormContentFilter&apos; of type [class org.springframework.boot.web.filter.OrderedHttpPutFormContentFilter] is not eligible for getting processed by all BeanPostProcessors (for example: not eligible for auto-proxying)
2018-04-21 16:30:54.048 [oms-fcwechat] [main] INFO  o.s.c.s.PostProcessorRegistrationDelegate$BeanPostProcessorChecker - Bean &apos;org.oreframework.boot.autoconfigure.context.SpringContextAutoConfigure&apos; of type [class org.oreframework.boot.autoconfigure.context.SpringContextAutoConfigure] is not eligible for getting processed by all BeanPostProcessors (for example: not eligible for auto-proxying)
2018-04-21 16:30:54.052 [oms-fcwechat] [main] INFO  o.s.c.s.PostProcessorRegistrationDelegate$BeanPostProcessorChecker - Bean &apos;springContext&apos; of type [class org.oreframework.context.SpringContext] is not eligible for getting processed by all BeanPostProcessors (for example: not eligible for auto-proxying)
2018-04-21 16:30:54.057 [oms-fcwechat] [main] INFO  o.s.c.s.PostProcessorRegistrationDelegate$BeanPostProcessorChecker - Bean &apos;org.oreframework.datasource.druid.DruidProperties&apos; of type [class org.oreframework.datasource.druid.DruidProperties] is not eligible for getting processed by all BeanPostProcessors (for example: not eligible for auto-proxying)
2018-04-21 16:30:54.072 [oms-fcwechat] [main] INFO  o.s.c.s.PostProcessorRegistrationDelegate$BeanPostProcessorChecker - Bean &apos;org.oreframework.boot.autoconfigure.datasource.customize.config.MapperProperties&apos; of type [class org.oreframework.boot.autoconfigure.datasource.customize.config.MapperProperties] is not eligible for getting processed by all BeanPostProcessors (for example: not eligible for auto-proxying)
2018-04-21 16:30:54.078 [oms-fcwechat] [main] INFO  o.s.c.s.PostProcessorRegistrationDelegate$BeanPostProcessorChecker - Bean &apos;org.oreframework.boot.autoconfigure.datasource.customize.config.MybatisProperties&apos; of type [class org.oreframework.boot.autoconfigure.datasource.customize.config.MybatisProperties] is not eligible for getting processed by all BeanPostProcessors (for example: not eligible for auto-proxying)
2018-04-21 16:30:54.091 [oms-fcwechat] [main] INFO  o.s.c.s.PostProcessorRegistrationDelegate$BeanPostProcessorChecker - Bean &apos;ore.druid.monitor-org.oreframework.boot.autoconfigure.datasource.customize.config.DruidMonitorProperties&apos; of type [class org.oreframework.boot.autoconfigure.datasource.customize.config.DruidMonitorProperties] is not eligible for getting processed by all BeanPostProcessors (for example: not eligible for auto-proxying)
2018-04-21 16:30:54.093 [oms-fcwechat] [main] INFO  o.s.c.s.PostProcessorRegistrationDelegate$BeanPostProcessorChecker - Bean &apos;org.springframework.boot.autoconfigure.transaction.jta.JtaAutoConfiguration&apos; of type [class org.springframework.boot.autoconfigure.transaction.jta.JtaAutoConfiguration] is not eligible for getting processed by all BeanPostProcessors (for example: not eligible for auto-proxying)
2018-04-21 16:30:54.098 [oms-fcwechat] [main] INFO  o.s.c.s.PostProcessorRegistrationDelegate$BeanPostProcessorChecker - Bean &apos;spring.jta-org.springframework.boot.autoconfigure.transaction.jta.JtaProperties&apos; of type [class org.springframework.boot.autoconfigure.transaction.jta.JtaProperties] is not eligible for getting processed by all BeanPostProcessors (for example: not eligible for auto-proxying)
2018-04-21 16:30:54.103 [oms-fcwechat] [main] INFO  o.s.c.s.PostProcessorRegistrationDelegate$BeanPostProcessorChecker - Bean &apos;org.springframework.boot.autoconfigure.jdbc.metadata.DataSourcePoolMetadataProvidersConfiguration$TomcatDataSourcePoolMetadataProviderConfiguration&apos; of type [class org.springframework.boot.autoconfigure.jdbc.metadata.DataSourcePoolMetadataProvidersConfiguration$TomcatDataSourcePoolMetadataProviderConfiguration$$EnhancerBySpringCGLIB$$fffbf930] is not eligible for getting processed by all BeanPostProcessors (for example: not eligible for auto-proxying)
2018-04-21 16:30:54.111 [oms-fcwechat] [main] INFO  o.s.c.s.PostProcessorRegistrationDelegate$BeanPostProcessorChecker - Bean &apos;tomcatPoolDataSourceMetadataProvider&apos; of type [class org.springframework.boot.autoconfigure.jdbc.metadata.DataSourcePoolMetadataProvidersConfiguration$TomcatDataSourcePoolMetadataProviderConfiguration$1] is not eligible for getting processed by all BeanPostProcessors (for example: not eligible for auto-proxying)
2018-04-21 16:30:54.115 [oms-fcwechat] [main] INFO  o.s.c.s.PostProcessorRegistrationDelegate$BeanPostProcessorChecker - Bean &apos;org.springframework.boot.autoconfigure.jdbc.metadata.DataSourcePoolMetadataProvidersConfiguration&apos; of type [class org.springframework.boot.autoconfigure.jdbc.metadata.DataSourcePoolMetadataProvidersConfiguration$$EnhancerBySpringCGLIB$$7d86f343] is not eligible for getting processed by all BeanPostProcessors (for example: not eligible for auto-proxying)
2018-04-21 16:30:54.120 [oms-fcwechat] [main] INFO  o.s.c.s.PostProcessorRegistrationDelegate$BeanPostProcessorChecker - Bean &apos;org.oreframework.boot.autoconfigure.datasource.mybatis.MybatisAutoConfiguration$MapperScannerRegistrarNotFoundConfiguration&apos; of type [class org.oreframework.boot.autoconfigure.datasource.mybatis.MybatisAutoConfiguration$MapperScannerRegistrarNotFoundConfiguration$$EnhancerBySpringCGLIB$$149829a7] is not eligible for getting processed by all BeanPostProcessors (for example: not eligible for auto-proxying)
2018-04-21 16:30:54.155 [oms-fcwechat] [main] INFO  o.s.c.s.PostProcessorRegistrationDelegate$BeanPostProcessorChecker - Bean &apos;mapper-org.oreframework.boot.autoconfigure.datasource.mapper.MapperProperties&apos; of type [class org.oreframework.boot.autoconfigure.datasource.mapper.MapperProperties] is not eligible for getting processed by all BeanPostProcessors (for example: not eligible for auto-proxying)
2018-04-21 16:30:54.497 [oms-fcwechat] [main] INFO  o.s.c.s.PostProcessorRegistrationDelegate$BeanPostProcessorChecker - Bean &apos;org.oreframework.boot.autoconfigure.datasource.mapper.MapperAutoConfiguration&apos; of type [class org.oreframework.boot.autoconfigure.datasource.mapper.MapperAutoConfiguration$$EnhancerBySpringCGLIB$$d14aaa3e] is not eligible for getting processed by all BeanPostProcessors (for example: not eligible for auto-proxying)
2018-04-21 16:30:54.515 [oms-fcwechat] [main] INFO  o.s.c.s.PostProcessorRegistrationDelegate$BeanPostProcessorChecker - Bean &apos;pagehelper-org.oreframework.boot.autoconfigure.datasource.pagehelper.PageHelperProperties&apos; of type [class org.oreframework.boot.autoconfigure.datasource.pagehelper.PageHelperProperties] is not eligible for getting processed by all BeanPostProcessors (for example: not eligible for auto-proxying)
2018-04-21 16:30:54.543 [oms-fcwechat] [main] INFO  o.s.c.s.PostProcessorRegistrationDelegate$BeanPostProcessorChecker - Bean &apos;org.oreframework.boot.autoconfigure.datasource.pagehelper.PageHelperAutoConfiguration&apos; of type [class org.oreframework.boot.autoconfigure.datasource.pagehelper.PageHelperAutoConfiguration$$EnhancerBySpringCGLIB$$3d40c1e] is not eligible for getting processed by all BeanPostProcessors (for example: not eligible for auto-proxying)
2018-04-21 16:30:54.550 [oms-fcwechat] [main] INFO  o.s.c.s.PostProcessorRegistrationDelegate$BeanPostProcessorChecker - Bean &apos;referenceBuilderFactory&apos; of type [class org.oreframework.boot.autoconfigure.dubbo.reference.ReferenceBuilderFactory] is not eligible for getting processed by all BeanPostProcessors (for example: not eligible for auto-proxying)
2018-04-21 16:30:54.580 [oms-fcwechat] [main] INFO  o.s.c.s.PostProcessorRegistrationDelegate$BeanPostProcessorChecker - Bean &apos;ore.rop-org.oreframework.boot.autoconfigure.rop.metadata.RopProperty&apos; of type [class org.oreframework.boot.autoconfigure.rop.metadata.RopProperty] is not eligible for getting processed by all BeanPostProcessors (for example: not eligible for auto-proxying)
2018-04-21 16:30:54.595 [oms-fcwechat] [main] INFO  o.s.c.s.PostProcessorRegistrationDelegate$BeanPostProcessorChecker - Bean &apos;sessionManager&apos; of type [class com.rop.session.DefaultSessionManager] is not eligible for getting processed by all BeanPostProcessors (for example: not eligible for auto-proxying)
2018-04-21 16:30:54.602 [oms-fcwechat] [main] INFO  o.s.c.s.PostProcessorRegistrationDelegate$BeanPostProcessorChecker - Bean &apos;appSecretManager&apos; of type [class org.oreframework.boot.autoconfigure.rop.security.SecurityAppSecretManager] is not eligible for getting processed by all BeanPostProcessors (for example: not eligible for auto-proxying)
2018-04-21 16:30:54.609 [oms-fcwechat] [main] INFO  o.s.c.s.PostProcessorRegistrationDelegate$BeanPostProcessorChecker - Bean &apos;serviceAccessController&apos; of type [class com.rop.impl.DefaultServiceAccessController] is not eligible for getting processed by all BeanPostProcessors (for example: not eligible for auto-proxying)
2018-04-21 16:30:54.615 [oms-fcwechat] [main] INFO  o.s.s.c.ThreadPoolTaskExecutor - Initializing ExecutorService 
2018-04-21 16:30:54.633 [oms-fcwechat] [main] INFO  o.s.s.c.ThreadPoolTaskExecutor - Initializing ExecutorService  &apos;threadPoolTaskExecutor&apos;
2018-04-21 16:30:54.633 [oms-fcwechat] [main] INFO  o.s.c.s.PostProcessorRegistrationDelegate$BeanPostProcessorChecker - Bean &apos;threadPoolTaskExecutor&apos; of type [class org.springframework.scheduling.concurrent.ThreadPoolTaskExecutor] is not eligible for getting processed by all BeanPostProcessors (for example: not eligible for auto-proxying)
2018-04-21 16:30:54.641 [oms-fcwechat] [main] INFO  o.s.c.s.PostProcessorRegistrationDelegate$BeanPostProcessorChecker - Bean &apos;invokeTimesController&apos; of type [class com.rop.security.DefaultInvokeTimesController] is not eligible for getting processed by all BeanPostProcessors (for example: not eligible for auto-proxying)
2018-04-21 16:30:54.642 [oms-fcwechat] [main] INFO  o.s.c.s.PostProcessorRegistrationDelegate$BeanPostProcessorChecker - Bean &apos;org.oreframework.boot.autoconfigure.rop.RapidOpenPlatformAutoConfigure&apos; of type [class org.oreframework.boot.autoconfigure.rop.RapidOpenPlatformAutoConfigure$$EnhancerBySpringCGLIB$$c104fbeb] is not eligible for getting processed by all BeanPostProcessors (for example: not eligible for auto-proxying)
2018-04-21 16:30:54.670 [oms-fcwechat] [main] INFO  o.s.c.s.PostProcessorRegistrationDelegate$BeanPostProcessorChecker - Bean &apos;reservedInterceptor&apos; of type [class com.rop.config.InterceptorHolder] is not eligible for getting processed by all BeanPostProcessors (for example: not eligible for auto-proxying)
2018-04-21 16:30:54.672 [oms-fcwechat] [main] INFO  o.o.b.a.r.RapidOpenPlatformAutoConfigure - register total 1 interceptors
2018-04-21 16:30:54.673 [oms-fcwechat] [main] INFO  c.r.i.AnnotationServletServiceRouter - ��ʼ����Rop���...
2018-04-21 16:30:55.057 [oms-fcwechat] [main] INFO  com.rop.impl.DefaultRopContext - ��ע����3�����񷽷�
2018-04-21 16:30:55.060 [oms-fcwechat] [main] INFO  c.r.i.AnnotationServletServiceRouter - ���ش�������ʻ���Դ��i18n/rop/error,i18n/rop/ropError
2018-04-21 16:30:55.068 [oms-fcwechat] [main] INFO  c.r.i.AnnotationServletServiceRouter - Rop��������ɹ���
2018-04-21 16:30:55.073 [oms-fcwechat] [main] INFO  o.s.c.s.PostProcessorRegistrationDelegate$BeanPostProcessorChecker - Bean &apos;serviceRouter&apos; of type [class com.rop.impl.AnnotationServletServiceRouter] is not eligible for getting processed by all BeanPostProcessors (for example: not eligible for auto-proxying)
2018-04-21 16:30:55.078 [oms-fcwechat] [main] INFO  o.s.c.s.PostProcessorRegistrationDelegate$BeanPostProcessorChecker - Bean &apos;sysparams&apos; of type [class com.rop.config.SystemParameterNames] is not eligible for getting processed by all BeanPostProcessors (for example: not eligible for auto-proxying)
2018-04-21 16:30:55.081 [oms-fcwechat] [main] INFO  o.s.c.s.PostProcessorRegistrationDelegate$BeanPostProcessorChecker - Bean &apos;indexServletRegistration&apos; of type [class org.springframework.boot.web.servlet.ServletRegistrationBean] is not eligible for getting processed by all BeanPostProcessors (for example: not eligible for auto-proxying)
2018-04-21 16:30:55.086 [oms-fcwechat] [main] INFO  o.s.c.s.PostProcessorRegistrationDelegate$BeanPostProcessorChecker - Bean &apos;org.springframework.boot.autoconfigure.aop.AopAutoConfiguration$JdkDynamicAutoProxyConfiguration&apos; of type [class org.springframework.boot.autoconfigure.aop.AopAutoConfiguration$JdkDynamicAutoProxyConfiguration$$EnhancerBySpringCGLIB$$30075273] is not eligible for getting processed by all BeanPostProcessors (for example: not eligible for auto-proxying)
2018-04-21 16:30:55.091 [oms-fcwechat] [main] INFO  o.s.c.s.PostProcessorRegistrationDelegate$BeanPostProcessorChecker - Bean &apos;org.springframework.boot.autoconfigure.aop.AopAutoConfiguration&apos; of type [class org.springframework.boot.autoconfigure.aop.AopAutoConfiguration$$EnhancerBySpringCGLIB$$ebec89c4] is not eligible for getting processed by all BeanPostProcessors (for example: not eligible for auto-proxying)
2018-04-21 16:30:55.095 [oms-fcwechat] [main] INFO  o.s.c.s.PostProcessorRegistrationDelegate$BeanPostProcessorChecker - Bean &apos;org.springframework.boot.autoconfigure.context.ConfigurationPropertiesAutoConfiguration&apos; of type [class org.springframework.boot.autoconfigure.context.ConfigurationPropertiesAutoConfiguration$$EnhancerBySpringCGLIB$$901f9650] is not eligible for getting processed by all BeanPostProcessors (for example: not eligible for auto-proxying)
2018-04-21 16:30:55.098 [oms-fcwechat] [main] INFO  o.s.c.s.PostProcessorRegistrationDelegate$BeanPostProcessorChecker - Bean &apos;org.springframework.boot.autoconfigure.dao.PersistenceExceptionTranslationAutoConfiguration&apos; of type [class org.springframework.boot.autoconfigure.dao.PersistenceExceptionTranslationAutoConfiguration] is not eligible for getting processed by all BeanPostProcessors (for example: not eligible for auto-proxying)
2018-04-21 16:30:55.109 [oms-fcwechat] [main] INFO  o.s.c.s.PostProcessorRegistrationDelegate$BeanPostProcessorChecker - Bean &apos;org.springframework.boot.autoconfigure.jdbc.DataSourceTransactionManagerAutoConfiguration$TransactionManagementConfiguration&apos; of type [class org.springframework.boot.autoconfigure.jdbc.DataSourceTransactionManagerAutoConfiguration$TransactionManagementConfiguration$$EnhancerBySpringCGLIB$$166dcc14] is not eligible for getting processed by all BeanPostProcessors (for example: not eligible for auto-proxying)
2018-04-21 16:30:55.117 [oms-fcwechat] [main] INFO  o.s.c.s.PostProcessorRegistrationDelegate$BeanPostProcessorChecker - Bean &apos;org.springframework.boot.autoconfigure.transaction.TransactionAutoConfiguration&apos; of type [class org.springframework.boot.autoconfigure.transaction.TransactionAutoConfiguration$$EnhancerBySpringCGLIB$$350a060c] is not eligible for getting processed by all BeanPostProcessors (for example: not eligible for auto-proxying)
2018-04-21 16:30:55.130 [oms-fcwechat] [main] INFO  o.s.c.s.PostProcessorRegistrationDelegate$BeanPostProcessorChecker - Bean &apos;spring.transaction-org.springframework.boot.autoconfigure.transaction.TransactionProperties&apos; of type [class org.springframework.boot.autoconfigure.transaction.TransactionProperties] is not eligible for getting processed by all BeanPostProcessors (for example: not eligible for auto-proxying)
2018-04-21 16:30:55.134 [oms-fcwechat] [main] INFO  o.s.c.s.PostProcessorRegistrationDelegate$BeanPostProcessorChecker - Bean &apos;platformTransactionManagerCustomizers&apos; of type [class org.springframework.boot.autoconfigure.transaction.TransactionManagerCustomizers] is not eligible for getting processed by all BeanPostProcessors (for example: not eligible for auto-proxying)
2018-04-21 16:30:55.148 [oms-fcwechat] [main] INFO  o.s.c.s.PostProcessorRegistrationDelegate$BeanPostProcessorChecker - Bean &apos;org.springframework.boot.autoconfigure.jdbc.DataSourceTransactionManagerAutoConfiguration$DataSourceTransactionManagerConfiguration&apos; of type [class org.springframework.boot.autoconfigure.jdbc.DataSourceTransactionManagerAutoConfiguration$DataSourceTransactionManagerConfiguration$$EnhancerBySpringCGLIB$$4d96a371] is not eligible for getting processed by all BeanPostProcessors (for example: not eligible for auto-proxying)
2018-04-21 16:30:55.161 [oms-fcwechat] [main] INFO  o.s.c.s.PostProcessorRegistrationDelegate$BeanPostProcessorChecker - Bean &apos;transactionManager&apos; of type [class org.springframework.jdbc.datasource.DataSourceTransactionManager] is not eligible for getting processed by all BeanPostProcessors (for example: not eligible for auto-proxying)
2018-04-21 16:30:55.167 [oms-fcwechat] [main] INFO  o.s.c.s.PostProcessorRegistrationDelegate$BeanPostProcessorChecker - Bean &apos;org.springframework.boot.autoconfigure.jdbc.DataSourceTransactionManagerAutoConfiguration&apos; of type [class org.springframework.boot.autoconfigure.jdbc.DataSourceTransactionManagerAutoConfiguration$$EnhancerBySpringCGLIB$$b16cfb53] is not eligible for getting processed by all BeanPostProcessors (for example: not eligible for auto-proxying)
2018-04-21 16:30:55.175 [oms-fcwechat] [main] INFO  o.s.c.s.PostProcessorRegistrationDelegate$BeanPostProcessorChecker - Bean &apos;org.springframework.boot.autoconfigure.transaction.TransactionAutoConfiguration$TransactionTemplateConfiguration&apos; of type [class org.springframework.boot.autoconfigure.transaction.TransactionAutoConfiguration$TransactionTemplateConfiguration$$EnhancerBySpringCGLIB$$9f206844] is not eligible for getting processed by all BeanPostProcessors (for example: not eligible for auto-proxying)
2018-04-21 16:30:55.213 [oms-fcwechat] [main] INFO  o.s.c.s.PostProcessorRegistrationDelegate$BeanPostProcessorChecker - Bean &apos;transactionTemplate&apos; of type [class org.springframework.transaction.support.TransactionTemplate] is not eligible for getting processed by all BeanPostProcessors (for example: not eligible for auto-proxying)
2018-04-21 16:30:55.219 [oms-fcwechat] [main] INFO  o.s.c.s.PostProcessorRegistrationDelegate$BeanPostProcessorChecker - Bean &apos;org.springframework.boot.autoconfigure.gson.GsonAutoConfiguration&apos; of type [class org.springframework.boot.autoconfigure.gson.GsonAutoConfiguration$$EnhancerBySpringCGLIB$$df511e8c] is not eligible for getting processed by all BeanPostProcessors (for example: not eligible for auto-proxying)
2018-04-21 16:30:55.265 [oms-fcwechat] [main] INFO  o.s.c.s.PostProcessorRegistrationDelegate$BeanPostProcessorChecker - Bean &apos;gson&apos; of type [class com.google.gson.Gson] is not eligible for getting processed by all BeanPostProcessors (for example: not eligible for auto-proxying)
2018-04-21 16:30:55.271 [oms-fcwechat] [main] INFO  o.s.c.s.PostProcessorRegistrationDelegate$BeanPostProcessorChecker - Bean &apos;org.springframework.boot.autoconfigure.web.JacksonHttpMessageConvertersConfiguration&apos; of type [class org.springframework.boot.autoconfigure.web.JacksonHttpMessageConvertersConfiguration$$EnhancerBySpringCGLIB$$ebff678] is not eligible for getting processed by all BeanPostProcessors (for example: not eligible for auto-proxying)
2018-04-21 16:30:55.277 [oms-fcwechat] [main] INFO  o.s.c.s.PostProcessorRegistrationDelegate$BeanPostProcessorChecker - Bean &apos;org.springframework.boot.autoconfigure.web.GsonHttpMessageConvertersConfiguration&apos; of type [class org.springframework.boot.autoconfigure.web.GsonHttpMessageConvertersConfiguration$$EnhancerBySpringCGLIB$$7bcb743c] is not eligible for getting processed by all BeanPostProcessors (for example: not eligible for auto-proxying)
2018-04-21 16:30:55.286 [oms-fcwechat] [main] INFO  o.s.c.s.PostProcessorRegistrationDelegate$BeanPostProcessorChecker - Bean &apos;spring.info-org.springframework.boot.autoconfigure.info.ProjectInfoProperties&apos; of type [class org.springframework.boot.autoconfigure.info.ProjectInfoProperties] is not eligible for getting processed by all BeanPostProcessors (for example: not eligible for auto-proxying)
2018-04-21 16:30:55.293 [oms-fcwechat] [main] INFO  o.s.c.s.PostProcessorRegistrationDelegate$BeanPostProcessorChecker - Bean &apos;org.springframework.boot.autoconfigure.info.ProjectInfoAutoConfiguration&apos; of type [class org.springframework.boot.autoconfigure.info.ProjectInfoAutoConfiguration$$EnhancerBySpringCGLIB$$dc90181b] is not eligible for getting processed by all BeanPostProcessors (for example: not eligible for auto-proxying)
2018-04-21 16:30:55.301 [oms-fcwechat] [main] INFO  o.s.c.s.PostProcessorRegistrationDelegate$BeanPostProcessorChecker - Bean &apos;org.springframework.boot.autoconfigure.jdbc.JdbcTemplateAutoConfiguration&apos; of type [class org.springframework.boot.autoconfigure.jdbc.JdbcTemplateAutoConfiguration$$EnhancerBySpringCGLIB$$c07a3ff2] is not eligible for getting processed by all BeanPostProcessors (for example: not eligible for auto-proxying)
2018-04-21 16:30:55.326 [oms-fcwechat] [main] INFO  o.s.c.s.PostProcessorRegistrationDelegate$BeanPostProcessorChecker - Bean &apos;jdbcTemplate&apos; of type [class org.springframework.jdbc.core.JdbcTemplate] is not eligible for getting processed by all BeanPostProcessors (for example: not eligible for auto-proxying)
2018-04-21 16:30:55.351 [oms-fcwechat] [main] INFO  o.s.c.s.PostProcessorRegistrationDelegate$BeanPostProcessorChecker - Bean &apos;namedParameterJdbcTemplate&apos; of type [class org.springframework.jdbc.core.namedparam.NamedParameterJdbcTemplate] is not eligible for getting processed by all BeanPostProcessors (for example: not eligible for auto-proxying)
2018-04-21 16:30:55.374 [oms-fcwechat] [main] INFO  o.s.c.s.PostProcessorRegistrationDelegate$BeanPostProcessorChecker - Bean &apos;characterEncodingFilter&apos; of type [class org.springframework.boot.web.filter.OrderedCharacterEncodingFilter] is not eligible for getting processed by all BeanPostProcessors (for example: not eligible for auto-proxying)
2018-04-21 16:30:55.378 [oms-fcwechat] [main] INFO  o.s.c.s.PostProcessorRegistrationDelegate$BeanPostProcessorChecker - Bean &apos;multipartResolver&apos; of type [class org.springframework.web.multipart.support.StandardServletMultipartResolver] is not eligible for getting processed by all BeanPostProcessors (for example: not eligible for auto-proxying)
2018-04-21 16:30:55.384 [oms-fcwechat] [main] INFO  o.s.c.s.PostProcessorRegistrationDelegate$BeanPostProcessorChecker - Bean &apos;org.springframework.boot.autoconfigure.web.WebClientAutoConfiguration&apos; of type [class org.springframework.boot.autoconfigure.web.WebClientAutoConfiguration$$EnhancerBySpringCGLIB$$b1352fb5] is not eligible for getting processed by all BeanPostProcessors (for example: not eligible for auto-proxying)
2018-04-21 16:30:55.545 [oms-fcwechat] [main] INFO  c.g.o.f.user.test.UserClientTest - Started UserClientTest in 12.533 seconds (JVM running for 14.92)
2018-04-21 16:30:55.574 [oms-fcwechat] [main] INFO  o.s.c.s.PostProcessorRegistrationDelegate$BeanPostProcessorChecker - Bean &apos;com.glsx.oms.fcwechat.user.test.UserClientTest&apos; of type [class com.glsx.oms.fcwechat.user.test.UserClientTest] is not eligible for getting processed by all BeanPostProcessors (for example: not eligible for auto-proxying)
</system-out>
    <system-err>SLF4J: Class path contains multiple SLF4J bindings.
SLF4J: Found binding in [jar:file:/D:/java/java/manve_lib/repository/ch/qos/logback/logback-classic/1.1.9/logback-classic-1.1.9.jar!/org/slf4j/impl/StaticLoggerBinder.class]
SLF4J: Found binding in [jar:file:/D:/java/java/manve_lib/repository/org/slf4j/slf4j-log4j12/1.7.22/slf4j-log4j12-1.7.22.jar!/org/slf4j/impl/StaticLoggerBinder.class]
SLF4J: See http://www.slf4j.org/codes.html#multiple_bindings for an explanation.
SLF4J: Actual binding is of type [ch.qos.logback.classic.util.ContextSelectorStaticBinder]
</system-err>
  </testcase>
  <testcase classname="com.glsx.oms.fcwechat.user.test.UserClientTest" name="testSave" time="2.024">
    <error message="I/O error on POST request for &quot;http://localhost:8888/fcwechat/wechat/user&quot;: Connect to localhost:8888 [localhost/127.0.0.1, localhost/0:0:0:0:0:0:0:1] failed: Connection refused: connect; nested exception is org.apache.http.conn.HttpHostConnectException: Connect to localhost:8888 [localhost/127.0.0.1, localhost/0:0:0:0:0:0:0:1] failed: Connection refused: connect" type="org.springframework.web.client.ResourceAccessException">org.springframework.web.client.ResourceAccessException: I/O error on POST request for &quot;http://localhost:8888/fcwechat/wechat/user&quot;: Connect to localhost:8888 [localhost/127.0.0.1, localhost/0:0:0:0:0:0:0:1] failed: Connection refused: connect; nested exception is org.apache.http.conn.HttpHostConnectException: Connect to localhost:8888 [localhost/127.0.0.1, localhost/0:0:0:0:0:0:0:1] failed: Connection refused: connect
	at org.springframework.web.client.RestTemplate.doExecute(RestTemplate.java:666)
	at org.springframework.web.client.RestTemplate.execute(RestTemplate.java:613)
	at org.springframework.web.client.RestTemplate.postForObject(RestTemplate.java:380)
	at com.glsx.oms.fcwechat.user.rest.UserClient.save(UserClient.java:39)
	at com.glsx.oms.fcwechat.user.test.UserClientTest.testSave(UserClientTest.java:47)
	at sun.reflect.NativeMethodAccessorImpl.invoke0(Native Method)
	at sun.reflect.NativeMethodAccessorImpl.invoke(NativeMethodAccessorImpl.java:62)
	at sun.reflect.DelegatingMethodAccessorImpl.invoke(DelegatingMethodAccessorImpl.java:43)
	at java.lang.reflect.Method.invoke(Method.java:498)
	at org.junit.runners.model.FrameworkMethod$1.runReflectiveCall(FrameworkMethod.java:50)
	at org.junit.internal.runners.model.ReflectiveCallable.run(ReflectiveCallable.java:12)
	at org.junit.runners.model.FrameworkMethod.invokeExplosively(FrameworkMethod.java:47)
	at org.junit.internal.runners.statements.InvokeMethod.evaluate(InvokeMethod.java:17)
	at org.springframework.test.context.junit4.statements.RunBeforeTestMethodCallbacks.evaluate(RunBeforeTestMethodCallbacks.java:75)
	at org.springframework.test.context.junit4.statements.RunAfterTestMethodCallbacks.evaluate(RunAfterTestMethodCallbacks.java:86)
	at org.springframework.test.context.junit4.statements.SpringRepeat.evaluate(SpringRepeat.java:84)
	at org.junit.runners.ParentRunner.runLeaf(ParentRunner.java:325)
	at org.springframework.test.context.junit4.SpringJUnit4ClassRunner.runChild(SpringJUnit4ClassRunner.java:252)
	at org.springframework.test.context.junit4.SpringJUnit4ClassRunner.runChild(SpringJUnit4ClassRunner.java:94)
	at org.junit.runners.ParentRunner$3.run(ParentRunner.java:290)
	at org.junit.runners.ParentRunner$1.schedule(ParentRunner.java:71)
	at org.junit.runners.ParentRunner.runChildren(ParentRunner.java:288)
	at org.junit.runners.ParentRunner.access$000(ParentRunner.java:58)
	at org.junit.runners.ParentRunner$2.evaluate(ParentRunner.java:268)
	at org.springframework.test.context.junit4.statements.RunBeforeTestClassCallbacks.evaluate(RunBeforeTestClassCallbacks.java:61)
	at org.springframework.test.context.junit4.statements.RunAfterTestClassCallbacks.evaluate(RunAfterTestClassCallbacks.java:70)
	at org.junit.runners.ParentRunner.run(ParentRunner.java:363)
	at org.springframework.test.context.junit4.SpringJUnit4ClassRunner.run(SpringJUnit4ClassRunner.java:191)
	at org.apache.maven.surefire.junit4.JUnit4Provider.execute(JUnit4Provider.java:252)
	at org.apache.maven.surefire.junit4.JUnit4Provider.executeTestSet(JUnit4Provider.java:141)
	at org.apache.maven.surefire.junit4.JUnit4Provider.invoke(JUnit4Provider.java:112)
	at sun.reflect.NativeMethodAccessorImpl.invoke0(Native Method)
	at sun.reflect.NativeMethodAccessorImpl.invoke(NativeMethodAccessorImpl.java:62)
	at sun.reflect.DelegatingMethodAccessorImpl.invoke(DelegatingMethodAccessorImpl.java:43)
	at java.lang.reflect.Method.invoke(Method.java:498)
	at org.apache.maven.surefire.util.ReflectionUtils.invokeMethodWithArray(ReflectionUtils.java:189)
	at org.apache.maven.surefire.booter.ProviderFactory$ProviderProxy.invoke(ProviderFactory.java:165)
	at org.apache.maven.surefire.booter.ProviderFactory.invokeProvider(ProviderFactory.java:85)
	at org.apache.maven.surefire.booter.ForkedBooter.runSuitesInProcess(ForkedBooter.java:115)
	at org.apache.maven.surefire.booter.ForkedBooter.main(ForkedBooter.java:75)
Caused by: org.apache.http.conn.HttpHostConnectException: Connect to localhost:8888 [localhost/127.0.0.1, localhost/0:0:0:0:0:0:0:1] failed: Connection refused: connect
	at org.apache.http.impl.conn.HttpClientConnectionOperator.connect(HttpClientConnectionOperator.java:142)
	at org.apache.http.impl.conn.PoolingHttpClientConnectionManager.connect(PoolingHttpClientConnectionManager.java:319)
	at org.apache.http.impl.execchain.MainClientExec.establishRoute(MainClientExec.java:363)
	at org.apache.http.impl.execchain.MainClientExec.execute(MainClientExec.java:219)
	at org.apache.http.impl.execchain.ProtocolExec.execute(ProtocolExec.java:195)
	at org.apache.http.impl.execchain.RetryExec.execute(RetryExec.java:86)
	at org.apache.http.impl.execchain.RedirectExec.execute(RedirectExec.java:108)
	at org.apache.http.impl.client.InternalHttpClient.doExecute(InternalHttpClient.java:184)
	at org.apache.http.impl.client.CloseableHttpClient.execute(CloseableHttpClient.java:82)
	at org.apache.http.impl.client.CloseableHttpClient.execute(CloseableHttpClient.java:57)
	at org.springframework.http.client.HttpComponentsClientHttpRequest.executeInternal(HttpComponentsClientHttpRequest.java:89)
	at org.springframework.http.client.AbstractBufferingClientHttpRequest.executeInternal(AbstractBufferingClientHttpRequest.java:48)
	at org.springframework.http.client.AbstractClientHttpRequest.execute(AbstractClientHttpRequest.java:53)
	at org.springframework.web.client.RestTemplate.doExecute(RestTemplate.java:652)
	... 39 more
Caused by: java.net.ConnectException: Connection refused: connect
	at java.net.DualStackPlainSocketImpl.connect0(Native Method)
	at java.net.DualStackPlainSocketImpl.socketConnect(DualStackPlainSocketImpl.java:79)
	at java.net.AbstractPlainSocketImpl.doConnect(AbstractPlainSocketImpl.java:350)
	at java.net.AbstractPlainSocketImpl.connectToAddress(AbstractPlainSocketImpl.java:206)
	at java.net.AbstractPlainSocketImpl.connect(AbstractPlainSocketImpl.java:188)
	at java.net.PlainSocketImpl.connect(PlainSocketImpl.java:172)
	at java.net.SocksSocketImpl.connect(SocksSocketImpl.java:392)
	at java.net.Socket.connect(Socket.java:589)
	at org.apache.http.conn.socket.PlainConnectionSocketFactory.connectSocket(PlainConnectionSocketFactory.java:72)
	at org.apache.http.impl.conn.HttpClientConnectionOperator.connect(HttpClientConnectionOperator.java:125)
	... 52 more
</error>
    <system-out>2018-04-21 16:30:57.891 [oms-fcwechat] [main] INFO  o.s.c.s.PostProcessorRegistrationDelegate$BeanPostProcessorChecker - Bean &apos;com.glsx.oms.fcwechat.user.test.UserClientTest&apos; of type [class com.glsx.oms.fcwechat.user.test.UserClientTest] is not eligible for getting processed by all BeanPostProcessors (for example: not eligible for auto-proxying)
</system-out>
  </testcase>
  <testcase classname="com.glsx.oms.fcwechat.user.test.UserClientTest" name="testDelete" time="2.054">
    <error message="I/O error on DELETE request for &quot;http://localhost:8888/fcwechat/wechat/user/9999999&quot;: Connect to localhost:8888 [localhost/127.0.0.1, localhost/0:0:0:0:0:0:0:1] failed: Connection refused: connect; nested exception is org.apache.http.conn.HttpHostConnectException: Connect to localhost:8888 [localhost/127.0.0.1, localhost/0:0:0:0:0:0:0:1] failed: Connection refused: connect" type="org.springframework.web.client.ResourceAccessException">org.springframework.web.client.ResourceAccessException: I/O error on DELETE request for &quot;http://localhost:8888/fcwechat/wechat/user/9999999&quot;: Connect to localhost:8888 [localhost/127.0.0.1, localhost/0:0:0:0:0:0:0:1] failed: Connection refused: connect; nested exception is org.apache.http.conn.HttpHostConnectException: Connect to localhost:8888 [localhost/127.0.0.1, localhost/0:0:0:0:0:0:0:1] failed: Connection refused: connect
	at org.springframework.web.client.RestTemplate.doExecute(RestTemplate.java:666)
	at org.springframework.web.client.RestTemplate.execute(RestTemplate.java:613)
	at org.springframework.web.client.RestTemplate.delete(RestTemplate.java:485)
	at com.glsx.oms.fcwechat.user.rest.UserClient.delete(UserClient.java:33)
	at com.glsx.oms.fcwechat.user.test.UserClientTest.testDelete(UserClientTest.java:36)
	at sun.reflect.NativeMethodAccessorImpl.invoke0(Native Method)
	at sun.reflect.NativeMethodAccessorImpl.invoke(NativeMethodAccessorImpl.java:62)
	at sun.reflect.DelegatingMethodAccessorImpl.invoke(DelegatingMethodAccessorImpl.java:43)
	at java.lang.reflect.Method.invoke(Method.java:498)
	at org.junit.runners.model.FrameworkMethod$1.runReflectiveCall(FrameworkMethod.java:50)
	at org.junit.internal.runners.model.ReflectiveCallable.run(ReflectiveCallable.java:12)
	at org.junit.runners.model.FrameworkMethod.invokeExplosively(FrameworkMethod.java:47)
	at org.junit.internal.runners.statements.InvokeMethod.evaluate(InvokeMethod.java:17)
	at org.springframework.test.context.junit4.statements.RunBeforeTestMethodCallbacks.evaluate(RunBeforeTestMethodCallbacks.java:75)
	at org.springframework.test.context.junit4.statements.RunAfterTestMethodCallbacks.evaluate(RunAfterTestMethodCallbacks.java:86)
	at org.springframework.test.context.junit4.statements.SpringRepeat.evaluate(SpringRepeat.java:84)
	at org.junit.runners.ParentRunner.runLeaf(ParentRunner.java:325)
	at org.springframework.test.context.junit4.SpringJUnit4ClassRunner.runChild(SpringJUnit4ClassRunner.java:252)
	at org.springframework.test.context.junit4.SpringJUnit4ClassRunner.runChild(SpringJUnit4ClassRunner.java:94)
	at org.junit.runners.ParentRunner$3.run(ParentRunner.java:290)
	at org.junit.runners.ParentRunner$1.schedule(ParentRunner.java:71)
	at org.junit.runners.ParentRunner.runChildren(ParentRunner.java:288)
	at org.junit.runners.ParentRunner.access$000(ParentRunner.java:58)
	at org.junit.runners.ParentRunner$2.evaluate(ParentRunner.java:268)
	at org.springframework.test.context.junit4.statements.RunBeforeTestClassCallbacks.evaluate(RunBeforeTestClassCallbacks.java:61)
	at org.springframework.test.context.junit4.statements.RunAfterTestClassCallbacks.evaluate(RunAfterTestClassCallbacks.java:70)
	at org.junit.runners.ParentRunner.run(ParentRunner.java:363)
	at org.springframework.test.context.junit4.SpringJUnit4ClassRunner.run(SpringJUnit4ClassRunner.java:191)
	at org.apache.maven.surefire.junit4.JUnit4Provider.execute(JUnit4Provider.java:252)
	at org.apache.maven.surefire.junit4.JUnit4Provider.executeTestSet(JUnit4Provider.java:141)
	at org.apache.maven.surefire.junit4.JUnit4Provider.invoke(JUnit4Provider.java:112)
	at sun.reflect.NativeMethodAccessorImpl.invoke0(Native Method)
	at sun.reflect.NativeMethodAccessorImpl.invoke(NativeMethodAccessorImpl.java:62)
	at sun.reflect.DelegatingMethodAccessorImpl.invoke(DelegatingMethodAccessorImpl.java:43)
	at java.lang.reflect.Method.invoke(Method.java:498)
	at org.apache.maven.surefire.util.ReflectionUtils.invokeMethodWithArray(ReflectionUtils.java:189)
	at org.apache.maven.surefire.booter.ProviderFactory$ProviderProxy.invoke(ProviderFactory.java:165)
	at org.apache.maven.surefire.booter.ProviderFactory.invokeProvider(ProviderFactory.java:85)
	at org.apache.maven.surefire.booter.ForkedBooter.runSuitesInProcess(ForkedBooter.java:115)
	at org.apache.maven.surefire.booter.ForkedBooter.main(ForkedBooter.java:75)
Caused by: org.apache.http.conn.HttpHostConnectException: Connect to localhost:8888 [localhost/127.0.0.1, localhost/0:0:0:0:0:0:0:1] failed: Connection refused: connect
	at org.apache.http.impl.conn.HttpClientConnectionOperator.connect(HttpClientConnectionOperator.java:142)
	at org.apache.http.impl.conn.PoolingHttpClientConnectionManager.connect(PoolingHttpClientConnectionManager.java:319)
	at org.apache.http.impl.execchain.MainClientExec.establishRoute(MainClientExec.java:363)
	at org.apache.http.impl.execchain.MainClientExec.execute(MainClientExec.java:219)
	at org.apache.http.impl.execchain.ProtocolExec.execute(ProtocolExec.java:195)
	at org.apache.http.impl.execchain.RetryExec.execute(RetryExec.java:86)
	at org.apache.http.impl.execchain.RedirectExec.execute(RedirectExec.java:108)
	at org.apache.http.impl.client.InternalHttpClient.doExecute(InternalHttpClient.java:184)
	at org.apache.http.impl.client.CloseableHttpClient.execute(CloseableHttpClient.java:82)
	at org.apache.http.impl.client.CloseableHttpClient.execute(CloseableHttpClient.java:57)
	at org.springframework.http.client.HttpComponentsClientHttpRequest.executeInternal(HttpComponentsClientHttpRequest.java:89)
	at org.springframework.http.client.AbstractBufferingClientHttpRequest.executeInternal(AbstractBufferingClientHttpRequest.java:48)
	at org.springframework.http.client.AbstractClientHttpRequest.execute(AbstractClientHttpRequest.java:53)
	at org.springframework.web.client.RestTemplate.doExecute(RestTemplate.java:652)
	... 39 more
Caused by: java.net.ConnectException: Connection refused: connect
	at java.net.DualStackPlainSocketImpl.connect0(Native Method)
	at java.net.DualStackPlainSocketImpl.socketConnect(DualStackPlainSocketImpl.java:79)
	at java.net.AbstractPlainSocketImpl.doConnect(AbstractPlainSocketImpl.java:350)
	at java.net.AbstractPlainSocketImpl.connectToAddress(AbstractPlainSocketImpl.java:206)
	at java.net.AbstractPlainSocketImpl.connect(AbstractPlainSocketImpl.java:188)
	at java.net.PlainSocketImpl.connect(PlainSocketImpl.java:172)
	at java.net.SocksSocketImpl.connect(SocksSocketImpl.java:392)
	at java.net.Socket.connect(Socket.java:589)
	at org.apache.http.conn.socket.PlainConnectionSocketFactory.connectSocket(PlainConnectionSocketFactory.java:72)
	at org.apache.http.impl.conn.HttpClientConnectionOperator.connect(HttpClientConnectionOperator.java:125)
	... 52 more
</error>
    <system-out>2018-04-21 16:30:59.960 [oms-fcwechat] [main] INFO  o.s.c.s.PostProcessorRegistrationDelegate$BeanPostProcessorChecker - Bean &apos;com.glsx.oms.fcwechat.user.test.UserClientTest&apos; of type [class com.glsx.oms.fcwechat.user.test.UserClientTest] is not eligible for getting processed by all BeanPostProcessors (for example: not eligible for auto-proxying)
</system-out>
  </testcase>
  <testcase classname="com.glsx.oms.fcwechat.user.test.UserClientTest" name="testGetAll" time="2.012">
    <error message="I/O error on GET request for &quot;http://localhost:8888/fcwechat/wechat/user&quot;: Connect to localhost:8888 [localhost/127.0.0.1, localhost/0:0:0:0:0:0:0:1] failed: Connection refused: connect; nested exception is org.apache.http.conn.HttpHostConnectException: Connect to localhost:8888 [localhost/127.0.0.1, localhost/0:0:0:0:0:0:0:1] failed: Connection refused: connect" type="org.springframework.web.client.ResourceAccessException">org.springframework.web.client.ResourceAccessException: I/O error on GET request for &quot;http://localhost:8888/fcwechat/wechat/user&quot;: Connect to localhost:8888 [localhost/127.0.0.1, localhost/0:0:0:0:0:0:0:1] failed: Connection refused: connect; nested exception is org.apache.http.conn.HttpHostConnectException: Connect to localhost:8888 [localhost/127.0.0.1, localhost/0:0:0:0:0:0:0:1] failed: Connection refused: connect
	at org.springframework.web.client.RestTemplate.doExecute(RestTemplate.java:666)
	at org.springframework.web.client.RestTemplate.execute(RestTemplate.java:613)
	at org.springframework.web.client.RestTemplate.getForEntity(RestTemplate.java:312)
	at com.glsx.oms.fcwechat.user.rest.UserClient.getAll(UserClient.java:44)
	at com.glsx.oms.fcwechat.user.test.UserClientTest.testGetAll(UserClientTest.java:53)
	at sun.reflect.NativeMethodAccessorImpl.invoke0(Native Method)
	at sun.reflect.NativeMethodAccessorImpl.invoke(NativeMethodAccessorImpl.java:62)
	at sun.reflect.DelegatingMethodAccessorImpl.invoke(DelegatingMethodAccessorImpl.java:43)
	at java.lang.reflect.Method.invoke(Method.java:498)
	at org.junit.runners.model.FrameworkMethod$1.runReflectiveCall(FrameworkMethod.java:50)
	at org.junit.internal.runners.model.ReflectiveCallable.run(ReflectiveCallable.java:12)
	at org.junit.runners.model.FrameworkMethod.invokeExplosively(FrameworkMethod.java:47)
	at org.junit.internal.runners.statements.InvokeMethod.evaluate(InvokeMethod.java:17)
	at org.springframework.test.context.junit4.statements.RunBeforeTestMethodCallbacks.evaluate(RunBeforeTestMethodCallbacks.java:75)
	at org.springframework.test.context.junit4.statements.RunAfterTestMethodCallbacks.evaluate(RunAfterTestMethodCallbacks.java:86)
	at org.springframework.test.context.junit4.statements.SpringRepeat.evaluate(SpringRepeat.java:84)
	at org.junit.runners.ParentRunner.runLeaf(ParentRunner.java:325)
	at org.springframework.test.context.junit4.SpringJUnit4ClassRunner.runChild(SpringJUnit4ClassRunner.java:252)
	at org.springframework.test.context.junit4.SpringJUnit4ClassRunner.runChild(SpringJUnit4ClassRunner.java:94)
	at org.junit.runners.ParentRunner$3.run(ParentRunner.java:290)
	at org.junit.runners.ParentRunner$1.schedule(ParentRunner.java:71)
	at org.junit.runners.ParentRunner.runChildren(ParentRunner.java:288)
	at org.junit.runners.ParentRunner.access$000(ParentRunner.java:58)
	at org.junit.runners.ParentRunner$2.evaluate(ParentRunner.java:268)
	at org.springframework.test.context.junit4.statements.RunBeforeTestClassCallbacks.evaluate(RunBeforeTestClassCallbacks.java:61)
	at org.springframework.test.context.junit4.statements.RunAfterTestClassCallbacks.evaluate(RunAfterTestClassCallbacks.java:70)
	at org.junit.runners.ParentRunner.run(ParentRunner.java:363)
	at org.springframework.test.context.junit4.SpringJUnit4ClassRunner.run(SpringJUnit4ClassRunner.java:191)
	at org.apache.maven.surefire.junit4.JUnit4Provider.execute(JUnit4Provider.java:252)
	at org.apache.maven.surefire.junit4.JUnit4Provider.executeTestSet(JUnit4Provider.java:141)
	at org.apache.maven.surefire.junit4.JUnit4Provider.invoke(JUnit4Provider.java:112)
	at sun.reflect.NativeMethodAccessorImpl.invoke0(Native Method)
	at sun.reflect.NativeMethodAccessorImpl.invoke(NativeMethodAccessorImpl.java:62)
	at sun.reflect.DelegatingMethodAccessorImpl.invoke(DelegatingMethodAccessorImpl.java:43)
	at java.lang.reflect.Method.invoke(Method.java:498)
	at org.apache.maven.surefire.util.ReflectionUtils.invokeMethodWithArray(ReflectionUtils.java:189)
	at org.apache.maven.surefire.booter.ProviderFactory$ProviderProxy.invoke(ProviderFactory.java:165)
	at org.apache.maven.surefire.booter.ProviderFactory.invokeProvider(ProviderFactory.java:85)
	at org.apache.maven.surefire.booter.ForkedBooter.runSuitesInProcess(ForkedBooter.java:115)
	at org.apache.maven.surefire.booter.ForkedBooter.main(ForkedBooter.java:75)
Caused by: org.apache.http.conn.HttpHostConnectException: Connect to localhost:8888 [localhost/127.0.0.1, localhost/0:0:0:0:0:0:0:1] failed: Connection refused: connect
	at org.apache.http.impl.conn.HttpClientConnectionOperator.connect(HttpClientConnectionOperator.java:142)
	at org.apache.http.impl.conn.PoolingHttpClientConnectionManager.connect(PoolingHttpClientConnectionManager.java:319)
	at org.apache.http.impl.execchain.MainClientExec.establishRoute(MainClientExec.java:363)
	at org.apache.http.impl.execchain.MainClientExec.execute(MainClientExec.java:219)
	at org.apache.http.impl.execchain.ProtocolExec.execute(ProtocolExec.java:195)
	at org.apache.http.impl.execchain.RetryExec.execute(RetryExec.java:86)
	at org.apache.http.impl.execchain.RedirectExec.execute(RedirectExec.java:108)
	at org.apache.http.impl.client.InternalHttpClient.doExecute(InternalHttpClient.java:184)
	at org.apache.http.impl.client.CloseableHttpClient.execute(CloseableHttpClient.java:82)
	at org.apache.http.impl.client.CloseableHttpClient.execute(CloseableHttpClient.java:57)
	at org.springframework.http.client.HttpComponentsClientHttpRequest.executeInternal(HttpComponentsClientHttpRequest.java:89)
	at org.springframework.http.client.AbstractBufferingClientHttpRequest.executeInternal(AbstractBufferingClientHttpRequest.java:48)
	at org.springframework.http.client.AbstractClientHttpRequest.execute(AbstractClientHttpRequest.java:53)
	at org.springframework.web.client.RestTemplate.doExecute(RestTemplate.java:652)
	... 39 more
Caused by: java.net.ConnectException: Connection refused: connect
	at java.net.DualStackPlainSocketImpl.connect0(Native Method)
	at java.net.DualStackPlainSocketImpl.socketConnect(DualStackPlainSocketImpl.java:79)
	at java.net.AbstractPlainSocketImpl.doConnect(AbstractPlainSocketImpl.java:350)
	at java.net.AbstractPlainSocketImpl.connectToAddress(AbstractPlainSocketImpl.java:206)
	at java.net.AbstractPlainSocketImpl.connect(AbstractPlainSocketImpl.java:188)
	at java.net.PlainSocketImpl.connect(PlainSocketImpl.java:172)
	at java.net.SocksSocketImpl.connect(SocksSocketImpl.java:392)
	at java.net.Socket.connect(Socket.java:589)
	at org.apache.http.conn.socket.PlainConnectionSocketFactory.connectSocket(PlainConnectionSocketFactory.java:72)
	at org.apache.http.impl.conn.HttpClientConnectionOperator.connect(HttpClientConnectionOperator.java:125)
	... 52 more
</error>
    <system-out>2018-04-21 16:31:01.979 [oms-fcwechat] [main] INFO  o.s.c.s.PostProcessorRegistrationDelegate$BeanPostProcessorChecker - Bean &apos;com.glsx.oms.fcwechat.user.test.UserClientTest&apos; of type [class com.glsx.oms.fcwechat.user.test.UserClientTest] is not eligible for getting processed by all BeanPostProcessors (for example: not eligible for auto-proxying)
</system-out>
  </testcase>
</testsuite>